# Logfile created on 2022-01-17 10:30:03 -0500 by logger.rb/v1.5.0
I, [2022-01-17T10:30:03.857080 #2934368]  INFO -- rune.rb-0.0.1-tinderbox: (0.000823s) PRAGMA foreign_keys = 1
I, [2022-01-17T10:30:03.857185 #2934368]  INFO -- rune.rb-0.0.1-tinderbox: (0.000026s) PRAGMA case_sensitive_like = 1
I, [2022-01-17T10:30:03.857625 #2934368]  INFO -- rune.rb-0.0.1-tinderbox: (0.000180s) PRAGMA foreign_keys = 1
I, [2022-01-17T10:30:03.857688 #2934368]  INFO -- rune.rb-0.0.1-tinderbox: (0.000022s) PRAGMA case_sensitive_like = 1
I, [2022-01-17T10:30:03.858150 #2934368]  INFO -- rune.rb-0.0.1-tinderbox: (0.000183s) PRAGMA foreign_keys = 1
I, [2022-01-17T10:30:03.858204 #2934368]  INFO -- rune.rb-0.0.1-tinderbox: (0.000019s) PRAGMA case_sensitive_like = 1
W, [2022-01-17T10:30:03.907670 #2934368]  WARN -- rune.rb: [10:30] Deployed new World instance. [signature: 13777729991483302888]
W, [2022-01-17T10:30:03.915744 #2934368]  WARN -- rune.rb: [10:30] Deployed new Server instance. [signature: 2]
I, [2022-01-17T10:30:03.915997 #2934368]  INFO -- rune.rb: [10:30] Controller is running rune.rb-0.0.1-tinderbox for protocol 317 @ 0.0.0.0:43594
W, [2022-01-17T10:30:39.214444 #2934368]  WARN -- rune.rb: [10:30] New Session created @ 192.168.1.64
I, [2022-01-17T10:30:39.215545 #2934368]  INFO -- rune.rb: [10:30] [ConnectionType]: Login from 192.168.1.64
I, [2022-01-17T10:30:39.222460 #2934368]  INFO -- rune.rb-0.0.1-tinderbox: (0.000143s) SELECT sqlite_version()
I, [2022-01-17T10:30:39.222816 #2934368]  INFO -- rune.rb-0.0.1-tinderbox: (0.000176s) PRAGMA table_xinfo('player_profile')
I, [2022-01-17T10:30:39.224288 #2934368]  INFO -- rune.rb-0.0.1-tinderbox: (0.000241s) PRAGMA table_xinfo('player_appearance')
I, [2022-01-17T10:30:39.226107 #2934368]  INFO -- rune.rb-0.0.1-tinderbox: (0.000099s) PRAGMA table_xinfo('player_items')
I, [2022-01-17T10:30:39.227164 #2934368]  INFO -- rune.rb-0.0.1-tinderbox: (0.000124s) PRAGMA table_xinfo('player_settings')
I, [2022-01-17T10:30:39.228446 #2934368]  INFO -- rune.rb-0.0.1-tinderbox: (0.000122s) PRAGMA table_xinfo('player_attributes')
I, [2022-01-17T10:30:39.231593 #2934368]  INFO -- rune.rb-0.0.1-tinderbox: (0.002103s) PRAGMA table_xinfo('player_skills')
I, [2022-01-17T10:30:39.234435 #2934368]  INFO -- rune.rb-0.0.1-tinderbox: (0.000117s) PRAGMA table_xinfo('player_location')
I, [2022-01-17T10:30:39.235281 #2934368]  INFO -- rune.rb-0.0.1-tinderbox: (0.000090s) SELECT * FROM `player_profile` WHERE (`username` = 'pat') LIMIT 1
I, [2022-01-17T10:30:39.235430 #2934368]  INFO -- rune.rb: [10:30] Authenticating session for user pat
I, [2022-01-17T10:30:39.240075 #2934368]  INFO -- rune.rb-0.0.1-tinderbox: (0.004474s) INSERT INTO `player_profile` (`username`, `password`, `name_hash`, `id`) VALUES ('pat', 'nice', 21961, '13777730287587624056')
I, [2022-01-17T10:30:39.245648 #2934368]  INFO -- rune.rb-0.0.1-tinderbox: (0.005439s) INSERT INTO `player_attributes` (`id`) VALUES ('13777730287587624056')
I, [2022-01-17T10:30:39.249209 #2934368]  INFO -- rune.rb-0.0.1-tinderbox: (0.003415s) INSERT INTO `player_appearance` (`id`) VALUES ('13777730287587624056')
I, [2022-01-17T10:30:39.253284 #2934368]  INFO -- rune.rb-0.0.1-tinderbox: (0.003971s) INSERT INTO `player_settings` (`id`) VALUES ('13777730287587624056')
I, [2022-01-17T10:30:39.257921 #2934368]  INFO -- rune.rb-0.0.1-tinderbox: (0.004531s) INSERT INTO `player_skills` (`id`) VALUES ('13777730287587624056')
I, [2022-01-17T10:30:39.262233 #2934368]  INFO -- rune.rb-0.0.1-tinderbox: (0.004207s) INSERT INTO `player_location` (`id`) VALUES ('13777730287587624056')
I, [2022-01-17T10:30:39.265581 #2934368]  INFO -- rune.rb-0.0.1-tinderbox: (0.003245s) INSERT INTO `player_items` (`id`) VALUES ('13777730287587624056')
I, [2022-01-17T10:30:39.265810 #2934368]  INFO -- rune.rb-0.0.1-tinderbox: (0.000144s) SELECT * FROM `player_profile` WHERE `id` = '13777730287587624056'
I, [2022-01-17T10:30:39.266529 #2934368]  INFO -- rune.rb-0.0.1-tinderbox: (0.000121s) SELECT * FROM `player_attributes` WHERE (`player_attributes`.`id` = '13777730287587624056') LIMIT 1
I, [2022-01-17T10:30:39.266804 #2934368]  INFO -- rune.rb: [10:30] Welcome, Pat!
I, [2022-01-17T10:30:39.271825 #2934368]  INFO -- rune.rb-0.0.1-tinderbox: (0.000150s) SELECT * FROM `player_location` WHERE (`player_location`.`id` = '13777730287587624056') LIMIT 1
W, [2022-01-17T10:30:39.273139 #2934368]  WARN -- rune.rb: [10:30] Attached to Session 13777730287587624056!
I, [2022-01-17T10:30:39.273633 #2934368]  INFO -- rune.rb-0.0.1-tinderbox: (0.000188s) SELECT * FROM `player_appearance` WHERE (`player_appearance`.`id` = '13777730287587624056') LIMIT 1
I, [2022-01-17T10:30:39.274689 #2934368]  INFO -- rune.rb-0.0.1-tinderbox: (0.000061s) SELECT sqlite_version()
I, [2022-01-17T10:30:39.274983 #2934368]  INFO -- rune.rb-0.0.1-tinderbox: (0.000150s) PRAGMA table_xinfo('game_item_definitions')
I, [2022-01-17T10:30:39.276991 #2934368]  INFO -- rune.rb-0.0.1-tinderbox: (0.000082s) SELECT * FROM `game_item_definitions`
I, [2022-01-17T10:30:39.277676 #2934368]  INFO -- rune.rb-0.0.1-tinderbox: (0.000171s) PRAGMA table_xinfo('game_equipment_definitions')
I, [2022-01-17T10:30:39.279365 #2934368]  INFO -- rune.rb-0.0.1-tinderbox: (0.000103s) PRAGMA table_xinfo('game_item_spawns')
I, [2022-01-17T10:30:39.280140 #2934368]  INFO -- rune.rb: [10:30] Loaded Equipment for pat
I, [2022-01-17T10:30:39.284468 #2934368]  INFO -- rune.rb-0.0.1-tinderbox: (0.000232s) SELECT * FROM `player_skills` WHERE (`player_skills`.`id` = '13777730287587624056') LIMIT 1
I, [2022-01-17T10:30:39.377602 #2934368]  INFO -- rune.rb: [10:30] Wrote [x: 54, y: 54]
W, [2022-01-17T10:30:39.895899 #2934368]  WARN -- rune.rb: [10:30] Received heartbeat
W, [2022-01-17T10:30:40.558520 #2934368]  WARN -- rune.rb: [10:30] Received heartbeat
W, [2022-01-17T10:30:40.960597 #2934368]  WARN -- rune.rb: [10:30] Received heartbeat
W, [2022-01-17T10:30:41.629702 #2934368]  WARN -- rune.rb: [10:30] Received heartbeat
I, [2022-01-17T10:30:42.375930 #2934368]  INFO -- rune.rb: [10:30] Ping Received! [210]
I, [2022-01-17T10:30:42.597922 #2934368]  INFO -- rune.rb: [10:30] Ping Received! [121]
W, [2022-01-17T10:30:42.884947 #2934368]  WARN -- rune.rb: [10:30] Received heartbeat
W, [2022-01-17T10:30:43.941459 #2934368]  WARN -- rune.rb: [10:30] [DELAY_SINCE:] 107050
W, [2022-01-17T10:30:43.941602 #2934368]  WARN -- rune.rb: [10:30] [X:] 232
W, [2022-01-17T10:30:43.941692 #2934368]  WARN -- rune.rb: [10:30] [X:] 232
W, [2022-01-17T10:30:44.060751 #2934368]  WARN -- rune.rb: [10:30] [DELAY_SINCE:] 650
W, [2022-01-17T10:30:44.060875 #2934368]  WARN -- rune.rb: [10:30] [X:] 8
W, [2022-01-17T10:30:44.060965 #2934368]  WARN -- rune.rb: [10:30] [X:] 8
W, [2022-01-17T10:30:44.264111 #2934368]  WARN -- rune.rb: [10:30] [Button:] 2458
I, [2022-01-17T10:30:44.264941 #2934368]  INFO -- rune.rb-0.0.1-tinderbox: (0.000168s) SELECT * FROM `player_items` WHERE (`player_items`.`id` = '13777730287587624056') LIMIT 1
I, [2022-01-17T10:30:44.267327 #2934368]  INFO -- rune.rb-0.0.1-tinderbox: (0.000028s) BEGIN
I, [2022-01-17T10:30:44.267922 #2934368]  INFO -- rune.rb-0.0.1-tinderbox: (0.000166s) UPDATE `player_items` SET `equipment` = '{"HAT":{"id":-1,"amount":0},"CAPE":{"id":-1,"amount":0},"AMULET":{"id":-1,"amount":0},"WEAPON":{"id":-1,"amount":0},"CHEST":{"id":-1,"amount":0},"SHIELD":{"id":-1,"amount":0},"LEGS":{"id":-1,"amount":0},"GLOVES":{"id":-1,"amount":0},"BOOTS":{"id":-1,"amount":0},"RING":{"id":-1,"amount":0},"ARROWS":{"id":-1,"amount":0}}' WHERE (`id` = '13777730287587624056')
I, [2022-01-17T10:30:44.276070 #2934368]  INFO -- rune.rb-0.0.1-tinderbox: (0.008056s) COMMIT
I, [2022-01-17T10:30:44.276525 #2934368]  INFO -- rune.rb-0.0.1-tinderbox: (0.000033s) BEGIN
I, [2022-01-17T10:30:44.276898 #2934368]  INFO -- rune.rb-0.0.1-tinderbox: (0.000138s) UPDATE `player_location` SET `prev_x` = 3222, `prev_y` = 3222 WHERE (`id` = '13777730287587624056')
I, [2022-01-17T10:30:44.280145 #2934368]  INFO -- rune.rb-0.0.1-tinderbox: (0.003181s) COMMIT
I, [2022-01-17T10:30:44.280374 #2934368]  INFO -- rune.rb: [10:30] Released Context for Pat
I, [2022-01-17T10:30:44.280510 #2934368]  INFO -- rune.rb: [10:30] See ya, Pat!
W, [2022-01-17T10:30:44.280664 #2934368]  WARN -- rune.rb: [10:30] Session ended by client.
W, [2022-01-17T10:30:44.280902 #2934368]  WARN -- rune.rb: [10:30] [IP:] 192.168.1.64 || [ID:] 13777730287587624056 || [UP:] 0 days, 0 hours, 0 minutes, and 5 seconds || [LOGIN_STAGE:] logged_out
I, [2022-01-17T10:30:44.281314 #2934368]  INFO -- rune.rb-0.0.1-tinderbox: (0.000035s) BEGIN
I, [2022-01-17T10:30:44.281696 #2934368]  INFO -- rune.rb-0.0.1-tinderbox: (0.000146s) UPDATE `player_attributes` SET `last_login_stamp` = '2022-01-17 10:30:44 -0500', `last_login_ip` = '192.168.1.64' WHERE (`id` = '13777730287587624056')
I, [2022-01-17T10:30:44.286614 #2934368]  INFO -- rune.rb-0.0.1-tinderbox: (0.004847s) COMMIT
W, [2022-01-17T10:30:44.286779 #2934368]  WARN -- rune.rb: [10:30] Detached from World instance!
W, [2022-01-17T10:39:05.880064 #2934368]  WARN -- rune.rb: [10:39] Caught INTERRUPT!
W, [2022-01-17T10:39:05.880299 #2934368]  WARN -- rune.rb: [10:39] Shutting Down...
W, [2022-01-17T10:39:05.880512 #2934368]  WARN -- rune.rb: [10:39] Ended 0 sessions..
W, [2022-01-17T10:39:05.880721 #2934368]  WARN -- rune.rb: [10:39] Total Instance Up-time: 0 days, 0 hours, 9 minutes, and 1 seconds
W, [2022-01-17T10:39:05.880926 #2934368]  WARN -- rune.rb: [10:39] Closed world with signature - 13777729991483302888.
W, [2022-01-17T10:39:05.881139 #2934368]  WARN -- rune.rb: [10:39] Closed 1 worlds.
W, [2022-01-17T10:39:05.881328 #2934368]  WARN -- rune.rb: [10:39] Closed server with signature - 2
W, [2022-01-17T10:39:05.881686 #2934368]  WARN -- rune.rb: [10:39] Closed 1 servers.
W, [2022-01-17T10:39:06.882301 #2934368]  WARN -- rune.rb: [10:39] Stopped EM Reactor!
I, [2022-01-17T10:39:08.913432 #2945089]  INFO -- rune.rb-0.0.1-tinderbox: (0.000333s) PRAGMA foreign_keys = 1
I, [2022-01-17T10:39:08.913548 #2945089]  INFO -- rune.rb-0.0.1-tinderbox: (0.000025s) PRAGMA case_sensitive_like = 1
I, [2022-01-17T10:39:08.913966 #2945089]  INFO -- rune.rb-0.0.1-tinderbox: (0.000140s) PRAGMA foreign_keys = 1
I, [2022-01-17T10:39:08.914018 #2945089]  INFO -- rune.rb-0.0.1-tinderbox: (0.000018s) PRAGMA case_sensitive_like = 1
I, [2022-01-17T10:39:08.914342 #2945089]  INFO -- rune.rb-0.0.1-tinderbox: (0.000116s) PRAGMA foreign_keys = 1
I, [2022-01-17T10:39:08.914398 #2945089]  INFO -- rune.rb-0.0.1-tinderbox: (0.000025s) PRAGMA case_sensitive_like = 1
W, [2022-01-17T10:39:08.951950 #2945089]  WARN -- rune.rb: [10:39] Deployed new World instance. [signature: 13777734563642557617]
W, [2022-01-17T10:39:08.958884 #2945089]  WARN -- rune.rb: [10:39] Deployed new Server instance. [signature: 2]
I, [2022-01-17T10:39:08.959108 #2945089]  INFO -- rune.rb: [10:39] Controller is running rune.rb-0.0.1-tinderbox for protocol 317 @ 0.0.0.0:43594
W, [2022-01-17T10:39:16.889752 #2945089]  WARN -- rune.rb: [10:39] New Session created @ 192.168.1.64
I, [2022-01-17T10:39:16.890489 #2945089]  INFO -- rune.rb: [10:39] [ConnectionType]: Login from 192.168.1.64
I, [2022-01-17T10:39:16.896479 #2945089]  INFO -- rune.rb-0.0.1-tinderbox: (0.000141s) SELECT sqlite_version()
I, [2022-01-17T10:39:16.896810 #2945089]  INFO -- rune.rb-0.0.1-tinderbox: (0.000161s) PRAGMA table_xinfo('player_profile')
I, [2022-01-17T10:39:16.898030 #2945089]  INFO -- rune.rb-0.0.1-tinderbox: (0.000236s) PRAGMA table_xinfo('player_appearance')
I, [2022-01-17T10:39:16.899595 #2945089]  INFO -- rune.rb-0.0.1-tinderbox: (0.000089s) PRAGMA table_xinfo('player_items')
I, [2022-01-17T10:39:16.900463 #2945089]  INFO -- rune.rb-0.0.1-tinderbox: (0.000123s) PRAGMA table_xinfo('player_settings')
I, [2022-01-17T10:39:16.901519 #2945089]  INFO -- rune.rb-0.0.1-tinderbox: (0.000119s) PRAGMA table_xinfo('player_attributes')
I, [2022-01-17T10:39:16.902834 #2945089]  INFO -- rune.rb-0.0.1-tinderbox: (0.000425s) PRAGMA table_xinfo('player_skills')
I, [2022-01-17T10:39:16.905433 #2945089]  INFO -- rune.rb-0.0.1-tinderbox: (0.000129s) PRAGMA table_xinfo('player_location')
I, [2022-01-17T10:39:16.906297 #2945089]  INFO -- rune.rb-0.0.1-tinderbox: (0.000094s) SELECT * FROM `player_profile` WHERE (`username` = 'pat') LIMIT 1
I, [2022-01-17T10:39:16.906451 #2945089]  INFO -- rune.rb: [10:39] Authenticating session for user pat
I, [2022-01-17T10:39:16.934293 #2945089]  INFO -- rune.rb-0.0.1-tinderbox: (0.027684s) INSERT INTO `player_profile` (`username`, `password`, `name_hash`, `id`) VALUES ('pat', 'nice', 21961, '13777734630199482933')
I, [2022-01-17T10:39:16.957764 #2945089]  INFO -- rune.rb-0.0.1-tinderbox: (0.023304s) INSERT INTO `player_attributes` (`id`) VALUES ('13777734630199482933')
I, [2022-01-17T10:39:16.961988 #2945089]  INFO -- rune.rb-0.0.1-tinderbox: (0.004056s) INSERT INTO `player_appearance` (`id`) VALUES ('13777734630199482933')
I, [2022-01-17T10:39:16.965466 #2945089]  INFO -- rune.rb-0.0.1-tinderbox: (0.003391s) INSERT INTO `player_settings` (`id`) VALUES ('13777734630199482933')
I, [2022-01-17T10:39:16.969491 #2945089]  INFO -- rune.rb-0.0.1-tinderbox: (0.003934s) INSERT INTO `player_skills` (`id`) VALUES ('13777734630199482933')
I, [2022-01-17T10:39:16.974205 #2945089]  INFO -- rune.rb-0.0.1-tinderbox: (0.004601s) INSERT INTO `player_location` (`id`) VALUES ('13777734630199482933')
I, [2022-01-17T10:39:16.978468 #2945089]  INFO -- rune.rb-0.0.1-tinderbox: (0.004178s) INSERT INTO `player_items` (`id`) VALUES ('13777734630199482933')
I, [2022-01-17T10:39:16.978671 #2945089]  INFO -- rune.rb-0.0.1-tinderbox: (0.000131s) SELECT * FROM `player_profile` WHERE `id` = '13777734630199482933'
I, [2022-01-17T10:39:16.978848 #2945089]  INFO -- rune.rb: [10:39] Registered new profile for Pat
I, [2022-01-17T10:39:16.978944 #2945089]  INFO -- rune.rb: [10:39] Pat has joined for the first time!
I, [2022-01-17T10:39:16.982050 #2945089]  INFO -- rune.rb-0.0.1-tinderbox: (0.000103s) SELECT * FROM `player_location` WHERE (`player_location`.`id` = '13777734630199482933') LIMIT 1
W, [2022-01-17T10:39:16.982857 #2945089]  WARN -- rune.rb: [10:39] Attached to Session 13777734630199482933!
I, [2022-01-17T10:39:16.983193 #2945089]  INFO -- rune.rb-0.0.1-tinderbox: (0.000109s) SELECT * FROM `player_attributes` WHERE (`player_attributes`.`id` = '13777734630199482933') LIMIT 1
I, [2022-01-17T10:39:16.983535 #2945089]  INFO -- rune.rb-0.0.1-tinderbox: (0.000137s) SELECT * FROM `player_appearance` WHERE (`player_appearance`.`id` = '13777734630199482933') LIMIT 1
I, [2022-01-17T10:39:16.984228 #2945089]  INFO -- rune.rb-0.0.1-tinderbox: (0.000053s) SELECT sqlite_version()
I, [2022-01-17T10:39:16.984490 #2945089]  INFO -- rune.rb-0.0.1-tinderbox: (0.000142s) PRAGMA table_xinfo('game_item_definitions')
I, [2022-01-17T10:39:16.986088 #2945089]  INFO -- rune.rb-0.0.1-tinderbox: (0.000080s) SELECT * FROM `game_item_definitions`
I, [2022-01-17T10:39:16.986571 #2945089]  INFO -- rune.rb-0.0.1-tinderbox: (0.000161s) PRAGMA table_xinfo('game_equipment_definitions')
I, [2022-01-17T10:39:16.987897 #2945089]  INFO -- rune.rb-0.0.1-tinderbox: (0.000102s) PRAGMA table_xinfo('game_item_spawns')
I, [2022-01-17T10:39:16.988612 #2945089]  INFO -- rune.rb: [10:39] Loaded Equipment for pat
I, [2022-01-17T10:39:16.991042 #2945089]  INFO -- rune.rb-0.0.1-tinderbox: (0.000250s) SELECT * FROM `player_skills` WHERE (`player_skills`.`id` = '13777734630199482933') LIMIT 1
I, [2022-01-17T10:39:17.367899 #2945089]  INFO -- rune.rb: [10:39] Wrote [x: 54, y: 54]
W, [2022-01-17T10:39:20.116590 #2945089]  WARN -- rune.rb: [10:39] New Session created @ 192.168.1.64
I, [2022-01-17T10:39:20.116887 #2945089]  INFO -- rune.rb: [10:39] [ConnectionType]: Login from 192.168.1.64
I, [2022-01-17T10:39:20.121255 #2945089]  INFO -- rune.rb-0.0.1-tinderbox: (0.000157s) SELECT * FROM `player_profile` WHERE (`username` = 'pat') LIMIT 1
I, [2022-01-17T10:39:20.121378 #2945089]  INFO -- rune.rb: [10:39] Authenticating session for user pat
I, [2022-01-17T10:39:20.121593 #2945089]  INFO -- rune.rb-0.0.1-tinderbox: (0.000131s) SELECT * FROM `player_attributes` WHERE (`player_attributes`.`id` = '13777734630199482933') LIMIT 1
I, [2022-01-17T10:39:20.124831 #2945089]  INFO -- rune.rb-0.0.1-tinderbox: (0.000094s) SELECT sqlite_version()
I, [2022-01-17T10:39:20.125055 #2945089]  INFO -- rune.rb-0.0.1-tinderbox: (0.000094s) PRAGMA table_xinfo('system_banned_names')
I, [2022-01-17T10:39:20.125626 #2945089]  INFO -- rune.rb-0.0.1-tinderbox: (0.000069s) SELECT * FROM `system_banned_names`
W, [2022-01-17T10:39:20.125876 #2945089]  WARN -- rune.rb: [10:39] Conflicting Context! Object: [profile: pat]  Offender: [session: 192.168.1.64]!
I, [2022-01-17T10:39:20.126272 #2945089]  INFO -- rune.rb-0.0.1-tinderbox: (0.000096s) SELECT * FROM `player_items` WHERE (`player_items`.`id` = '13777734630199482933') LIMIT 1
I, [2022-01-17T10:39:20.126638 #2945089]  INFO -- rune.rb-0.0.1-tinderbox: (0.000021s) BEGIN
I, [2022-01-17T10:39:20.127083 #2945089]  INFO -- rune.rb-0.0.1-tinderbox: (0.000137s) UPDATE `player_items` SET `equipment` = '{"HAT":{"id":-1,"amount":0},"CAPE":{"id":-1,"amount":0},"AMULET":{"id":-1,"amount":0},"WEAPON":{"id":-1,"amount":0},"CHEST":{"id":-1,"amount":0},"SHIELD":{"id":-1,"amount":0},"LEGS":{"id":-1,"amount":0},"GLOVES":{"id":-1,"amount":0},"BOOTS":{"id":-1,"amount":0},"RING":{"id":-1,"amount":0},"ARROWS":{"id":-1,"amount":0}}' WHERE (`id` = '13777734630199482933')
I, [2022-01-17T10:39:20.133867 #2945089]  INFO -- rune.rb-0.0.1-tinderbox: (0.006713s) COMMIT
I, [2022-01-17T10:39:20.134255 #2945089]  INFO -- rune.rb-0.0.1-tinderbox: (0.000025s) BEGIN
I, [2022-01-17T10:39:20.134598 #2945089]  INFO -- rune.rb-0.0.1-tinderbox: (0.000122s) UPDATE `player_location` SET `prev_x` = 3222, `prev_y` = 3222 WHERE (`id` = '13777734630199482933')
I, [2022-01-17T10:39:20.138657 #2945089]  INFO -- rune.rb-0.0.1-tinderbox: (0.004013s) COMMIT
I, [2022-01-17T10:39:20.138842 #2945089]  INFO -- rune.rb: [10:39] Released Context for Pat
I, [2022-01-17T10:39:20.138949 #2945089]  INFO -- rune.rb: [10:39] See ya, Pat!
W, [2022-01-17T10:39:20.139097 #2945089]  WARN -- rune.rb: [10:39] Session ended by client.
W, [2022-01-17T10:39:20.139291 #2945089]  WARN -- rune.rb: [10:39] [IP:] 192.168.1.64 || [ID:] 13777734630199482933 || [UP:] 0 days, 0 hours, 0 minutes, and 3 seconds || [LOGIN_STAGE:] logged_out
I, [2022-01-17T10:39:20.139602 #2945089]  INFO -- rune.rb-0.0.1-tinderbox: (0.000021s) BEGIN
I, [2022-01-17T10:39:20.139918 #2945089]  INFO -- rune.rb-0.0.1-tinderbox: (0.000113s) UPDATE `player_attributes` SET `last_login_stamp` = '2022-01-17 10:39:20 -0500', `last_login_ip` = '192.168.1.64' WHERE (`id` = '13777734630199482933')
I, [2022-01-17T10:39:20.143058 #2945089]  INFO -- rune.rb-0.0.1-tinderbox: (0.003089s) COMMIT
W, [2022-01-17T10:39:20.143177 #2945089]  WARN -- rune.rb: [10:39] Detached from World instance!
I, [2022-01-17T10:39:20.143280 #2945089]  INFO -- rune.rb: [10:39] Released Context for Pat
I, [2022-01-17T10:39:20.143475 #2945089]  INFO -- rune.rb: [10:39] See ya, Pat!
I, [2022-01-17T10:39:20.143940 #2945089]  INFO -- rune.rb-0.0.1-tinderbox: (0.000123s) SELECT * FROM `player_profile` WHERE (`username` = 'pat') LIMIT 1
I, [2022-01-17T10:39:20.144040 #2945089]  INFO -- rune.rb: [10:39] Authenticating session for user pat
I, [2022-01-17T10:39:20.144212 #2945089]  INFO -- rune.rb-0.0.1-tinderbox: (0.000101s) SELECT * FROM `player_attributes` WHERE (`player_attributes`.`id` = '13777734630199482933') LIMIT 1
I, [2022-01-17T10:39:20.144353 #2945089]  INFO -- rune.rb-0.0.1-tinderbox: (0.000064s) SELECT * FROM `system_banned_names`
I, [2022-01-17T10:39:20.144505 #2945089]  INFO -- rune.rb: [10:39] Welcome, Pat!
I, [2022-01-17T10:39:20.144665 #2945089]  INFO -- rune.rb-0.0.1-tinderbox: (0.000090s) SELECT * FROM `player_location` WHERE (`player_location`.`id` = '13777734630199482933') LIMIT 1
W, [2022-01-17T10:39:20.144800 #2945089]  WARN -- rune.rb: [10:39] Attached to Session 13777734657301155228!
I, [2022-01-17T10:39:20.145007 #2945089]  INFO -- rune.rb-0.0.1-tinderbox: (0.000145s) SELECT * FROM `player_appearance` WHERE (`player_appearance`.`id` = '13777734630199482933') LIMIT 1
I, [2022-01-17T10:39:20.145149 #2945089]  INFO -- rune.rb: [10:39] Loaded Equipment for pat
I, [2022-01-17T10:39:20.145443 #2945089]  INFO -- rune.rb-0.0.1-tinderbox: (0.000231s) SELECT * FROM `player_skills` WHERE (`player_skills`.`id` = '13777734630199482933') LIMIT 1
I, [2022-01-17T10:39:20.371755 #2945089]  INFO -- rune.rb: [10:39] Wrote [x: 54, y: 54]
W, [2022-01-17T10:39:20.514941 #2945089]  WARN -- rune.rb: [10:39] Received heartbeat
W, [2022-01-17T10:39:21.476265 #2945089]  WARN -- rune.rb: [10:39] Received heartbeat
W, [2022-01-17T10:39:22.526503 #2945089]  WARN -- rune.rb: [10:39] Received heartbeat
W, [2022-01-17T10:39:23.576290 #2945089]  WARN -- rune.rb: [10:39] Received heartbeat
I, [2022-01-17T10:39:24.626094 #2945089]  INFO -- rune.rb: [10:39] Ping Received! [210]
I, [2022-01-17T10:39:25.674444 #2945089]  INFO -- rune.rb: [10:39] Ping Received! [121]
W, [2022-01-17T10:39:25.755980 #2945089]  WARN -- rune.rb: [10:39] Received heartbeat
W, [2022-01-17T10:39:26.478215 #2945089]  WARN -- rune.rb: [10:39] Received heartbeat
W, [2022-01-17T10:39:27.056096 #2945089]  WARN -- rune.rb: [10:39] Received heartbeat
W, [2022-01-17T10:39:28.105872 #2945089]  WARN -- rune.rb: [10:39] Received heartbeat
W, [2022-01-17T10:39:29.156943 #2945089]  WARN -- rune.rb: [10:39] Received heartbeat
W, [2022-01-17T10:39:30.204955 #2945089]  WARN -- rune.rb: [10:39] [DELAY_SINCE:] 17400
W, [2022-01-17T10:39:30.205071 #2945089]  WARN -- rune.rb: [10:39] [X:] 725
W, [2022-01-17T10:39:30.205134 #2945089]  WARN -- rune.rb: [10:39] [X:] 725
W, [2022-01-17T10:39:30.392265 #2945089]  WARN -- rune.rb: [10:39] [DELAY_SINCE:] 700
W, [2022-01-17T10:39:30.392377 #2945089]  WARN -- rune.rb: [10:39] [X:] 41
W, [2022-01-17T10:39:30.392440 #2945089]  WARN -- rune.rb: [10:39] [X:] 41
W, [2022-01-17T10:39:31.441005 #2945089]  WARN -- rune.rb: [10:39] [Button:] 2458
I, [2022-01-17T10:39:31.441905 #2945089]  INFO -- rune.rb-0.0.1-tinderbox: (0.000747s) SELECT * FROM `player_items` WHERE (`player_items`.`id` = '13777734630199482933') LIMIT 1
I, [2022-01-17T10:39:31.442191 #2945089]  INFO -- rune.rb: [10:39] Released Context for Pat
I, [2022-01-17T10:39:31.442320 #2945089]  INFO -- rune.rb: [10:39] See ya, Pat!
W, [2022-01-17T10:39:31.442465 #2945089]  WARN -- rune.rb: [10:39] Session ended by client.
W, [2022-01-17T10:39:31.442625 #2945089]  WARN -- rune.rb: [10:39] [IP:] 192.168.1.64 || [ID:] 13777734657301155228 || [UP:] 0 days, 0 hours, 0 minutes, and 11 seconds || [LOGIN_STAGE:] logged_out
I, [2022-01-17T10:39:31.442831 #2945089]  INFO -- rune.rb-0.0.1-tinderbox: (0.000027s) BEGIN
I, [2022-01-17T10:39:31.443170 #2945089]  INFO -- rune.rb-0.0.1-tinderbox: (0.000154s) UPDATE `player_attributes` SET `last_login_stamp` = '2022-01-17 10:39:31 -0500' WHERE (`id` = '13777734630199482933')
I, [2022-01-17T10:39:31.450902 #2945089]  INFO -- rune.rb-0.0.1-tinderbox: (0.007661s) COMMIT
W, [2022-01-17T10:39:31.451129 #2945089]  WARN -- rune.rb: [10:39] Detached from World instance!
W, [2022-01-17T12:08:08.965480 #2945089]  WARN -- rune.rb: [12:08] Caught INTERRUPT!
W, [2022-01-17T12:08:08.965646 #2945089]  WARN -- rune.rb: [12:08] Shutting Down...
W, [2022-01-17T12:08:08.965782 #2945089]  WARN -- rune.rb: [12:08] Ended 0 sessions..
W, [2022-01-17T12:08:08.965923 #2945089]  WARN -- rune.rb: [12:08] Total Instance Up-time: 0 days, 1 hours, 29 minutes, and 0 seconds
W, [2022-01-17T12:08:08.966049 #2945089]  WARN -- rune.rb: [12:08] Closed world with signature - 13777734563642557617.
W, [2022-01-17T12:08:08.966216 #2945089]  WARN -- rune.rb: [12:08] Closed 1 worlds.
W, [2022-01-17T12:08:08.966355 #2945089]  WARN -- rune.rb: [12:08] Closed server with signature - 2
W, [2022-01-17T12:08:08.966466 #2945089]  WARN -- rune.rb: [12:08] Closed 1 servers.
W, [2022-01-17T12:08:09.966930 #2945089]  WARN -- rune.rb: [12:08] Stopped EM Reactor!
I, [2022-01-17T12:08:11.913229 #3016049]  INFO -- rune.rb-0.0.1-tinderbox: (0.000327s) PRAGMA foreign_keys = 1
I, [2022-01-17T12:08:11.913335 #3016049]  INFO -- rune.rb-0.0.1-tinderbox: (0.000022s) PRAGMA case_sensitive_like = 1
I, [2022-01-17T12:08:11.913706 #3016049]  INFO -- rune.rb-0.0.1-tinderbox: (0.000134s) PRAGMA foreign_keys = 1
I, [2022-01-17T12:08:11.913784 #3016049]  INFO -- rune.rb-0.0.1-tinderbox: (0.000028s) PRAGMA case_sensitive_like = 1
I, [2022-01-17T12:08:11.914136 #3016049]  INFO -- rune.rb-0.0.1-tinderbox: (0.000143s) PRAGMA foreign_keys = 1
I, [2022-01-17T12:08:11.914193 #3016049]  INFO -- rune.rb-0.0.1-tinderbox: (0.000017s) PRAGMA case_sensitive_like = 1
I, [2022-01-17T12:08:38.995438 #3017004]  INFO -- rune.rb-0.0.1-tinderbox: (0.000305s) PRAGMA foreign_keys = 1
I, [2022-01-17T12:08:38.995542 #3017004]  INFO -- rune.rb-0.0.1-tinderbox: (0.000019s) PRAGMA case_sensitive_like = 1
I, [2022-01-17T12:08:38.995916 #3017004]  INFO -- rune.rb-0.0.1-tinderbox: (0.000151s) PRAGMA foreign_keys = 1
I, [2022-01-17T12:08:38.995962 #3017004]  INFO -- rune.rb-0.0.1-tinderbox: (0.000016s) PRAGMA case_sensitive_like = 1
I, [2022-01-17T12:08:38.996245 #3017004]  INFO -- rune.rb-0.0.1-tinderbox: (0.000109s) PRAGMA foreign_keys = 1
I, [2022-01-17T12:08:38.996289 #3017004]  INFO -- rune.rb-0.0.1-tinderbox: (0.000015s) PRAGMA case_sensitive_like = 1
W, [2022-01-17T12:08:39.032647 #3017004]  WARN -- rune.rb: [12:08] Deployed new World instance. [signature: 13777779611154223651]
W, [2022-01-17T12:08:39.039440 #3017004]  WARN -- rune.rb: [12:08] Deployed new Server instance. [signature: 2]
I, [2022-01-17T12:08:39.039674 #3017004]  INFO -- rune.rb: [12:08] Controller is running rune.rb-0.0.1-tinderbox for protocol 317 @ 0.0.0.0:43594
W, [2022-01-17T12:08:44.335311 #3017004]  WARN -- rune.rb: [12:08] New Session created @ 192.168.1.64
I, [2022-01-17T12:08:44.335992 #3017004]  INFO -- rune.rb: [12:08] [ConnectionType]: Login from 192.168.1.64
I, [2022-01-17T12:08:44.341705 #3017004]  INFO -- rune.rb-0.0.1-tinderbox: (0.000147s) SELECT sqlite_version()
I, [2022-01-17T12:08:44.342050 #3017004]  INFO -- rune.rb-0.0.1-tinderbox: (0.000148s) PRAGMA table_xinfo('player_profile')
I, [2022-01-17T12:08:44.343289 #3017004]  INFO -- rune.rb-0.0.1-tinderbox: (0.000247s) PRAGMA table_xinfo('player_appearance')
I, [2022-01-17T12:08:44.344941 #3017004]  INFO -- rune.rb-0.0.1-tinderbox: (0.000096s) PRAGMA table_xinfo('player_items')
I, [2022-01-17T12:08:44.345881 #3017004]  INFO -- rune.rb-0.0.1-tinderbox: (0.000158s) PRAGMA table_xinfo('player_settings')
I, [2022-01-17T12:08:44.346998 #3017004]  INFO -- rune.rb-0.0.1-tinderbox: (0.000122s) PRAGMA table_xinfo('player_attributes')
I, [2022-01-17T12:08:44.348242 #3017004]  INFO -- rune.rb-0.0.1-tinderbox: (0.000369s) PRAGMA table_xinfo('player_skills')
I, [2022-01-17T12:08:44.350594 #3017004]  INFO -- rune.rb-0.0.1-tinderbox: (0.000116s) PRAGMA table_xinfo('player_location')
I, [2022-01-17T12:08:44.351456 #3017004]  INFO -- rune.rb-0.0.1-tinderbox: (0.000115s) SELECT * FROM `player_profile` WHERE (`username` = 'pat') LIMIT 1
I, [2022-01-17T12:08:44.351881 #3017004]  INFO -- rune.rb-0.0.1-tinderbox: (0.000103s) SELECT * FROM `player_attributes` WHERE (`player_attributes`.`id` = '13777734630199482933') LIMIT 1
I, [2022-01-17T12:09:28.506754 #3018142]  INFO -- rune.rb-0.0.1-tinderbox: (0.000431s) PRAGMA foreign_keys = 1
I, [2022-01-17T12:09:28.506887 #3018142]  INFO -- rune.rb-0.0.1-tinderbox: (0.000020s) PRAGMA case_sensitive_like = 1
I, [2022-01-17T12:09:28.507358 #3018142]  INFO -- rune.rb-0.0.1-tinderbox: (0.000190s) PRAGMA foreign_keys = 1
I, [2022-01-17T12:09:28.507409 #3018142]  INFO -- rune.rb-0.0.1-tinderbox: (0.000017s) PRAGMA case_sensitive_like = 1
I, [2022-01-17T12:09:28.507715 #3018142]  INFO -- rune.rb-0.0.1-tinderbox: (0.000121s) PRAGMA foreign_keys = 1
I, [2022-01-17T12:09:28.507773 #3018142]  INFO -- rune.rb-0.0.1-tinderbox: (0.000017s) PRAGMA case_sensitive_like = 1
W, [2022-01-17T12:09:28.545315 #3018142]  WARN -- rune.rb: [12:09] Deployed new World instance. [signature: 13777780026483717512]
W, [2022-01-17T12:09:28.552709 #3018142]  WARN -- rune.rb: [12:09] Deployed new Server instance. [signature: 2]
I, [2022-01-17T12:09:28.552922 #3018142]  INFO -- rune.rb: [12:09] Controller is running rune.rb-0.0.1-tinderbox for protocol 317 @ 0.0.0.0:43594
W, [2022-01-17T12:09:31.160715 #3018142]  WARN -- rune.rb: [12:09] New Session created @ 192.168.1.64
I, [2022-01-17T12:09:31.161423 #3018142]  INFO -- rune.rb: [12:09] [ConnectionType]: Login from 192.168.1.64
I, [2022-01-17T12:09:31.167188 #3018142]  INFO -- rune.rb-0.0.1-tinderbox: (0.000142s) SELECT sqlite_version()
I, [2022-01-17T12:09:31.167531 #3018142]  INFO -- rune.rb-0.0.1-tinderbox: (0.000146s) PRAGMA table_xinfo('player_profile')
I, [2022-01-17T12:09:31.168810 #3018142]  INFO -- rune.rb-0.0.1-tinderbox: (0.000286s) PRAGMA table_xinfo('player_appearance')
I, [2022-01-17T12:09:31.170403 #3018142]  INFO -- rune.rb-0.0.1-tinderbox: (0.000091s) PRAGMA table_xinfo('player_items')
I, [2022-01-17T12:09:31.171263 #3018142]  INFO -- rune.rb-0.0.1-tinderbox: (0.000117s) PRAGMA table_xinfo('player_settings')
I, [2022-01-17T12:09:31.172305 #3018142]  INFO -- rune.rb-0.0.1-tinderbox: (0.000119s) PRAGMA table_xinfo('player_attributes')
I, [2022-01-17T12:09:31.173559 #3018142]  INFO -- rune.rb-0.0.1-tinderbox: (0.000380s) PRAGMA table_xinfo('player_skills')
I, [2022-01-17T12:09:31.175960 #3018142]  INFO -- rune.rb-0.0.1-tinderbox: (0.000113s) PRAGMA table_xinfo('player_location')
I, [2022-01-17T12:09:31.176795 #3018142]  INFO -- rune.rb-0.0.1-tinderbox: (0.000135s) SELECT * FROM `player_profile` WHERE (`username` = 'pat') LIMIT 1
I, [2022-01-17T12:09:31.177177 #3018142]  INFO -- rune.rb-0.0.1-tinderbox: (0.000096s) SELECT * FROM `player_attributes` WHERE (`player_attributes`.`id` = '13777734630199482933') LIMIT 1
I, [2022-01-17T12:09:59.137132 #3019092]  INFO -- rune.rb-0.0.1-tinderbox: (0.000310s) PRAGMA foreign_keys = 1
I, [2022-01-17T12:09:59.137225 #3019092]  INFO -- rune.rb-0.0.1-tinderbox: (0.000019s) PRAGMA case_sensitive_like = 1
I, [2022-01-17T12:09:59.137555 #3019092]  INFO -- rune.rb-0.0.1-tinderbox: (0.000134s) PRAGMA foreign_keys = 1
I, [2022-01-17T12:09:59.137600 #3019092]  INFO -- rune.rb-0.0.1-tinderbox: (0.000016s) PRAGMA case_sensitive_like = 1
I, [2022-01-17T12:09:59.137893 #3019092]  INFO -- rune.rb-0.0.1-tinderbox: (0.000113s) PRAGMA foreign_keys = 1
I, [2022-01-17T12:09:59.137938 #3019092]  INFO -- rune.rb-0.0.1-tinderbox: (0.000016s) PRAGMA case_sensitive_like = 1
W, [2022-01-17T12:09:59.172362 #3019092]  WARN -- rune.rb: [12:09] Deployed new World instance. [signature: 13777780283417146641]
W, [2022-01-17T12:09:59.179356 #3019092]  WARN -- rune.rb: [12:09] Deployed new Server instance. [signature: 2]
I, [2022-01-17T12:09:59.179558 #3019092]  INFO -- rune.rb: [12:09] Controller is running rune.rb-0.0.1-tinderbox for protocol 317 @ 0.0.0.0:43594
W, [2022-01-17T12:10:00.054071 #3019092]  WARN -- rune.rb: [12:10] New Session created @ 192.168.1.64
I, [2022-01-17T12:10:00.054764 #3019092]  INFO -- rune.rb: [12:10] [ConnectionType]: Login from 192.168.1.64
I, [2022-01-17T12:10:00.060590 #3019092]  INFO -- rune.rb-0.0.1-tinderbox: (0.000142s) SELECT sqlite_version()
I, [2022-01-17T12:10:00.060946 #3019092]  INFO -- rune.rb-0.0.1-tinderbox: (0.000157s) PRAGMA table_xinfo('player_profile')
I, [2022-01-17T12:10:00.062221 #3019092]  INFO -- rune.rb-0.0.1-tinderbox: (0.000239s) PRAGMA table_xinfo('player_appearance')
I, [2022-01-17T12:10:00.063847 #3019092]  INFO -- rune.rb-0.0.1-tinderbox: (0.000100s) PRAGMA table_xinfo('player_items')
I, [2022-01-17T12:10:00.064747 #3019092]  INFO -- rune.rb-0.0.1-tinderbox: (0.000129s) PRAGMA table_xinfo('player_settings')
I, [2022-01-17T12:10:00.065841 #3019092]  INFO -- rune.rb-0.0.1-tinderbox: (0.000131s) PRAGMA table_xinfo('player_attributes')
I, [2022-01-17T12:10:00.067075 #3019092]  INFO -- rune.rb-0.0.1-tinderbox: (0.000369s) PRAGMA table_xinfo('player_skills')
I, [2022-01-17T12:10:00.069406 #3019092]  INFO -- rune.rb-0.0.1-tinderbox: (0.000115s) PRAGMA table_xinfo('player_location')
I, [2022-01-17T12:10:00.070227 #3019092]  INFO -- rune.rb-0.0.1-tinderbox: (0.000107s) SELECT * FROM `player_profile` WHERE (`username` = 'pat') LIMIT 1
I, [2022-01-17T12:10:00.070621 #3019092]  INFO -- rune.rb-0.0.1-tinderbox: (0.000098s) SELECT * FROM `player_attributes` WHERE (`player_attributes`.`id` = '13777734630199482933') LIMIT 1
I, [2022-01-17T12:10:00.071048 #3019092]  INFO -- rune.rb-0.0.1-tinderbox: (0.000044s) SELECT sqlite_version()
I, [2022-01-17T12:10:00.071214 #3019092]  INFO -- rune.rb-0.0.1-tinderbox: (0.000076s) PRAGMA table_xinfo('system_banned_names')
I, [2022-01-17T12:10:00.071655 #3019092]  INFO -- rune.rb-0.0.1-tinderbox: (0.000061s) SELECT * FROM `system_banned_names`
I, [2022-01-17T12:10:00.071883 #3019092]  INFO -- rune.rb: [12:10] Accepted Session with signature 13777780290754806828!
I, [2022-01-17T12:10:00.074736 #3019092]  INFO -- rune.rb-0.0.1-tinderbox: (0.000096s) SELECT * FROM `player_location` WHERE (`player_location`.`id` = '13777734630199482933') LIMIT 1
W, [2022-01-17T12:10:00.075724 #3019092]  WARN -- rune.rb: [12:10] Attached to Session 13777780290754806828!
I, [2022-01-17T12:10:00.076151 #3019092]  INFO -- rune.rb-0.0.1-tinderbox: (0.000156s) SELECT * FROM `player_appearance` WHERE (`player_appearance`.`id` = '13777734630199482933') LIMIT 1
I, [2022-01-17T12:10:23.735649 #3019854]  INFO -- rune.rb-0.0.1-tinderbox: (0.000310s) PRAGMA foreign_keys = 1
I, [2022-01-17T12:10:23.735759 #3019854]  INFO -- rune.rb-0.0.1-tinderbox: (0.000035s) PRAGMA case_sensitive_like = 1
I, [2022-01-17T12:10:23.736124 #3019854]  INFO -- rune.rb-0.0.1-tinderbox: (0.000130s) PRAGMA foreign_keys = 1
I, [2022-01-17T12:10:23.736170 #3019854]  INFO -- rune.rb-0.0.1-tinderbox: (0.000016s) PRAGMA case_sensitive_like = 1
I, [2022-01-17T12:10:23.736462 #3019854]  INFO -- rune.rb-0.0.1-tinderbox: (0.000123s) PRAGMA foreign_keys = 1
I, [2022-01-17T12:10:23.736508 #3019854]  INFO -- rune.rb-0.0.1-tinderbox: (0.000016s) PRAGMA case_sensitive_like = 1
W, [2022-01-17T12:10:23.770209 #3019854]  WARN -- rune.rb: [12:10] Deployed new World instance. [signature: 13777780489744538078]
W, [2022-01-17T12:10:23.777286 #3019854]  WARN -- rune.rb: [12:10] Deployed new Server instance. [signature: 2]
I, [2022-01-17T12:10:23.777512 #3019854]  INFO -- rune.rb: [12:10] Controller is running rune.rb-0.0.1-tinderbox for protocol 317 @ 0.0.0.0:43594
W, [2022-01-17T12:10:25.278577 #3019854]  WARN -- rune.rb: [12:10] New Session created @ 192.168.1.64
I, [2022-01-17T12:10:25.279275 #3019854]  INFO -- rune.rb: [12:10] [ConnectionType]: Login from 192.168.1.64
I, [2022-01-17T12:10:25.285609 #3019854]  INFO -- rune.rb-0.0.1-tinderbox: (0.000139s) SELECT sqlite_version()
I, [2022-01-17T12:10:25.286171 #3019854]  INFO -- rune.rb-0.0.1-tinderbox: (0.000349s) PRAGMA table_xinfo('player_profile')
I, [2022-01-17T12:10:25.287483 #3019854]  INFO -- rune.rb-0.0.1-tinderbox: (0.000257s) PRAGMA table_xinfo('player_appearance')
I, [2022-01-17T12:10:25.289612 #3019854]  INFO -- rune.rb-0.0.1-tinderbox: (0.000169s) PRAGMA table_xinfo('player_items')
I, [2022-01-17T12:10:25.290604 #3019854]  INFO -- rune.rb-0.0.1-tinderbox: (0.000142s) PRAGMA table_xinfo('player_settings')
I, [2022-01-17T12:10:25.291873 #3019854]  INFO -- rune.rb-0.0.1-tinderbox: (0.000141s) PRAGMA table_xinfo('player_attributes')
I, [2022-01-17T12:10:25.293112 #3019854]  INFO -- rune.rb-0.0.1-tinderbox: (0.000404s) PRAGMA table_xinfo('player_skills')
I, [2022-01-17T12:10:25.295518 #3019854]  INFO -- rune.rb-0.0.1-tinderbox: (0.000117s) PRAGMA table_xinfo('player_location')
I, [2022-01-17T12:10:25.296486 #3019854]  INFO -- rune.rb-0.0.1-tinderbox: (0.000118s) SELECT * FROM `player_profile` WHERE (`username` = 'pat') LIMIT 1
I, [2022-01-17T12:10:25.296893 #3019854]  INFO -- rune.rb-0.0.1-tinderbox: (0.000100s) SELECT * FROM `player_attributes` WHERE (`player_attributes`.`id` = '13777734630199482933') LIMIT 1
I, [2022-01-17T12:10:25.297390 #3019854]  INFO -- rune.rb-0.0.1-tinderbox: (0.000047s) SELECT sqlite_version()
I, [2022-01-17T12:10:25.297561 #3019854]  INFO -- rune.rb-0.0.1-tinderbox: (0.000079s) PRAGMA table_xinfo('system_banned_names')
I, [2022-01-17T12:10:25.298005 #3019854]  INFO -- rune.rb-0.0.1-tinderbox: (0.000063s) SELECT * FROM `system_banned_names`
I, [2022-01-17T12:10:25.298219 #3019854]  INFO -- rune.rb: [12:10] Accepted Session with signature 13777780502377042100!
I, [2022-01-17T12:10:25.301405 #3019854]  INFO -- rune.rb-0.0.1-tinderbox: (0.000103s) SELECT * FROM `player_location` WHERE (`player_location`.`id` = '13777734630199482933') LIMIT 1
W, [2022-01-17T12:10:25.302216 #3019854]  WARN -- rune.rb: [12:10] Attached to Session 13777780502377042100!
I, [2022-01-17T12:10:25.302915 #3019854]  INFO -- rune.rb-0.0.1-tinderbox: (0.000273s) SELECT * FROM `player_appearance` WHERE (`player_appearance`.`id` = '13777734630199482933') LIMIT 1
I, [2022-01-17T12:10:25.303351 #3019854]  INFO -- rune.rb-0.0.1-tinderbox: (0.000126s) SELECT * FROM `player_items` WHERE (`player_items`.`id` = '13777734630199482933') LIMIT 1
I, [2022-01-17T12:10:25.304118 #3019854]  INFO -- rune.rb-0.0.1-tinderbox: (0.000049s) SELECT sqlite_version()
I, [2022-01-17T12:10:25.304364 #3019854]  INFO -- rune.rb-0.0.1-tinderbox: (0.000141s) PRAGMA table_xinfo('game_item_definitions')
I, [2022-01-17T12:10:25.306156 #3019854]  INFO -- rune.rb-0.0.1-tinderbox: (0.000076s) SELECT * FROM `game_item_definitions`
I, [2022-01-17T12:10:25.306647 #3019854]  INFO -- rune.rb-0.0.1-tinderbox: (0.000174s) PRAGMA table_xinfo('game_equipment_definitions')
I, [2022-01-17T12:10:25.307963 #3019854]  INFO -- rune.rb-0.0.1-tinderbox: (0.000101s) PRAGMA table_xinfo('game_item_spawns')
I, [2022-01-17T12:10:25.308812 #3019854]  INFO -- rune.rb: [12:10] Loaded Equipment for pat
I, [2022-01-17T12:10:25.311239 #3019854]  INFO -- rune.rb-0.0.1-tinderbox: (0.000349s) SELECT * FROM `player_skills` WHERE (`player_skills`.`id` = '13777734630199482933') LIMIT 1
W, [2022-01-17T12:10:25.312866 #3019854]  WARN -- rune.rb: [12:10] Created new Context for Pat.
W, [2022-01-17T12:10:25.312967 #3019854]  WARN -- rune.rb: [12:10] Welcome back, Pat!
I, [2022-01-17T12:10:25.574797 #3019854]  INFO -- rune.rb: [12:10] Wrote [x: 54, y: 54]
W, [2022-01-17T12:10:25.727470 #3019854]  WARN -- rune.rb: [12:10] Received heartbeat
W, [2022-01-17T12:10:26.680192 #3019854]  WARN -- rune.rb: [12:10] Received heartbeat
W, [2022-01-17T12:10:26.700545 #3019854]  WARN -- rune.rb: [12:10] Received heartbeat
W, [2022-01-17T12:10:27.710989 #3019854]  WARN -- rune.rb: [12:10] Received heartbeat
I, [2022-01-17T12:10:28.754591 #3019854]  INFO -- rune.rb: [12:10] Ping Received! [210]
I, [2022-01-17T12:10:29.801083 #3019854]  INFO -- rune.rb: [12:10] Ping Received! [121]
W, [2022-01-17T12:10:30.419165 #3019854]  WARN -- rune.rb: [12:10] Received heartbeat
W, [2022-01-17T12:10:31.466711 #3019854]  WARN -- rune.rb: [12:10] [DELAY_SINCE:] 153500
W, [2022-01-17T12:10:31.466868 #3019854]  WARN -- rune.rb: [12:10] [X:] 245
W, [2022-01-17T12:10:31.466955 #3019854]  WARN -- rune.rb: [12:10] [X:] 245
W, [2022-01-17T12:10:32.514069 #3019854]  WARN -- rune.rb: [12:10] [DELAY_SINCE:] 1000
W, [2022-01-17T12:10:32.514217 #3019854]  WARN -- rune.rb: [12:10] [X:] 536
W, [2022-01-17T12:10:32.514302 #3019854]  WARN -- rune.rb: [12:10] [X:] 536
W, [2022-01-17T12:10:32.555175 #3019854]  WARN -- rune.rb: [12:10] [Button:] 2458
I, [2022-01-17T12:10:32.555972 #3019854]  INFO -- rune.rb: [12:10] Released Context for Pat
I, [2022-01-17T12:10:32.556098 #3019854]  INFO -- rune.rb: [12:10] See ya, Pat!
W, [2022-01-17T12:10:32.556251 #3019854]  WARN -- rune.rb: [12:10] Session ended by client.
W, [2022-01-17T12:10:32.556473 #3019854]  WARN -- rune.rb: [12:10] [IP:] 192.168.1.64 || [ID:] 13777780502377042100 || [UP:] 0 days, 0 hours, 0 minutes, and 7 seconds || [LOGIN_STAGE:] logged_out
I, [2022-01-17T12:10:32.557044 #3019854]  INFO -- rune.rb-0.0.1-tinderbox: (0.000044s) BEGIN
I, [2022-01-17T12:10:32.557436 #3019854]  INFO -- rune.rb-0.0.1-tinderbox: (0.000185s) UPDATE `player_attributes` SET `last_login_stamp` = '2022-01-17 12:10:32 -0500' WHERE (`id` = '13777734630199482933')
I, [2022-01-17T12:10:32.585301 #3019854]  INFO -- rune.rb-0.0.1-tinderbox: (0.027779s) COMMIT
W, [2022-01-17T12:10:32.585510 #3019854]  WARN -- rune.rb: [12:10] Detached from World instance!
W, [2022-01-17T12:10:35.685009 #3019854]  WARN -- rune.rb: [12:10] New Session created @ 192.168.1.64
I, [2022-01-17T12:10:35.685316 #3019854]  INFO -- rune.rb: [12:10] [ConnectionType]: Login from 192.168.1.64
I, [2022-01-17T12:10:35.688973 #3019854]  INFO -- rune.rb-0.0.1-tinderbox: (0.000166s) SELECT * FROM `player_profile` WHERE (`username` = 'pat') LIMIT 1
I, [2022-01-17T12:10:35.689153 #3019854]  INFO -- rune.rb-0.0.1-tinderbox: (0.000086s) SELECT * FROM `player_attributes` WHERE (`player_attributes`.`id` = '13777734630199482933') LIMIT 1
I, [2022-01-17T12:10:35.689289 #3019854]  INFO -- rune.rb-0.0.1-tinderbox: (0.000058s) SELECT * FROM `system_banned_names`
I, [2022-01-17T12:10:35.689428 #3019854]  INFO -- rune.rb: [12:10] Accepted Session with signature 13777780589708568748!
I, [2022-01-17T12:10:35.689599 #3019854]  INFO -- rune.rb-0.0.1-tinderbox: (0.000090s) SELECT * FROM `player_location` WHERE (`player_location`.`id` = '13777734630199482933') LIMIT 1
W, [2022-01-17T12:10:35.689720 #3019854]  WARN -- rune.rb: [12:10] Attached to Session 13777780589708568748!
I, [2022-01-17T12:10:35.690039 #3019854]  INFO -- rune.rb-0.0.1-tinderbox: (0.000238s) SELECT * FROM `player_appearance` WHERE (`player_appearance`.`id` = '13777734630199482933') LIMIT 1
I, [2022-01-17T12:10:35.690203 #3019854]  INFO -- rune.rb-0.0.1-tinderbox: (0.000097s) SELECT * FROM `player_items` WHERE (`player_items`.`id` = '13777734630199482933') LIMIT 1
I, [2022-01-17T12:10:35.690380 #3019854]  INFO -- rune.rb: [12:10] Loaded Equipment for pat
I, [2022-01-17T12:10:35.690645 #3019854]  INFO -- rune.rb-0.0.1-tinderbox: (0.000187s) SELECT * FROM `player_skills` WHERE (`player_skills`.`id` = '13777734630199482933') LIMIT 1
W, [2022-01-17T12:10:35.691847 #3019854]  WARN -- rune.rb: [12:10] Created new Context for Pat.
W, [2022-01-17T12:10:35.691980 #3019854]  WARN -- rune.rb: [12:10] Welcome back, Pat!
W, [2022-01-17T12:10:35.709757 #3019854]  WARN -- rune.rb: [12:10] Received heartbeat
I, [2022-01-17T12:10:35.790325 #3019854]  INFO -- rune.rb: [12:10] Wrote [x: 54, y: 54]
W, [2022-01-17T12:10:35.982667 #3019854]  WARN -- rune.rb: [12:10] Received heartbeat
W, [2022-01-17T12:10:36.732490 #3019854]  WARN -- rune.rb: [12:10] Received heartbeat
W, [2022-01-17T12:10:37.774607 #3019854]  WARN -- rune.rb: [12:10] Received heartbeat
W, [2022-01-17T12:10:37.815381 #3019854]  WARN -- rune.rb: [12:10] Received heartbeat
I, [2022-01-17T12:10:38.859837 #3019854]  INFO -- rune.rb: [12:10] Ping Received! [210]
I, [2022-01-17T12:10:39.904904 #3019854]  INFO -- rune.rb: [12:10] Ping Received! [121]
W, [2022-01-17T12:10:40.951931 #3019854]  WARN -- rune.rb: [12:10] [DELAY_SINCE:] 163500
W, [2022-01-17T12:10:40.952063 #3019854]  WARN -- rune.rb: [12:10] [X:] 252
W, [2022-01-17T12:10:40.952149 #3019854]  WARN -- rune.rb: [12:10] [X:] 252
W, [2022-01-17T12:10:41.852942 #3019854]  WARN -- rune.rb: [12:10] Received heartbeat
I, [2022-01-17T12:10:42.079125 #3019854]  INFO -- rune.rb: [12:10] Ping Received! [77]
W, [2022-01-17T12:10:43.123300 #3019854]  WARN -- rune.rb: [12:10] Received heartbeat
W, [2022-01-17T12:10:44.166639 #3019854]  WARN -- rune.rb: [12:10] Received heartbeat
W, [2022-01-17T12:10:44.227747 #3019854]  WARN -- rune.rb: [12:10] Received heartbeat
W, [2022-01-17T12:10:44.391226 #3019854]  WARN -- rune.rb: [12:10] [DELAY_SINCE:] 5100
W, [2022-01-17T12:10:44.391365 #3019854]  WARN -- rune.rb: [12:10] [X:] 252
W, [2022-01-17T12:10:44.391461 #3019854]  WARN -- rune.rb: [12:10] [X:] 252
W, [2022-01-17T12:10:44.578156 #3019854]  WARN -- rune.rb: [12:10] [Button:] 2458
I, [2022-01-17T12:10:44.578473 #3019854]  INFO -- rune.rb: [12:10] Released Context for Pat
I, [2022-01-17T12:10:44.578573 #3019854]  INFO -- rune.rb: [12:10] See ya, Pat!
W, [2022-01-17T12:10:44.578714 #3019854]  WARN -- rune.rb: [12:10] Session ended by client.
W, [2022-01-17T12:10:44.578900 #3019854]  WARN -- rune.rb: [12:10] [IP:] 192.168.1.64 || [ID:] 13777780589708568748 || [UP:] 0 days, 0 hours, 0 minutes, and 8 seconds || [LOGIN_STAGE:] logged_out
I, [2022-01-17T12:10:44.579571 #3019854]  INFO -- rune.rb-0.0.1-tinderbox: (0.000511s) BEGIN
I, [2022-01-17T12:10:44.579941 #3019854]  INFO -- rune.rb-0.0.1-tinderbox: (0.000175s) UPDATE `player_attributes` SET `last_login_stamp` = '2022-01-17 12:10:44 -0500' WHERE (`id` = '13777734630199482933')
I, [2022-01-17T12:10:44.586468 #3019854]  INFO -- rune.rb-0.0.1-tinderbox: (0.006456s) COMMIT
W, [2022-01-17T12:10:44.586965 #3019854]  WARN -- rune.rb: [12:10] Detached from World instance!
W, [2022-01-17T12:12:43.289786 #3019854]  WARN -- rune.rb: [12:12] Caught INTERRUPT!
W, [2022-01-17T12:12:43.289907 #3019854]  WARN -- rune.rb: [12:12] Shutting Down...
W, [2022-01-17T12:12:43.289993 #3019854]  WARN -- rune.rb: [12:12] Ended 0 sessions..
W, [2022-01-17T12:12:43.290108 #3019854]  WARN -- rune.rb: [12:12] Total Instance Up-time: 0 days, 0 hours, 2 minutes, and 19 seconds
W, [2022-01-17T12:12:43.290208 #3019854]  WARN -- rune.rb: [12:12] Closed world with signature - 13777780489744538078.
W, [2022-01-17T12:12:43.290337 #3019854]  WARN -- rune.rb: [12:12] Closed 1 worlds.
W, [2022-01-17T12:12:43.290447 #3019854]  WARN -- rune.rb: [12:12] Closed server with signature - 2
W, [2022-01-17T12:12:43.291341 #3019854]  WARN -- rune.rb: [12:12] Closed 1 servers.
W, [2022-01-17T12:12:44.291726 #3019854]  WARN -- rune.rb: [12:12] Stopped EM Reactor!
I, [2022-01-17T12:12:46.146089 #3020444]  INFO -- rune.rb-0.0.1-tinderbox: (0.000350s) PRAGMA foreign_keys = 1
I, [2022-01-17T12:12:46.146193 #3020444]  INFO -- rune.rb-0.0.1-tinderbox: (0.000026s) PRAGMA case_sensitive_like = 1
I, [2022-01-17T12:12:46.146576 #3020444]  INFO -- rune.rb-0.0.1-tinderbox: (0.000144s) PRAGMA foreign_keys = 1
I, [2022-01-17T12:12:46.146631 #3020444]  INFO -- rune.rb-0.0.1-tinderbox: (0.000018s) PRAGMA case_sensitive_like = 1
I, [2022-01-17T12:12:46.147003 #3020444]  INFO -- rune.rb-0.0.1-tinderbox: (0.000144s) PRAGMA foreign_keys = 1
I, [2022-01-17T12:12:46.147053 #3020444]  INFO -- rune.rb-0.0.1-tinderbox: (0.000017s) PRAGMA case_sensitive_like = 1
W, [2022-01-17T12:12:46.184279 #3020444]  WARN -- rune.rb: [12:12] Deployed new World instance. [signature: 13777781684405976555]
W, [2022-01-17T12:12:46.192139 #3020444]  WARN -- rune.rb: [12:12] Deployed new Server instance. [signature: 2]
I, [2022-01-17T12:12:46.192376 #3020444]  INFO -- rune.rb: [12:12] Controller is running rune.rb-0.0.1-tinderbox for protocol 317 @ 0.0.0.0:43594
W, [2022-01-17T12:12:49.178935 #3020444]  WARN -- rune.rb: [12:12] New Session created @ 192.168.1.64
I, [2022-01-17T12:12:49.179669 #3020444]  INFO -- rune.rb: [12:12] [ConnectionType]: Login from 192.168.1.64
I, [2022-01-17T12:12:49.185099 #3020444]  INFO -- rune.rb-0.0.1-tinderbox: (0.000136s) SELECT sqlite_version()
I, [2022-01-17T12:12:49.185402 #3020444]  INFO -- rune.rb-0.0.1-tinderbox: (0.000133s) PRAGMA table_xinfo('player_profile')
I, [2022-01-17T12:12:49.187944 #3020444]  INFO -- rune.rb-0.0.1-tinderbox: (0.001605s) PRAGMA table_xinfo('player_appearance')
I, [2022-01-17T12:12:49.190226 #3020444]  INFO -- rune.rb-0.0.1-tinderbox: (0.000101s) PRAGMA table_xinfo('player_items')
I, [2022-01-17T12:12:49.191487 #3020444]  INFO -- rune.rb-0.0.1-tinderbox: (0.000133s) PRAGMA table_xinfo('player_settings')
I, [2022-01-17T12:12:49.192539 #3020444]  INFO -- rune.rb-0.0.1-tinderbox: (0.000117s) PRAGMA table_xinfo('player_attributes')
I, [2022-01-17T12:12:49.193950 #3020444]  INFO -- rune.rb-0.0.1-tinderbox: (0.000423s) PRAGMA table_xinfo('player_skills')
I, [2022-01-17T12:12:49.196389 #3020444]  INFO -- rune.rb-0.0.1-tinderbox: (0.000111s) PRAGMA table_xinfo('player_location')
I, [2022-01-17T12:12:49.197220 #3020444]  INFO -- rune.rb-0.0.1-tinderbox: (0.000113s) SELECT * FROM `player_profile` WHERE (`username` = 'pat') LIMIT 1
I, [2022-01-17T12:12:49.197760 #3020444]  INFO -- rune.rb-0.0.1-tinderbox: (0.000131s) SELECT * FROM `player_attributes` WHERE (`player_attributes`.`id` = '13777734630199482933') LIMIT 1
I, [2022-01-17T12:12:49.198189 #3020444]  INFO -- rune.rb-0.0.1-tinderbox: (0.000046s) SELECT sqlite_version()
I, [2022-01-17T12:12:49.198350 #3020444]  INFO -- rune.rb-0.0.1-tinderbox: (0.000074s) PRAGMA table_xinfo('system_banned_names')
I, [2022-01-17T12:12:49.198812 #3020444]  INFO -- rune.rb-0.0.1-tinderbox: (0.000086s) SELECT * FROM `system_banned_names`
I, [2022-01-17T12:12:49.199027 #3020444]  INFO -- rune.rb: [12:12] Accepted Session with signature 13777781709496483360!
I, [2022-01-17T12:12:49.202167 #3020444]  INFO -- rune.rb-0.0.1-tinderbox: (0.000098s) SELECT * FROM `player_location` WHERE (`player_location`.`id` = '13777734630199482933') LIMIT 1
W, [2022-01-17T12:12:49.203026 #3020444]  WARN -- rune.rb: [12:12] Attached to Session 13777781709496483360!
I, [2022-01-17T12:12:49.203417 #3020444]  INFO -- rune.rb-0.0.1-tinderbox: (0.000137s) SELECT * FROM `player_appearance` WHERE (`player_appearance`.`id` = '13777734630199482933') LIMIT 1
I, [2022-01-17T12:12:49.203828 #3020444]  INFO -- rune.rb-0.0.1-tinderbox: (0.000217s) SELECT * FROM `player_items` WHERE (`player_items`.`id` = '13777734630199482933') LIMIT 1
I, [2022-01-17T12:12:49.204515 #3020444]  INFO -- rune.rb-0.0.1-tinderbox: (0.000056s) SELECT sqlite_version()
I, [2022-01-17T12:12:49.204774 #3020444]  INFO -- rune.rb-0.0.1-tinderbox: (0.000147s) PRAGMA table_xinfo('game_item_definitions')
I, [2022-01-17T12:12:49.206307 #3020444]  INFO -- rune.rb-0.0.1-tinderbox: (0.000071s) SELECT * FROM `game_item_definitions`
I, [2022-01-17T12:12:49.206905 #3020444]  INFO -- rune.rb-0.0.1-tinderbox: (0.000198s) PRAGMA table_xinfo('game_equipment_definitions')
I, [2022-01-17T12:12:49.208142 #3020444]  INFO -- rune.rb-0.0.1-tinderbox: (0.000093s) PRAGMA table_xinfo('game_item_spawns')
I, [2022-01-17T12:12:49.209023 #3020444]  INFO -- rune.rb: [12:12] Loaded Equipment for pat
I, [2022-01-17T12:12:49.211315 #3020444]  INFO -- rune.rb-0.0.1-tinderbox: (0.000225s) SELECT * FROM `player_skills` WHERE (`player_skills`.`id` = '13777734630199482933') LIMIT 1
W, [2022-01-17T12:12:49.212639 #3020444]  WARN -- rune.rb: [12:12] Created new Context for Pat.
W, [2022-01-17T12:12:49.212927 #3020444]  WARN -- rune.rb: [12:12] Welcome back, Pat!
W, [2022-01-17T12:12:49.277326 #3020444]  WARN -- rune.rb: [12:12] Received heartbeat
I, [2022-01-17T12:12:49.793652 #3020444]  INFO -- rune.rb: [12:12] Wrote [x: 54, y: 54]
W, [2022-01-17T12:12:49.921166 #3020444]  WARN -- rune.rb: [12:12] Received heartbeat
W, [2022-01-17T12:12:50.484660 #3020444]  WARN -- rune.rb: [12:12] Received heartbeat
W, [2022-01-17T12:12:51.350274 #3020444]  WARN -- rune.rb: [12:12] Received heartbeat
W, [2022-01-17T12:12:51.864081 #3020444]  WARN -- rune.rb: [12:12] Received heartbeat
I, [2022-01-17T12:12:52.028934 #3020444]  INFO -- rune.rb: [12:12] Ping Received! [210]
I, [2022-01-17T12:12:53.076761 #3020444]  INFO -- rune.rb: [12:12] Ping Received! [121]
W, [2022-01-17T12:12:53.880087 #3020444]  WARN -- rune.rb: [12:12] [DELAY_SINCE:] 92450
W, [2022-01-17T12:12:53.880223 #3020444]  WARN -- rune.rb: [12:12] [X:] 232
W, [2022-01-17T12:12:53.880303 #3020444]  WARN -- rune.rb: [12:12] [X:] 232
W, [2022-01-17T12:12:54.106244 #3020444]  WARN -- rune.rb: [12:12] [DELAY_SINCE:] 850
W, [2022-01-17T12:12:54.106378 #3020444]  WARN -- rune.rb: [12:12] [X:] 512
W, [2022-01-17T12:12:54.106459 #3020444]  WARN -- rune.rb: [12:12] [X:] 512
W, [2022-01-17T12:12:54.312791 #3020444]  WARN -- rune.rb: [12:12] [Button:] 2458
I, [2022-01-17T12:12:54.313934 #3020444]  INFO -- rune.rb: [12:12] Released Context for Pat
I, [2022-01-17T12:12:54.314084 #3020444]  INFO -- rune.rb: [12:12] See ya, Pat!
W, [2022-01-17T12:12:54.314260 #3020444]  WARN -- rune.rb: [12:12] Session ended by client.
W, [2022-01-17T12:12:54.314499 #3020444]  WARN -- rune.rb: [12:12] [IP:] 192.168.1.64 || [ID:] 13777781709496483360 || [UP:] 0 days, 0 hours, 0 minutes, and 5 seconds || [LOGIN_STAGE:] logged_out
I, [2022-01-17T12:12:54.314877 #3020444]  INFO -- rune.rb-0.0.1-tinderbox: (0.000045s) BEGIN
I, [2022-01-17T12:12:54.315277 #3020444]  INFO -- rune.rb-0.0.1-tinderbox: (0.000186s) UPDATE `player_attributes` SET `last_login_stamp` = '2022-01-17 12:12:54 -0500' WHERE (`id` = '13777734630199482933')
I, [2022-01-17T12:12:54.343626 #3020444]  INFO -- rune.rb-0.0.1-tinderbox: (0.028282s) COMMIT
W, [2022-01-17T12:12:54.343809 #3020444]  WARN -- rune.rb: [12:12] Detached from World instance!
W, [2022-01-17T12:13:18.802029 #3020444]  WARN -- rune.rb: [12:13] New Session created @ 192.168.1.64
I, [2022-01-17T12:13:18.802361 #3020444]  INFO -- rune.rb: [12:13] [ConnectionType]: Login from 192.168.1.64
I, [2022-01-17T12:13:18.807114 #3020444]  INFO -- rune.rb-0.0.1-tinderbox: (0.000142s) SELECT * FROM `player_profile` WHERE (`username` = 'pat') LIMIT 1
I, [2022-01-17T12:14:23.194287 #3022161]  INFO -- rune.rb-0.0.1-tinderbox: (0.000567s) PRAGMA foreign_keys = 1
I, [2022-01-17T12:14:23.194459 #3022161]  INFO -- rune.rb-0.0.1-tinderbox: (0.000029s) PRAGMA case_sensitive_like = 1
I, [2022-01-17T12:14:23.195032 #3022161]  INFO -- rune.rb-0.0.1-tinderbox: (0.000207s) PRAGMA foreign_keys = 1
I, [2022-01-17T12:14:23.195126 #3022161]  INFO -- rune.rb-0.0.1-tinderbox: (0.000036s) PRAGMA case_sensitive_like = 1
I, [2022-01-17T12:14:23.195605 #3022161]  INFO -- rune.rb-0.0.1-tinderbox: (0.000186s) PRAGMA foreign_keys = 1
I, [2022-01-17T12:14:23.195682 #3022161]  INFO -- rune.rb-0.0.1-tinderbox: (0.000026s) PRAGMA case_sensitive_like = 1
W, [2022-01-17T12:14:23.234001 #3022161]  WARN -- rune.rb: [12:14] Deployed new World instance. [signature: 13777782498521735676]
W, [2022-01-17T12:14:23.241050 #3022161]  WARN -- rune.rb: [12:14] Deployed new Server instance. [signature: 2]
I, [2022-01-17T12:14:23.241296 #3022161]  INFO -- rune.rb: [12:14] Controller is running rune.rb-0.0.1-tinderbox for protocol 317 @ 0.0.0.0:43594
W, [2022-01-17T12:14:27.608619 #3022161]  WARN -- rune.rb: [12:14] New Session created @ 192.168.1.64
I, [2022-01-17T12:14:27.609382 #3022161]  INFO -- rune.rb: [12:14] [ConnectionType]: Login from 192.168.1.64
I, [2022-01-17T12:14:27.616813 #3022161]  INFO -- rune.rb-0.0.1-tinderbox: (0.000156s) SELECT sqlite_version()
I, [2022-01-17T12:14:27.617176 #3022161]  INFO -- rune.rb-0.0.1-tinderbox: (0.000160s) PRAGMA table_xinfo('player_profile')
I, [2022-01-17T12:14:27.618507 #3022161]  INFO -- rune.rb-0.0.1-tinderbox: (0.000257s) PRAGMA table_xinfo('player_appearance')
I, [2022-01-17T12:14:27.620345 #3022161]  INFO -- rune.rb-0.0.1-tinderbox: (0.000104s) PRAGMA table_xinfo('player_items')
I, [2022-01-17T12:14:27.621335 #3022161]  INFO -- rune.rb-0.0.1-tinderbox: (0.000129s) PRAGMA table_xinfo('player_settings')
I, [2022-01-17T12:14:27.622632 #3022161]  INFO -- rune.rb-0.0.1-tinderbox: (0.000176s) PRAGMA table_xinfo('player_attributes')
I, [2022-01-17T12:14:27.624716 #3022161]  INFO -- rune.rb-0.0.1-tinderbox: (0.000634s) PRAGMA table_xinfo('player_skills')
I, [2022-01-17T12:14:27.627568 #3022161]  INFO -- rune.rb-0.0.1-tinderbox: (0.000261s) PRAGMA table_xinfo('player_location')
I, [2022-01-17T12:14:27.628530 #3022161]  INFO -- rune.rb-0.0.1-tinderbox: (0.000111s) SELECT * FROM `player_profile` WHERE (`username` = 'pat') LIMIT 1
I, [2022-01-17T12:14:27.628831 #3022161]  INFO -- rune.rb: [12:14] Accepted Session with signature 13777782535183309941!
I, [2022-01-17T12:14:27.656176 #3022161]  INFO -- rune.rb-0.0.1-tinderbox: (0.027109s) INSERT INTO `player_profile` (`username`, `password`, `name_hash`, `id`) VALUES ('pat', 'nice', 21961, '13777782535183309941')
I, [2022-01-17T12:14:27.681115 #3022161]  INFO -- rune.rb-0.0.1-tinderbox: (0.024733s) INSERT INTO `player_attributes` (`id`) VALUES ('13777782535183309941')
I, [2022-01-17T12:14:27.685767 #3022161]  INFO -- rune.rb-0.0.1-tinderbox: (0.004460s) INSERT INTO `player_appearance` (`id`) VALUES ('13777782535183309941')
I, [2022-01-17T12:14:27.689219 #3022161]  INFO -- rune.rb-0.0.1-tinderbox: (0.003306s) INSERT INTO `player_settings` (`id`) VALUES ('13777782535183309941')
I, [2022-01-17T12:14:27.692849 #3022161]  INFO -- rune.rb-0.0.1-tinderbox: (0.003500s) INSERT INTO `player_skills` (`id`) VALUES ('13777782535183309941')
I, [2022-01-17T12:14:27.696297 #3022161]  INFO -- rune.rb-0.0.1-tinderbox: (0.003319s) INSERT INTO `player_location` (`id`) VALUES ('13777782535183309941')
I, [2022-01-17T12:14:27.700298 #3022161]  INFO -- rune.rb-0.0.1-tinderbox: (0.003900s) INSERT INTO `player_items` (`id`) VALUES ('13777782535183309941')
I, [2022-01-17T12:14:27.700476 #3022161]  INFO -- rune.rb: [12:14] Registered new profile for Pat
I, [2022-01-17T12:14:27.700696 #3022161]  INFO -- rune.rb-0.0.1-tinderbox: (0.000154s) SELECT * FROM `player_profile` WHERE `id` = '13777782535183309941'
I, [2022-01-17T12:14:27.704276 #3022161]  INFO -- rune.rb-0.0.1-tinderbox: (0.000120s) SELECT * FROM `player_location` WHERE (`player_location`.`id` = '13777782535183309941') LIMIT 1
W, [2022-01-17T12:14:27.705332 #3022161]  WARN -- rune.rb: [12:14] Attached to Session 13777782535183309941!
I, [2022-01-17T12:14:27.705751 #3022161]  INFO -- rune.rb-0.0.1-tinderbox: (0.000130s) SELECT * FROM `player_attributes` WHERE (`player_attributes`.`id` = '13777782535183309941') LIMIT 1
I, [2022-01-17T12:14:27.706149 #3022161]  INFO -- rune.rb-0.0.1-tinderbox: (0.000154s) SELECT * FROM `player_appearance` WHERE (`player_appearance`.`id` = '13777782535183309941') LIMIT 1
I, [2022-01-17T12:14:27.706878 #3022161]  INFO -- rune.rb-0.0.1-tinderbox: (0.000058s) SELECT sqlite_version()
I, [2022-01-17T12:14:27.707150 #3022161]  INFO -- rune.rb-0.0.1-tinderbox: (0.000151s) PRAGMA table_xinfo('game_item_definitions')
I, [2022-01-17T12:14:27.709009 #3022161]  INFO -- rune.rb-0.0.1-tinderbox: (0.000088s) SELECT * FROM `game_item_definitions`
I, [2022-01-17T12:14:27.709578 #3022161]  INFO -- rune.rb-0.0.1-tinderbox: (0.000182s) PRAGMA table_xinfo('game_equipment_definitions')
I, [2022-01-17T12:14:27.711643 #3022161]  INFO -- rune.rb-0.0.1-tinderbox: (0.000194s) PRAGMA table_xinfo('game_item_spawns')
I, [2022-01-17T12:14:27.712507 #3022161]  INFO -- rune.rb: [12:14] Loaded Equipment for pat
I, [2022-01-17T12:14:27.715167 #3022161]  INFO -- rune.rb-0.0.1-tinderbox: (0.000274s) SELECT * FROM `player_skills` WHERE (`player_skills`.`id` = '13777782535183309941') LIMIT 1
W, [2022-01-17T12:14:27.716669 #3022161]  WARN -- rune.rb: [12:14] Created new Context for Pat.
W, [2022-01-17T12:14:27.716789 #3022161]  WARN -- rune.rb: [12:14] Pat joined for the first time!
W, [2022-01-17T12:14:27.774560 #3022161]  WARN -- rune.rb: [12:14] Received heartbeat
I, [2022-01-17T12:14:28.042917 #3022161]  INFO -- rune.rb: [12:14] Wrote [x: 54, y: 54]
W, [2022-01-17T12:14:28.190800 #3022161]  WARN -- rune.rb: [12:14] Received heartbeat
W, [2022-01-17T12:14:29.195213 #3022161]  WARN -- rune.rb: [12:14] Received heartbeat
W, [2022-01-17T12:14:30.247052 #3022161]  WARN -- rune.rb: [12:14] Received heartbeat
W, [2022-01-17T12:14:31.301611 #3022161]  WARN -- rune.rb: [12:14] Received heartbeat
I, [2022-01-17T12:14:32.354823 #3022161]  INFO -- rune.rb: [12:14] Ping Received! [210]
I, [2022-01-17T12:14:32.416930 #3022161]  INFO -- rune.rb: [12:14] Ping Received! [121]
W, [2022-01-17T12:14:33.468393 #3022161]  WARN -- rune.rb: [12:14] Received heartbeat
W, [2022-01-17T12:14:34.515704 #3022161]  WARN -- rune.rb: [12:14] Received heartbeat
W, [2022-01-17T12:14:35.012475 #3022161]  WARN -- rune.rb: [12:14] Received heartbeat
W, [2022-01-17T12:14:35.755247 #3022161]  WARN -- rune.rb: [12:14] Received heartbeat
I, [2022-01-17T12:14:36.168786 #3022161]  INFO -- rune.rb: [12:14] Ping Received! [226]
W, [2022-01-17T12:14:36.353403 #3022161]  WARN -- rune.rb: [12:14] Received heartbeat
W, [2022-01-17T12:14:36.539435 #3022161]  WARN -- rune.rb: [12:14] Received heartbeat
W, [2022-01-17T12:14:36.746438 #3022161]  WARN -- rune.rb: [12:14] [DELAY_SINCE:] 197000
W, [2022-01-17T12:14:36.746570 #3022161]  WARN -- rune.rb: [12:14] [X:] 516
W, [2022-01-17T12:14:36.746657 #3022161]  WARN -- rune.rb: [12:14] [X:] 516
W, [2022-01-17T12:14:37.797105 #3022161]  WARN -- rune.rb: [12:14] [DELAY_SINCE:] 700
W, [2022-01-17T12:14:37.797213 #3022161]  WARN -- rune.rb: [12:14] [X:] 240
W, [2022-01-17T12:14:37.797287 #3022161]  WARN -- rune.rb: [12:14] [X:] 240
W, [2022-01-17T12:14:38.743117 #3022161]  WARN -- rune.rb: [12:14] [Button:] 2458
I, [2022-01-17T12:14:38.744102 #3022161]  INFO -- rune.rb-0.0.1-tinderbox: (0.000339s) SELECT * FROM `player_items` WHERE (`player_items`.`id` = '13777782535183309941') LIMIT 1
I, [2022-01-17T12:14:38.746197 #3022161]  INFO -- rune.rb-0.0.1-tinderbox: (0.000029s) BEGIN
I, [2022-01-17T12:14:38.746640 #3022161]  INFO -- rune.rb-0.0.1-tinderbox: (0.000204s) UPDATE `player_items` SET `equipment` = '{"HAT":{"id":-1,"amount":0},"CAPE":{"id":-1,"amount":0},"AMULET":{"id":-1,"amount":0},"WEAPON":{"id":-1,"amount":0},"CHEST":{"id":-1,"amount":0},"SHIELD":{"id":-1,"amount":0},"LEGS":{"id":-1,"amount":0},"GLOVES":{"id":-1,"amount":0},"BOOTS":{"id":-1,"amount":0},"RING":{"id":-1,"amount":0},"ARROWS":{"id":-1,"amount":0}}' WHERE (`id` = '13777782535183309941')
I, [2022-01-17T12:14:38.753435 #3022161]  INFO -- rune.rb-0.0.1-tinderbox: (0.006710s) COMMIT
I, [2022-01-17T12:14:38.753717 #3022161]  INFO -- rune.rb-0.0.1-tinderbox: (0.000018s) BEGIN
I, [2022-01-17T12:14:38.753976 #3022161]  INFO -- rune.rb-0.0.1-tinderbox: (0.000092s) UPDATE `player_location` SET `prev_x` = 3222, `prev_y` = 3222 WHERE (`id` = '13777782535183309941')
I, [2022-01-17T12:14:38.758335 #3022161]  INFO -- rune.rb-0.0.1-tinderbox: (0.004292s) COMMIT
I, [2022-01-17T12:14:38.758552 #3022161]  INFO -- rune.rb: [12:14] Released Context for Pat
I, [2022-01-17T12:14:38.758654 #3022161]  INFO -- rune.rb: [12:14] See ya, Pat!
W, [2022-01-17T12:14:38.758796 #3022161]  WARN -- rune.rb: [12:14] Session ended by client.
W, [2022-01-17T12:14:38.758989 #3022161]  WARN -- rune.rb: [12:14] [IP:] 192.168.1.64 || [ID:] 13777782535183309941 || [UP:] 0 days, 0 hours, 0 minutes, and 11 seconds || [LOGIN_STAGE:] logged_out
I, [2022-01-17T12:14:38.759481 #3022161]  INFO -- rune.rb-0.0.1-tinderbox: (0.000021s) BEGIN
I, [2022-01-17T12:14:38.759769 #3022161]  INFO -- rune.rb-0.0.1-tinderbox: (0.000117s) UPDATE `player_attributes` SET `last_login_stamp` = '2022-01-17 12:14:38 -0500', `last_login_ip` = '192.168.1.64' WHERE (`id` = '13777782535183309941')
I, [2022-01-17T12:14:38.762917 #3022161]  INFO -- rune.rb-0.0.1-tinderbox: (0.003100s) COMMIT
W, [2022-01-17T12:14:38.763035 #3022161]  WARN -- rune.rb: [12:14] Detached from World instance!
W, [2022-01-17T12:14:44.024330 #3022161]  WARN -- rune.rb: [12:14] New Session created @ 192.168.1.64
I, [2022-01-17T12:14:44.024641 #3022161]  INFO -- rune.rb: [12:14] [ConnectionType]: Login from 192.168.1.64
I, [2022-01-17T12:14:44.031500 #3022161]  INFO -- rune.rb-0.0.1-tinderbox: (0.000163s) SELECT * FROM `player_profile` WHERE (`username` = 'pat') LIMIT 1
I, [2022-01-17T12:14:44.031708 #3022161]  INFO -- rune.rb-0.0.1-tinderbox: (0.000102s) SELECT * FROM `player_attributes` WHERE (`player_attributes`.`id` = '13777782535183309941') LIMIT 1
I, [2022-01-17T12:14:44.032290 #3022161]  INFO -- rune.rb-0.0.1-tinderbox: (0.000056s) SELECT sqlite_version()
I, [2022-01-17T12:14:44.032490 #3022161]  INFO -- rune.rb-0.0.1-tinderbox: (0.000087s) PRAGMA table_xinfo('system_banned_names')
I, [2022-01-17T12:14:44.033181 #3022161]  INFO -- rune.rb-0.0.1-tinderbox: (0.000066s) SELECT * FROM `system_banned_names`
I, [2022-01-17T12:14:44.033364 #3022161]  INFO -- rune.rb: [12:14] Accepted Session with signature 13777782672928658324!
I, [2022-01-17T12:14:44.033771 #3022161]  INFO -- rune.rb-0.0.1-tinderbox: (0.000160s) SELECT * FROM `player_location` WHERE (`player_location`.`id` = '13777782535183309941') LIMIT 1
W, [2022-01-17T12:14:44.033910 #3022161]  WARN -- rune.rb: [12:14] Attached to Session 13777782672928658324!
I, [2022-01-17T12:14:44.034130 #3022161]  INFO -- rune.rb-0.0.1-tinderbox: (0.000141s) SELECT * FROM `player_appearance` WHERE (`player_appearance`.`id` = '13777782535183309941') LIMIT 1
I, [2022-01-17T12:14:44.034274 #3022161]  INFO -- rune.rb-0.0.1-tinderbox: (0.000074s) SELECT * FROM `player_items` WHERE (`player_items`.`id` = '13777782535183309941') LIMIT 1
I, [2022-01-17T12:14:44.034501 #3022161]  INFO -- rune.rb: [12:14] Loaded Equipment for pat
I, [2022-01-17T12:14:44.034797 #3022161]  INFO -- rune.rb-0.0.1-tinderbox: (0.000226s) SELECT * FROM `player_skills` WHERE (`player_skills`.`id` = '13777782535183309941') LIMIT 1
W, [2022-01-17T12:14:44.036110 #3022161]  WARN -- rune.rb: [12:14] Created new Context for Pat.
W, [2022-01-17T12:14:44.036236 #3022161]  WARN -- rune.rb: [12:14] Welcome back, Pat!
W, [2022-01-17T12:14:44.104033 #3022161]  WARN -- rune.rb: [12:14] Received heartbeat
I, [2022-01-17T12:14:44.269001 #3022161]  INFO -- rune.rb: [12:14] Wrote [x: 54, y: 54]
W, [2022-01-17T12:14:44.408295 #3022161]  WARN -- rune.rb: [12:14] Received heartbeat
W, [2022-01-17T12:14:45.413438 #3022161]  WARN -- rune.rb: [12:14] Received heartbeat
W, [2022-01-17T12:14:46.466426 #3022161]  WARN -- rune.rb: [12:14] Received heartbeat
W, [2022-01-17T12:14:46.940838 #3022161]  WARN -- rune.rb: [12:14] Received heartbeat
I, [2022-01-17T12:14:47.602917 #3022161]  INFO -- rune.rb: [12:14] Ping Received! [210]
I, [2022-01-17T12:14:47.767348 #3022161]  INFO -- rune.rb: [12:14] Ping Received! [121]
W, [2022-01-17T12:14:47.953495 #3022161]  WARN -- rune.rb: [12:14] Received heartbeat
I, [2022-01-17T12:14:48.138859 #3022161]  INFO -- rune.rb: [12:14] Ping Received! [77]
W, [2022-01-17T12:14:49.188054 #3022161]  WARN -- rune.rb: [12:14] Received heartbeat
W, [2022-01-17T12:14:50.238664 #3022161]  WARN -- rune.rb: [12:14] [DELAY_SINCE:] 4100
W, [2022-01-17T12:14:50.238879 #3022161]  WARN -- rune.rb: [12:14] [X:] 224
W, [2022-01-17T12:14:50.239007 #3022161]  WARN -- rune.rb: [12:14] [X:] 224
W, [2022-01-17T12:14:50.712645 #3022161]  WARN -- rune.rb: [12:14] [DELAY_SINCE:] 600
W, [2022-01-17T12:14:50.712801 #3022161]  WARN -- rune.rb: [12:14] [X:] 533
W, [2022-01-17T12:14:50.712917 #3022161]  WARN -- rune.rb: [12:14] [X:] 533
W, [2022-01-17T12:14:50.959434 #3022161]  WARN -- rune.rb: [12:14] [Button:] 2458
I, [2022-01-17T12:14:50.959975 #3022161]  INFO -- rune.rb: [12:14] Released Context for Pat
I, [2022-01-17T12:14:50.960128 #3022161]  INFO -- rune.rb: [12:14] See ya, Pat!
W, [2022-01-17T12:14:50.960281 #3022161]  WARN -- rune.rb: [12:14] Session ended by client.
W, [2022-01-17T12:14:50.960473 #3022161]  WARN -- rune.rb: [12:14] [IP:] 192.168.1.64 || [ID:] 13777782672928658324 || [UP:] 0 days, 0 hours, 0 minutes, and 6 seconds || [LOGIN_STAGE:] logged_out
I, [2022-01-17T12:14:50.960935 #3022161]  INFO -- rune.rb-0.0.1-tinderbox: (0.000289s) BEGIN
I, [2022-01-17T12:14:50.961282 #3022161]  INFO -- rune.rb-0.0.1-tinderbox: (0.000167s) UPDATE `player_attributes` SET `last_login_stamp` = '2022-01-17 12:14:50 -0500' WHERE (`id` = '13777782535183309941')
I, [2022-01-17T12:14:50.968764 #3022161]  INFO -- rune.rb-0.0.1-tinderbox: (0.007421s) COMMIT
W, [2022-01-17T12:14:50.968950 #3022161]  WARN -- rune.rb: [12:14] Detached from World instance!
W, [2022-01-17T12:15:14.360962 #3022161]  WARN -- rune.rb: [12:15] Caught INTERRUPT!
W, [2022-01-17T12:15:14.361091 #3022161]  WARN -- rune.rb: [12:15] Shutting Down...
W, [2022-01-17T12:15:14.361186 #3022161]  WARN -- rune.rb: [12:15] Ended 0 sessions..
W, [2022-01-17T12:15:14.361285 #3022161]  WARN -- rune.rb: [12:15] Total Instance Up-time: 0 days, 0 hours, 0 minutes, and 51 seconds
W, [2022-01-17T12:15:14.361369 #3022161]  WARN -- rune.rb: [12:15] Closed world with signature - 13777782498521735676.
W, [2022-01-17T12:15:14.361483 #3022161]  WARN -- rune.rb: [12:15] Closed 1 worlds.
W, [2022-01-17T12:15:14.361577 #3022161]  WARN -- rune.rb: [12:15] Closed server with signature - 2
W, [2022-01-17T12:15:14.361653 #3022161]  WARN -- rune.rb: [12:15] Closed 1 servers.
