# Logfile created on 2022-01-16 22:02:12 -0500 by logger.rb/v1.5.0
I, [2022-01-16T22:02:12.286966 #2539269]  INFO -- rune.rb-0.0.1-tinderbox: (0.000473s) PRAGMA foreign_keys = 1
I, [2022-01-16T22:02:12.287053 #2539269]  INFO -- rune.rb-0.0.1-tinderbox: (0.000020s) PRAGMA case_sensitive_like = 1
I, [2022-01-16T22:02:12.287425 #2539269]  INFO -- rune.rb-0.0.1-tinderbox: (0.000143s) PRAGMA foreign_keys = 1
I, [2022-01-16T22:02:12.287474 #2539269]  INFO -- rune.rb-0.0.1-tinderbox: (0.000017s) PRAGMA case_sensitive_like = 1
I, [2022-01-16T22:02:12.287798 #2539269]  INFO -- rune.rb-0.0.1-tinderbox: (0.000130s) PRAGMA foreign_keys = 1
I, [2022-01-16T22:02:12.287846 #2539269]  INFO -- rune.rb-0.0.1-tinderbox: (0.000016s) PRAGMA case_sensitive_like = 1
W, [2022-01-16T22:02:12.326024 #2539269]  WARN -- rune.rb: [22:02] Deployed new World instance. [signature: 13777353581377740683]
W, [2022-01-16T22:02:12.333078 #2539269]  WARN -- rune.rb: [22:02] Deployed new Server instance. [signature: 2]
I, [2022-01-16T22:02:12.333312 #2539269]  INFO -- rune.rb: [22:02] Controller is running rune.rb-0.0.1-tinderbox for protocol 317 @ 0.0.0.0:43594
W, [2022-01-16T22:02:45.082449 #2539269]  WARN -- rune.rb: [22:02] New Session created @ 192.168.1.64
I, [2022-01-16T22:02:45.083114 #2539269]  INFO -- rune.rb: [22:02] [ConnectionType]: Login from 192.168.1.64
I, [2022-01-16T22:02:45.090860 #2539269]  INFO -- rune.rb-0.0.1-tinderbox: (0.000156s) SELECT sqlite_version()
I, [2022-01-16T22:02:45.091176 #2539269]  INFO -- rune.rb-0.0.1-tinderbox: (0.000141s) PRAGMA table_xinfo('player_profile')
I, [2022-01-16T22:02:45.092393 #2539269]  INFO -- rune.rb-0.0.1-tinderbox: (0.000262s) PRAGMA table_xinfo('player_appearance')
I, [2022-01-16T22:02:45.094000 #2539269]  INFO -- rune.rb-0.0.1-tinderbox: (0.000095s) PRAGMA table_xinfo('player_items')
I, [2022-01-16T22:02:45.094884 #2539269]  INFO -- rune.rb-0.0.1-tinderbox: (0.000129s) PRAGMA table_xinfo('player_settings')
I, [2022-01-16T22:02:45.095969 #2539269]  INFO -- rune.rb-0.0.1-tinderbox: (0.000125s) PRAGMA table_xinfo('player_attributes')
I, [2022-01-16T22:02:45.097208 #2539269]  INFO -- rune.rb-0.0.1-tinderbox: (0.000369s) PRAGMA table_xinfo('player_skills')
I, [2022-01-16T22:02:45.099589 #2539269]  INFO -- rune.rb-0.0.1-tinderbox: (0.000118s) PRAGMA table_xinfo('player_location')
I, [2022-01-16T22:02:45.100436 #2539269]  INFO -- rune.rb-0.0.1-tinderbox: (0.000125s) SELECT * FROM `player_profile` WHERE (`username` = 'pat') LIMIT 1
I, [2022-01-16T22:02:45.100592 #2539269]  INFO -- rune.rb: [22:02] Authenticating session for user pat
I, [2022-01-16T22:02:45.100998 #2539269]  INFO -- rune.rb-0.0.1-tinderbox: (0.000101s) SELECT * FROM `player_attributes` WHERE (`player_attributes`.`id` = '13777323318265115097') LIMIT 1
I, [2022-01-16T22:02:45.101434 #2539269]  INFO -- rune.rb-0.0.1-tinderbox: (0.000048s) SELECT sqlite_version()
I, [2022-01-16T22:02:45.101603 #2539269]  INFO -- rune.rb-0.0.1-tinderbox: (0.000077s) PRAGMA table_xinfo('system_banned_names')
I, [2022-01-16T22:02:45.102048 #2539269]  INFO -- rune.rb-0.0.1-tinderbox: (0.000062s) SELECT * FROM `system_banned_names`
I, [2022-01-16T22:02:45.102267 #2539269]  INFO -- rune.rb: [22:02] Welcome, Pat!
I, [2022-01-16T22:02:45.107773 #2539269]  INFO -- rune.rb-0.0.1-tinderbox: (0.000189s) SELECT * FROM `player_location` WHERE (`player_location`.`id` = '13777323318265115097') LIMIT 1
W, [2022-01-16T22:02:45.108784 #2539269]  WARN -- rune.rb: [22:02] Attached to Session 13777353856113477426!
I, [2022-01-16T22:02:45.109235 #2539269]  INFO -- rune.rb-0.0.1-tinderbox: (0.000180s) SELECT * FROM `player_appearance` WHERE (`player_appearance`.`id` = '13777323318265115097') LIMIT 1
I, [2022-01-16T22:02:45.110165 #2539269]  INFO -- rune.rb-0.0.1-tinderbox: (0.000075s) SELECT sqlite_version()
I, [2022-01-16T22:02:45.110419 #2539269]  INFO -- rune.rb-0.0.1-tinderbox: (0.000144s) PRAGMA table_xinfo('game_item_definitions')
I, [2022-01-16T22:02:45.112104 #2539269]  INFO -- rune.rb-0.0.1-tinderbox: (0.000080s) SELECT * FROM `game_item_definitions`
I, [2022-01-16T22:02:45.112617 #2539269]  INFO -- rune.rb-0.0.1-tinderbox: (0.000167s) PRAGMA table_xinfo('game_equipment_definitions')
I, [2022-01-16T22:02:45.114103 #2539269]  INFO -- rune.rb-0.0.1-tinderbox: (0.000102s) PRAGMA table_xinfo('game_item_spawns')
I, [2022-01-16T22:02:45.114828 #2539269]  INFO -- rune.rb: [22:02] Loaded Equipment for pat
I, [2022-01-16T22:02:45.117319 #2539269]  INFO -- rune.rb-0.0.1-tinderbox: (0.000233s) SELECT * FROM `player_skills` WHERE (`player_skills`.`id` = '13777323318265115097') LIMIT 1
I, [2022-01-16T22:02:45.378532 #2539269]  INFO -- rune.rb: [22:02] Wrote [x: 54, y: 54]
W, [2022-01-16T22:02:46.027446 #2539269]  WARN -- rune.rb: [22:02] Received heartbeat
W, [2022-01-16T22:02:46.512154 #2539269]  WARN -- rune.rb: [22:02] Received heartbeat
W, [2022-01-16T22:02:46.986927 #2539269]  WARN -- rune.rb: [22:02] Received heartbeat
W, [2022-01-16T22:02:48.001818 #2539269]  WARN -- rune.rb: [22:02] Received heartbeat
I, [2022-01-16T22:02:48.985928 #2539269]  INFO -- rune.rb: [22:02] Ping Received! [210]
I, [2022-01-16T22:02:49.982956 #2539269]  INFO -- rune.rb: [22:02] Ping Received! [121]
W, [2022-01-16T22:02:51.022016 #2539269]  WARN -- rune.rb: [22:02] Received heartbeat
I, [2022-01-16T22:02:52.067185 #2539269]  INFO -- rune.rb: [22:02] Client Focus: [Unfocused]!
W, [2022-01-16T22:02:53.090972 #2539269]  WARN -- rune.rb: [22:02] Received heartbeat
W, [2022-01-16T22:02:54.133696 #2539269]  WARN -- rune.rb: [22:02] Received heartbeat
W, [2022-01-16T22:02:54.901189 #2539269]  WARN -- rune.rb: [22:02] Received heartbeat
W, [2022-01-16T22:02:55.945130 #2539269]  WARN -- rune.rb: [22:02] Received heartbeat
W, [2022-01-16T22:02:56.564835 #2539269]  WARN -- rune.rb: [22:02] Received heartbeat
W, [2022-01-16T22:02:57.598409 #2539269]  WARN -- rune.rb: [22:02] Received heartbeat
W, [2022-01-16T22:02:58.627277 #2539269]  WARN -- rune.rb: [22:02] Received heartbeat
I, [2022-01-16T22:02:59.672683 #2539269]  INFO -- rune.rb: [22:02] Client Focus: [Focused]!
W, [2022-01-16T22:03:00.712228 #2539269]  WARN -- rune.rb: [22:03] Received heartbeat
I, [2022-01-16T22:03:01.747020 #2539269]  INFO -- rune.rb: [22:03] Client Focus: [Unfocused]!
W, [2022-01-16T22:03:02.770808 #2539269]  WARN -- rune.rb: [22:03] Received heartbeat
W, [2022-01-16T22:03:03.800304 #2539269]  WARN -- rune.rb: [22:03] Received heartbeat
W, [2022-01-16T22:03:04.831691 #2539269]  WARN -- rune.rb: [22:03] Received heartbeat
W, [2022-01-16T22:03:05.864480 #2539269]  WARN -- rune.rb: [22:03] Received heartbeat
W, [2022-01-16T22:03:06.919164 #2539269]  WARN -- rune.rb: [22:03] Received heartbeat
W, [2022-01-16T22:03:07.954791 #2539269]  WARN -- rune.rb: [22:03] Received heartbeat
W, [2022-01-16T22:03:08.258656 #2539269]  WARN -- rune.rb: [22:03] Received heartbeat
W, [2022-01-16T22:03:09.299443 #2539269]  WARN -- rune.rb: [22:03] Received heartbeat
W, [2022-01-16T22:03:09.507469 #2539269]  WARN -- rune.rb: [22:03] Received heartbeat
W, [2022-01-16T22:03:10.564719 #2539269]  WARN -- rune.rb: [22:03] Received heartbeat
W, [2022-01-16T22:03:10.814349 #2539269]  WARN -- rune.rb: [22:03] Received heartbeat
W, [2022-01-16T22:03:11.161835 #2539269]  WARN -- rune.rb: [22:03] [DELAY_SINCE:] 105500
W, [2022-01-16T22:03:11.161940 #2539269]  WARN -- rune.rb: [22:03] [X:] 736
W, [2022-01-16T22:03:11.162032 #2539269]  WARN -- rune.rb: [22:03] [X:] 736
I, [2022-01-16T22:03:11.328344 #2539269]  INFO -- rune.rb: [22:03] Client Focus: [Focused]!
W, [2022-01-16T22:03:11.516593 #2539269]  WARN -- rune.rb: [22:03] Received heartbeat
W, [2022-01-16T22:03:11.598508 #2539269]  WARN -- rune.rb: [22:03] [DELAY_SINCE:] 1200
W, [2022-01-16T22:03:11.598652 #2539269]  WARN -- rune.rb: [22:03] [X:] 241
W, [2022-01-16T22:03:11.598746 #2539269]  WARN -- rune.rb: [22:03] [X:] 241
W, [2022-01-16T22:03:11.660249 #2539269]  WARN -- rune.rb: [22:03] Received heartbeat
W, [2022-01-16T22:03:12.485568 #2539269]  WARN -- rune.rb: [22:03] [DELAY_SINCE:] 1300
W, [2022-01-16T22:03:12.485679 #2539269]  WARN -- rune.rb: [22:03] [X:] 541
W, [2022-01-16T22:03:12.485789 #2539269]  WARN -- rune.rb: [22:03] [X:] 541
W, [2022-01-16T22:03:12.673411 #2539269]  WARN -- rune.rb: [22:03] [Button:] 2458
I, [2022-01-16T22:03:12.674310 #2539269]  INFO -- rune.rb-0.0.1-tinderbox: (0.000161s) SELECT * FROM `player_items` WHERE (`player_items`.`id` = '13777323318265115097') LIMIT 1
I, [2022-01-16T22:03:12.675057 #2539269]  INFO -- rune.rb: [22:03] Released Context for Pat
I, [2022-01-16T22:03:12.675164 #2539269]  INFO -- rune.rb: [22:03] See ya, Pat!
W, [2022-01-16T22:03:12.675295 #2539269]  WARN -- rune.rb: [22:03] Session ended by client.
W, [2022-01-16T22:03:12.675472 #2539269]  WARN -- rune.rb: [22:03] [IP:] 192.168.1.64 || [ID:] 13777353856113477426 || [UP:] 0 days, 0 hours, 0 minutes, and 27 seconds || [LOGIN_STAGE:] logged_out
I, [2022-01-16T22:03:12.675811 #2539269]  INFO -- rune.rb-0.0.1-tinderbox: (0.000033s) BEGIN
I, [2022-01-16T22:03:12.676224 #2539269]  INFO -- rune.rb-0.0.1-tinderbox: (0.000205s) UPDATE `player_attributes` SET `last_login_stamp` = '2022-01-16 22:03:12 -0500' WHERE (`id` = '13777323318265115097')
I, [2022-01-16T22:03:12.703216 #2539269]  INFO -- rune.rb-0.0.1-tinderbox: (0.026894s) COMMIT
W, [2022-01-16T22:03:12.703420 #2539269]  WARN -- rune.rb: [22:03] Detached from World instance!
W, [2022-01-16T22:08:54.814606 #2539269]  WARN -- rune.rb: [22:08] Caught INTERRUPT!
W, [2022-01-16T22:08:54.814783 #2539269]  WARN -- rune.rb: [22:08] Shutting Down...
W, [2022-01-16T22:08:54.814901 #2539269]  WARN -- rune.rb: [22:08] Ended 0 sessions..
W, [2022-01-16T22:08:54.815021 #2539269]  WARN -- rune.rb: [22:08] Total Instance Up-time: 0 days, 0 hours, 6 minutes, and 42 seconds
W, [2022-01-16T22:08:54.815134 #2539269]  WARN -- rune.rb: [22:08] Closed world with signature - 13777353581377740683.
W, [2022-01-16T22:08:54.815274 #2539269]  WARN -- rune.rb: [22:08] Closed 1 worlds.
W, [2022-01-16T22:08:54.815393 #2539269]  WARN -- rune.rb: [22:08] Closed server with signature - 2
W, [2022-01-16T22:08:54.815492 #2539269]  WARN -- rune.rb: [22:08] Closed 1 servers.
W, [2022-01-16T22:08:55.815804 #2539269]  WARN -- rune.rb: [22:08] Stopped EM Reactor!
I, [2022-01-16T22:08:57.681909 #2576720]  INFO -- rune.rb-0.0.1-tinderbox: (0.000392s) PRAGMA foreign_keys = 1
I, [2022-01-16T22:08:57.682005 #2576720]  INFO -- rune.rb-0.0.1-tinderbox: (0.000020s) PRAGMA case_sensitive_like = 1
I, [2022-01-16T22:08:57.682369 #2576720]  INFO -- rune.rb-0.0.1-tinderbox: (0.000155s) PRAGMA foreign_keys = 1
I, [2022-01-16T22:08:57.682416 #2576720]  INFO -- rune.rb-0.0.1-tinderbox: (0.000016s) PRAGMA case_sensitive_like = 1
I, [2022-01-16T22:08:57.682709 #2576720]  INFO -- rune.rb-0.0.1-tinderbox: (0.000114s) PRAGMA foreign_keys = 1
I, [2022-01-16T22:08:57.682771 #2576720]  INFO -- rune.rb-0.0.1-tinderbox: (0.000017s) PRAGMA case_sensitive_like = 1
W, [2022-01-16T22:08:57.719561 #2576720]  WARN -- rune.rb: [22:08] Deployed new World instance. [signature: 13777356982063069127]
W, [2022-01-16T22:08:57.726669 #2576720]  WARN -- rune.rb: [22:08] Deployed new Server instance. [signature: 2]
I, [2022-01-16T22:08:57.726918 #2576720]  INFO -- rune.rb: [22:08] Controller is running rune.rb-0.0.1-tinderbox for protocol 317 @ 0.0.0.0:43594
W, [2022-01-16T22:14:57.194041 #2576720]  WARN -- rune.rb: [22:14] New Session created @ 192.168.1.6
I, [2022-01-16T22:14:57.195423 #2576720]  INFO -- rune.rb: [22:14] [ConnectionType]: Login from 192.168.1.6
I, [2022-01-16T22:14:57.203647 #2576720]  INFO -- rune.rb-0.0.1-tinderbox: (0.000193s) SELECT sqlite_version()
I, [2022-01-16T22:14:57.204635 #2576720]  INFO -- rune.rb-0.0.1-tinderbox: (0.000737s) PRAGMA table_xinfo('player_profile')
I, [2022-01-16T22:14:57.206491 #2576720]  INFO -- rune.rb-0.0.1-tinderbox: (0.000325s) PRAGMA table_xinfo('player_appearance')
I, [2022-01-16T22:14:57.208620 #2576720]  INFO -- rune.rb-0.0.1-tinderbox: (0.000102s) PRAGMA table_xinfo('player_items')
I, [2022-01-16T22:14:57.211860 #2576720]  INFO -- rune.rb-0.0.1-tinderbox: (0.000239s) PRAGMA table_xinfo('player_settings')
I, [2022-01-16T22:14:57.213277 #2576720]  INFO -- rune.rb-0.0.1-tinderbox: (0.000142s) PRAGMA table_xinfo('player_attributes')
I, [2022-01-16T22:14:57.215032 #2576720]  INFO -- rune.rb-0.0.1-tinderbox: (0.000406s) PRAGMA table_xinfo('player_skills')
I, [2022-01-16T22:14:57.217937 #2576720]  INFO -- rune.rb-0.0.1-tinderbox: (0.000122s) PRAGMA table_xinfo('player_location')
I, [2022-01-16T22:14:57.218957 #2576720]  INFO -- rune.rb-0.0.1-tinderbox: (0.000167s) SELECT * FROM `player_profile` WHERE (`username` = 'pat') LIMIT 1
I, [2022-01-16T22:14:57.219266 #2576720]  INFO -- rune.rb: [22:14] Authenticating session for user pat
I, [2022-01-16T22:14:57.219767 #2576720]  INFO -- rune.rb-0.0.1-tinderbox: (0.000123s) SELECT * FROM `player_attributes` WHERE (`player_attributes`.`id` = '13777323318265115097') LIMIT 1
I, [2022-01-16T22:14:57.220462 #2576720]  INFO -- rune.rb-0.0.1-tinderbox: (0.000053s) SELECT sqlite_version()
I, [2022-01-16T22:14:57.220932 #2576720]  INFO -- rune.rb-0.0.1-tinderbox: (0.000368s) PRAGMA table_xinfo('system_banned_names')
I, [2022-01-16T22:14:57.221431 #2576720]  INFO -- rune.rb-0.0.1-tinderbox: (0.000065s) SELECT * FROM `system_banned_names`
I, [2022-01-16T22:14:57.221641 #2576720]  INFO -- rune.rb: [22:14] Welcome, Pat!
I, [2022-01-16T22:14:57.227528 #2576720]  INFO -- rune.rb-0.0.1-tinderbox: (0.000143s) SELECT * FROM `player_location` WHERE (`player_location`.`id` = '13777323318265115097') LIMIT 1
W, [2022-01-16T22:14:57.229152 #2576720]  WARN -- rune.rb: [22:14] Attached to Session 13777359997486947746!
I, [2022-01-16T22:14:57.229868 #2576720]  INFO -- rune.rb-0.0.1-tinderbox: (0.000247s) SELECT * FROM `player_appearance` WHERE (`player_appearance`.`id` = '13777323318265115097') LIMIT 1
I, [2022-01-16T22:14:57.231006 #2576720]  INFO -- rune.rb-0.0.1-tinderbox: (0.000061s) SELECT sqlite_version()
I, [2022-01-16T22:14:57.231825 #2576720]  INFO -- rune.rb-0.0.1-tinderbox: (0.000681s) PRAGMA table_xinfo('game_item_definitions')
I, [2022-01-16T22:14:57.236370 #2576720]  INFO -- rune.rb-0.0.1-tinderbox: (0.000139s) SELECT * FROM `game_item_definitions`
I, [2022-01-16T22:14:57.237292 #2576720]  INFO -- rune.rb-0.0.1-tinderbox: (0.000226s) PRAGMA table_xinfo('game_equipment_definitions')
I, [2022-01-16T22:14:57.239179 #2576720]  INFO -- rune.rb-0.0.1-tinderbox: (0.000139s) PRAGMA table_xinfo('game_item_spawns')
I, [2022-01-16T22:14:57.240299 #2576720]  INFO -- rune.rb: [22:14] Loaded Equipment for pat
I, [2022-01-16T22:14:57.245641 #2576720]  INFO -- rune.rb-0.0.1-tinderbox: (0.000511s) SELECT * FROM `player_skills` WHERE (`player_skills`.`id` = '13777323318265115097') LIMIT 1
I, [2022-01-16T22:14:57.472647 #2576720]  INFO -- rune.rb: [22:14] Wrote [x: 54, y: 54]
W, [2022-01-16T22:14:57.831180 #2576720]  WARN -- rune.rb: [22:14] Received heartbeat
W, [2022-01-16T22:14:58.638908 #2576720]  WARN -- rune.rb: [22:14] Received heartbeat
W, [2022-01-16T22:14:59.684010 #2576720]  WARN -- rune.rb: [22:14] Received heartbeat
W, [2022-01-16T22:15:00.722506 #2576720]  WARN -- rune.rb: [22:15] Received heartbeat
I, [2022-01-16T22:15:01.769292 #2576720]  INFO -- rune.rb: [22:15] Ping Received! [210]
I, [2022-01-16T22:15:02.815562 #2576720]  INFO -- rune.rb: [22:15] Ping Received! [121]
W, [2022-01-16T22:15:03.862636 #2576720]  WARN -- rune.rb: [22:15] Received heartbeat
W, [2022-01-16T22:15:04.889087 #2576720]  WARN -- rune.rb: [22:15] New Session created @ 192.168.1.64
I, [2022-01-16T22:15:04.895211 #2576720]  INFO -- rune.rb: [22:15] [ConnectionType]: Login from 192.168.1.64
I, [2022-01-16T22:15:04.900491 #2576720]  INFO -- rune.rb-0.0.1-tinderbox: (0.000171s) SELECT * FROM `player_profile` WHERE (`username` = 'pat') LIMIT 1
I, [2022-01-16T22:15:04.900659 #2576720]  INFO -- rune.rb: [22:15] Authenticating session for user pat
I, [2022-01-16T22:15:04.900913 #2576720]  INFO -- rune.rb-0.0.1-tinderbox: (0.000117s) SELECT * FROM `player_attributes` WHERE (`player_attributes`.`id` = '13777323318265115097') LIMIT 1
I, [2022-01-16T22:15:04.901401 #2576720]  INFO -- rune.rb-0.0.1-tinderbox: (0.000395s) SELECT * FROM `system_banned_names`
W, [2022-01-16T22:15:04.901596 #2576720]  WARN -- rune.rb: [22:15] Conflicting context for session @ 192.168.1.64!
I, [2022-01-16T22:15:04.902445 #2576720]  INFO -- rune.rb-0.0.1-tinderbox: (0.000457s) SELECT * FROM `player_items` WHERE (`player_items`.`id` = '13777323318265115097') LIMIT 1
I, [2022-01-16T22:15:04.903302 #2576720]  INFO -- rune.rb: [22:15] Released Context for Pat
I, [2022-01-16T22:15:04.903430 #2576720]  INFO -- rune.rb: [22:15] See ya, Pat!
W, [2022-01-16T22:15:04.903567 #2576720]  WARN -- rune.rb: [22:15] Session ended by client.
W, [2022-01-16T22:15:04.903774 #2576720]  WARN -- rune.rb: [22:15] [IP:] 192.168.1.6 || [ID:] 13777359997486947746 || [UP:] 0 days, 0 hours, 0 minutes, and 7 seconds || [LOGIN_STAGE:] logged_out
I, [2022-01-16T22:15:04.904216 #2576720]  INFO -- rune.rb-0.0.1-tinderbox: (0.000038s) BEGIN
I, [2022-01-16T22:15:04.904856 #2576720]  INFO -- rune.rb-0.0.1-tinderbox: (0.000375s) UPDATE `player_attributes` SET `last_login_stamp` = '2022-01-16 22:15:04 -0500', `last_login_ip` = '192.168.1.6' WHERE (`id` = '13777323318265115097')
I, [2022-01-16T22:15:04.928287 #2576720]  INFO -- rune.rb-0.0.1-tinderbox: (0.023324s) COMMIT
W, [2022-01-16T22:15:04.928526 #2576720]  WARN -- rune.rb: [22:15] Detached from World instance!
I, [2022-01-16T22:15:04.928656 #2576720]  INFO -- rune.rb: [22:15] Released Context for Pat
I, [2022-01-16T22:15:04.928766 #2576720]  INFO -- rune.rb: [22:15] See ya, Pat!
I, [2022-01-16T22:15:04.929313 #2576720]  INFO -- rune.rb-0.0.1-tinderbox: (0.000164s) SELECT * FROM `player_profile` WHERE (`username` = 'pat') LIMIT 1
I, [2022-01-16T22:15:04.929421 #2576720]  INFO -- rune.rb: [22:15] Authenticating session for user pat
I, [2022-01-16T22:15:04.929635 #2576720]  INFO -- rune.rb-0.0.1-tinderbox: (0.000124s) SELECT * FROM `player_attributes` WHERE (`player_attributes`.`id` = '13777323318265115097') LIMIT 1
I, [2022-01-16T22:15:04.929799 #2576720]  INFO -- rune.rb-0.0.1-tinderbox: (0.000079s) SELECT * FROM `system_banned_names`
I, [2022-01-16T22:15:04.930099 #2576720]  INFO -- rune.rb: [22:15] Welcome, Pat!
I, [2022-01-16T22:15:04.930373 #2576720]  INFO -- rune.rb-0.0.1-tinderbox: (0.000180s) SELECT * FROM `player_location` WHERE (`player_location`.`id` = '13777323318265115097') LIMIT 1
W, [2022-01-16T22:15:04.930511 #2576720]  WARN -- rune.rb: [22:15] Attached to Session 13777360062108054280!
I, [2022-01-16T22:15:04.930749 #2576720]  INFO -- rune.rb-0.0.1-tinderbox: (0.000164s) SELECT * FROM `player_appearance` WHERE (`player_appearance`.`id` = '13777323318265115097') LIMIT 1
I, [2022-01-16T22:15:04.930895 #2576720]  INFO -- rune.rb: [22:15] Loaded Equipment for pat
I, [2022-01-16T22:15:04.931198 #2576720]  INFO -- rune.rb-0.0.1-tinderbox: (0.000230s) SELECT * FROM `player_skills` WHERE (`player_skills`.`id` = '13777323318265115097') LIMIT 1
W, [2022-01-16T22:15:05.001535 #2576720]  WARN -- rune.rb: [22:15] Received heartbeat
I, [2022-01-16T22:15:05.278340 #2576720]  INFO -- rune.rb: [22:15] Wrote [x: 54, y: 54]
W, [2022-01-16T22:15:05.786668 #2576720]  WARN -- rune.rb: [22:15] Received heartbeat
W, [2022-01-16T22:15:06.448621 #2576720]  WARN -- rune.rb: [22:15] Received heartbeat
W, [2022-01-16T22:15:06.640987 #2576720]  WARN -- rune.rb: [22:15] Received heartbeat
W, [2022-01-16T22:15:07.002644 #2576720]  WARN -- rune.rb: [22:15] New Session created @ 192.168.1.6
I, [2022-01-16T22:15:07.002903 #2576720]  INFO -- rune.rb: [22:15] [ConnectionType]: Login from 192.168.1.6
I, [2022-01-16T22:15:07.008116 #2576720]  INFO -- rune.rb-0.0.1-tinderbox: (0.000163s) SELECT * FROM `player_profile` WHERE (`username` = 'pat') LIMIT 1
I, [2022-01-16T22:15:07.008301 #2576720]  INFO -- rune.rb: [22:15] Authenticating session for user pat
I, [2022-01-16T22:15:07.008517 #2576720]  INFO -- rune.rb-0.0.1-tinderbox: (0.000121s) SELECT * FROM `player_attributes` WHERE (`player_attributes`.`id` = '13777323318265115097') LIMIT 1
I, [2022-01-16T22:15:07.008657 #2576720]  INFO -- rune.rb-0.0.1-tinderbox: (0.000067s) SELECT * FROM `system_banned_names`
W, [2022-01-16T22:15:07.008799 #2576720]  WARN -- rune.rb: [22:15] Conflicting context for session @ 192.168.1.6!
I, [2022-01-16T22:15:07.008939 #2576720]  INFO -- rune.rb-0.0.1-tinderbox: (0.000081s) SELECT * FROM `player_items` WHERE (`player_items`.`id` = '13777323318265115097') LIMIT 1
I, [2022-01-16T22:15:07.009183 #2576720]  INFO -- rune.rb: [22:15] Released Context for Pat
I, [2022-01-16T22:15:07.009276 #2576720]  INFO -- rune.rb: [22:15] See ya, Pat!
W, [2022-01-16T22:15:07.009393 #2576720]  WARN -- rune.rb: [22:15] Session ended by client.
W, [2022-01-16T22:15:07.009675 #2576720]  WARN -- rune.rb: [22:15] [IP:] 192.168.1.64 || [ID:] 13777360062108054280 || [UP:] 0 days, 0 hours, 0 minutes, and 2 seconds || [LOGIN_STAGE:] logged_out
I, [2022-01-16T22:15:07.009862 #2576720]  INFO -- rune.rb-0.0.1-tinderbox: (0.000048s) BEGIN
I, [2022-01-16T22:15:07.010166 #2576720]  INFO -- rune.rb-0.0.1-tinderbox: (0.000135s) UPDATE `player_attributes` SET `last_login_stamp` = '2022-01-16 22:15:07 -0500', `last_login_ip` = '192.168.1.64' WHERE (`id` = '13777323318265115097')
I, [2022-01-16T22:15:07.017183 #2576720]  INFO -- rune.rb-0.0.1-tinderbox: (0.006953s) COMMIT
W, [2022-01-16T22:15:07.017361 #2576720]  WARN -- rune.rb: [22:15] Detached from World instance!
I, [2022-01-16T22:15:07.017470 #2576720]  INFO -- rune.rb: [22:15] Released Context for Pat
I, [2022-01-16T22:15:07.017561 #2576720]  INFO -- rune.rb: [22:15] See ya, Pat!
I, [2022-01-16T22:15:07.018002 #2576720]  INFO -- rune.rb-0.0.1-tinderbox: (0.000144s) SELECT * FROM `player_profile` WHERE (`username` = 'pat') LIMIT 1
I, [2022-01-16T22:15:07.018095 #2576720]  INFO -- rune.rb: [22:15] Authenticating session for user pat
I, [2022-01-16T22:15:07.018257 #2576720]  INFO -- rune.rb-0.0.1-tinderbox: (0.000092s) SELECT * FROM `player_attributes` WHERE (`player_attributes`.`id` = '13777323318265115097') LIMIT 1
I, [2022-01-16T22:15:07.018384 #2576720]  INFO -- rune.rb-0.0.1-tinderbox: (0.000060s) SELECT * FROM `system_banned_names`
I, [2022-01-16T22:15:07.018520 #2576720]  INFO -- rune.rb: [22:15] Welcome, Pat!
I, [2022-01-16T22:15:07.018665 #2576720]  INFO -- rune.rb-0.0.1-tinderbox: (0.000086s) SELECT * FROM `player_location` WHERE (`player_location`.`id` = '13777323318265115097') LIMIT 1
W, [2022-01-16T22:15:07.018782 #2576720]  WARN -- rune.rb: [22:15] Attached to Session 13777360079836316887!
I, [2022-01-16T22:15:07.018993 #2576720]  INFO -- rune.rb-0.0.1-tinderbox: (0.000154s) SELECT * FROM `player_appearance` WHERE (`player_appearance`.`id` = '13777323318265115097') LIMIT 1
I, [2022-01-16T22:15:07.019121 #2576720]  INFO -- rune.rb: [22:15] Loaded Equipment for pat
I, [2022-01-16T22:15:07.019389 #2576720]  INFO -- rune.rb-0.0.1-tinderbox: (0.000212s) SELECT * FROM `player_skills` WHERE (`player_skills`.`id` = '13777323318265115097') LIMIT 1
W, [2022-01-16T22:15:07.037045 #2576720]  WARN -- rune.rb: [22:15] Received heartbeat
I, [2022-01-16T22:15:07.079589 #2576720]  INFO -- rune.rb: [22:15] Wrote [x: 54, y: 54]
W, [2022-01-16T22:15:07.445140 #2576720]  WARN -- rune.rb: [22:15] Received heartbeat
W, [2022-01-16T22:15:08.306967 #2576720]  WARN -- rune.rb: [22:15] Received heartbeat
W, [2022-01-16T22:15:08.738046 #2576720]  WARN -- rune.rb: [22:15] New Session created @ 192.168.1.64
I, [2022-01-16T22:15:08.738341 #2576720]  INFO -- rune.rb: [22:15] [ConnectionType]: Login from 192.168.1.64
I, [2022-01-16T22:15:08.743723 #2576720]  INFO -- rune.rb-0.0.1-tinderbox: (0.000183s) SELECT * FROM `player_profile` WHERE (`username` = 'pat') LIMIT 1
I, [2022-01-16T22:15:08.743932 #2576720]  INFO -- rune.rb: [22:15] Authenticating session for user pat
I, [2022-01-16T22:15:08.744176 #2576720]  INFO -- rune.rb-0.0.1-tinderbox: (0.000135s) SELECT * FROM `player_attributes` WHERE (`player_attributes`.`id` = '13777323318265115097') LIMIT 1
I, [2022-01-16T22:15:08.744354 #2576720]  INFO -- rune.rb-0.0.1-tinderbox: (0.000079s) SELECT * FROM `system_banned_names`
W, [2022-01-16T22:15:08.744501 #2576720]  WARN -- rune.rb: [22:15] Conflicting context for session @ 192.168.1.64!
I, [2022-01-16T22:15:08.744680 #2576720]  INFO -- rune.rb-0.0.1-tinderbox: (0.000100s) SELECT * FROM `player_items` WHERE (`player_items`.`id` = '13777323318265115097') LIMIT 1
I, [2022-01-16T22:15:08.744964 #2576720]  INFO -- rune.rb: [22:15] Released Context for Pat
I, [2022-01-16T22:15:08.745068 #2576720]  INFO -- rune.rb: [22:15] See ya, Pat!
W, [2022-01-16T22:15:08.745200 #2576720]  WARN -- rune.rb: [22:15] Session ended by client.
W, [2022-01-16T22:15:08.745353 #2576720]  WARN -- rune.rb: [22:15] [IP:] 192.168.1.6 || [ID:] 13777360079836316887 || [UP:] 0 days, 0 hours, 0 minutes, and 1 seconds || [LOGIN_STAGE:] logged_out
I, [2022-01-16T22:15:08.745530 #2576720]  INFO -- rune.rb-0.0.1-tinderbox: (0.000023s) BEGIN
I, [2022-01-16T22:15:08.746133 #2576720]  INFO -- rune.rb-0.0.1-tinderbox: (0.000173s) UPDATE `player_attributes` SET `last_login_stamp` = '2022-01-16 22:15:08 -0500', `last_login_ip` = '192.168.1.6' WHERE (`id` = '13777323318265115097')
I, [2022-01-16T22:15:08.752470 #2576720]  INFO -- rune.rb-0.0.1-tinderbox: (0.006244s) COMMIT
W, [2022-01-16T22:15:08.752661 #2576720]  WARN -- rune.rb: [22:15] Detached from World instance!
I, [2022-01-16T22:15:08.752803 #2576720]  INFO -- rune.rb: [22:15] Released Context for Pat
I, [2022-01-16T22:15:08.752908 #2576720]  INFO -- rune.rb: [22:15] See ya, Pat!
I, [2022-01-16T22:15:08.753381 #2576720]  INFO -- rune.rb-0.0.1-tinderbox: (0.000155s) SELECT * FROM `player_profile` WHERE (`username` = 'pat') LIMIT 1
I, [2022-01-16T22:15:08.753482 #2576720]  INFO -- rune.rb: [22:15] Authenticating session for user pat
I, [2022-01-16T22:15:08.753681 #2576720]  INFO -- rune.rb-0.0.1-tinderbox: (0.000115s) SELECT * FROM `player_attributes` WHERE (`player_attributes`.`id` = '13777323318265115097') LIMIT 1
I, [2022-01-16T22:15:08.753837 #2576720]  INFO -- rune.rb-0.0.1-tinderbox: (0.000069s) SELECT * FROM `system_banned_names`
I, [2022-01-16T22:15:08.753986 #2576720]  INFO -- rune.rb: [22:15] Welcome, Pat!
I, [2022-01-16T22:15:08.754155 #2576720]  INFO -- rune.rb-0.0.1-tinderbox: (0.000095s) SELECT * FROM `player_location` WHERE (`player_location`.`id` = '13777323318265115097') LIMIT 1
W, [2022-01-16T22:15:08.754277 #2576720]  WARN -- rune.rb: [22:15] Attached to Session 13777360094400225444!
I, [2022-01-16T22:15:08.754499 #2576720]  INFO -- rune.rb-0.0.1-tinderbox: (0.000152s) SELECT * FROM `player_appearance` WHERE (`player_appearance`.`id` = '13777323318265115097') LIMIT 1
I, [2022-01-16T22:15:08.754634 #2576720]  INFO -- rune.rb: [22:15] Loaded Equipment for pat
I, [2022-01-16T22:15:08.754932 #2576720]  INFO -- rune.rb-0.0.1-tinderbox: (0.000233s) SELECT * FROM `player_skills` WHERE (`player_skills`.`id` = '13777323318265115097') LIMIT 1
I, [2022-01-16T22:15:08.881373 #2576720]  INFO -- rune.rb: [22:15] Wrote [x: 54, y: 54]
W, [2022-01-16T22:15:09.080633 #2576720]  WARN -- rune.rb: [22:15] Received heartbeat
W, [2022-01-16T22:15:10.021265 #2576720]  WARN -- rune.rb: [22:15] Received heartbeat
W, [2022-01-16T22:15:11.042884 #2576720]  WARN -- rune.rb: [22:15] Received heartbeat
W, [2022-01-16T22:15:11.432184 #2576720]  WARN -- rune.rb: [22:15] New Session created @ 192.168.1.6
I, [2022-01-16T22:15:11.432484 #2576720]  INFO -- rune.rb: [22:15] [ConnectionType]: Login from 192.168.1.6
I, [2022-01-16T22:15:11.437501 #2576720]  INFO -- rune.rb-0.0.1-tinderbox: (0.000162s) SELECT * FROM `player_profile` WHERE (`username` = 'pat') LIMIT 1
I, [2022-01-16T22:15:11.437647 #2576720]  INFO -- rune.rb: [22:15] Authenticating session for user pat
I, [2022-01-16T22:15:11.437862 #2576720]  INFO -- rune.rb-0.0.1-tinderbox: (0.000129s) SELECT * FROM `player_attributes` WHERE (`player_attributes`.`id` = '13777323318265115097') LIMIT 1
I, [2022-01-16T22:15:11.438014 #2576720]  INFO -- rune.rb-0.0.1-tinderbox: (0.000068s) SELECT * FROM `system_banned_names`
W, [2022-01-16T22:15:11.438133 #2576720]  WARN -- rune.rb: [22:15] Conflicting context for session @ 192.168.1.6!
I, [2022-01-16T22:15:11.438289 #2576720]  INFO -- rune.rb-0.0.1-tinderbox: (0.000088s) SELECT * FROM `player_items` WHERE (`player_items`.`id` = '13777323318265115097') LIMIT 1
I, [2022-01-16T22:15:11.438535 #2576720]  INFO -- rune.rb: [22:15] Released Context for Pat
I, [2022-01-16T22:15:11.438647 #2576720]  INFO -- rune.rb: [22:15] See ya, Pat!
W, [2022-01-16T22:15:11.438798 #2576720]  WARN -- rune.rb: [22:15] Session ended by client.
W, [2022-01-16T22:15:11.439059 #2576720]  WARN -- rune.rb: [22:15] [IP:] 192.168.1.64 || [ID:] 13777360094400225444 || [UP:] 0 days, 0 hours, 0 minutes, and 2 seconds || [LOGIN_STAGE:] logged_out
I, [2022-01-16T22:15:11.439249 #2576720]  INFO -- rune.rb-0.0.1-tinderbox: (0.000054s) BEGIN
I, [2022-01-16T22:15:11.439562 #2576720]  INFO -- rune.rb-0.0.1-tinderbox: (0.000154s) UPDATE `player_attributes` SET `last_login_stamp` = '2022-01-16 22:15:11 -0500', `last_login_ip` = '192.168.1.64' WHERE (`id` = '13777323318265115097')
I, [2022-01-16T22:15:11.446348 #2576720]  INFO -- rune.rb-0.0.1-tinderbox: (0.006733s) COMMIT
W, [2022-01-16T22:15:11.446491 #2576720]  WARN -- rune.rb: [22:15] Detached from World instance!
I, [2022-01-16T22:15:11.446604 #2576720]  INFO -- rune.rb: [22:15] Released Context for Pat
I, [2022-01-16T22:15:11.446702 #2576720]  INFO -- rune.rb: [22:15] See ya, Pat!
I, [2022-01-16T22:15:11.447129 #2576720]  INFO -- rune.rb-0.0.1-tinderbox: (0.000129s) SELECT * FROM `player_profile` WHERE (`username` = 'pat') LIMIT 1
I, [2022-01-16T22:15:11.447229 #2576720]  INFO -- rune.rb: [22:15] Authenticating session for user pat
I, [2022-01-16T22:15:11.447409 #2576720]  INFO -- rune.rb-0.0.1-tinderbox: (0.000104s) SELECT * FROM `player_attributes` WHERE (`player_attributes`.`id` = '13777323318265115097') LIMIT 1
I, [2022-01-16T22:15:11.447545 #2576720]  INFO -- rune.rb-0.0.1-tinderbox: (0.000064s) SELECT * FROM `system_banned_names`
I, [2022-01-16T22:15:11.447692 #2576720]  INFO -- rune.rb: [22:15] Welcome, Pat!
I, [2022-01-16T22:15:11.447859 #2576720]  INFO -- rune.rb-0.0.1-tinderbox: (0.000092s) SELECT * FROM `player_location` WHERE (`player_location`.`id` = '13777323318265115097') LIMIT 1
W, [2022-01-16T22:15:11.447987 #2576720]  WARN -- rune.rb: [22:15] Attached to Session 13777360117000273465!
I, [2022-01-16T22:15:11.448198 #2576720]  INFO -- rune.rb-0.0.1-tinderbox: (0.000149s) SELECT * FROM `player_appearance` WHERE (`player_appearance`.`id` = '13777323318265115097') LIMIT 1
I, [2022-01-16T22:15:11.448334 #2576720]  INFO -- rune.rb: [22:15] Loaded Equipment for pat
I, [2022-01-16T22:15:11.448615 #2576720]  INFO -- rune.rb-0.0.1-tinderbox: (0.000222s) SELECT * FROM `player_skills` WHERE (`player_skills`.`id` = '13777323318265115097') LIMIT 1
W, [2022-01-16T22:15:11.463746 #2576720]  WARN -- rune.rb: [22:15] Received heartbeat
I, [2022-01-16T22:15:11.883398 #2576720]  INFO -- rune.rb: [22:15] Wrote [x: 54, y: 54]
W, [2022-01-16T22:15:12.052195 #2576720]  WARN -- rune.rb: [22:15] Received heartbeat
W, [2022-01-16T22:15:12.997768 #2576720]  WARN -- rune.rb: [22:15] Received heartbeat
W, [2022-01-16T22:15:14.038013 #2576720]  WARN -- rune.rb: [22:15] Received heartbeat
W, [2022-01-16T22:15:14.132479 #2576720]  WARN -- rune.rb: [22:15] New Session created @ 192.168.1.64
I, [2022-01-16T22:15:14.132836 #2576720]  INFO -- rune.rb: [22:15] [ConnectionType]: Login from 192.168.1.64
I, [2022-01-16T22:15:14.138557 #2576720]  INFO -- rune.rb-0.0.1-tinderbox: (0.000163s) SELECT * FROM `player_profile` WHERE (`username` = 'pat') LIMIT 1
I, [2022-01-16T22:15:14.138707 #2576720]  INFO -- rune.rb: [22:15] Authenticating session for user pat
I, [2022-01-16T22:15:14.138957 #2576720]  INFO -- rune.rb-0.0.1-tinderbox: (0.000122s) SELECT * FROM `player_attributes` WHERE (`player_attributes`.`id` = '13777323318265115097') LIMIT 1
I, [2022-01-16T22:15:14.139103 #2576720]  INFO -- rune.rb-0.0.1-tinderbox: (0.000066s) SELECT * FROM `system_banned_names`
W, [2022-01-16T22:15:14.139228 #2576720]  WARN -- rune.rb: [22:15] Conflicting context for session @ 192.168.1.64!
I, [2022-01-16T22:15:14.139397 #2576720]  INFO -- rune.rb-0.0.1-tinderbox: (0.000086s) SELECT * FROM `player_items` WHERE (`player_items`.`id` = '13777323318265115097') LIMIT 1
I, [2022-01-16T22:15:14.139636 #2576720]  INFO -- rune.rb: [22:15] Released Context for Pat
I, [2022-01-16T22:15:14.139904 #2576720]  INFO -- rune.rb: [22:15] See ya, Pat!
W, [2022-01-16T22:15:14.140031 #2576720]  WARN -- rune.rb: [22:15] Session ended by client.
W, [2022-01-16T22:15:14.140197 #2576720]  WARN -- rune.rb: [22:15] [IP:] 192.168.1.6 || [ID:] 13777360117000273465 || [UP:] 0 days, 0 hours, 0 minutes, and 2 seconds || [LOGIN_STAGE:] logged_out
I, [2022-01-16T22:15:14.140402 #2576720]  INFO -- rune.rb-0.0.1-tinderbox: (0.000057s) BEGIN
I, [2022-01-16T22:15:14.140862 #2576720]  INFO -- rune.rb-0.0.1-tinderbox: (0.000263s) UPDATE `player_attributes` SET `last_login_stamp` = '2022-01-16 22:15:14 -0500', `last_login_ip` = '192.168.1.6' WHERE (`id` = '13777323318265115097')
I, [2022-01-16T22:15:14.150147 #2576720]  INFO -- rune.rb-0.0.1-tinderbox: (0.009214s) COMMIT
W, [2022-01-16T22:15:14.150329 #2576720]  WARN -- rune.rb: [22:15] Detached from World instance!
I, [2022-01-16T22:15:14.150497 #2576720]  INFO -- rune.rb: [22:15] Released Context for Pat
I, [2022-01-16T22:15:14.150636 #2576720]  INFO -- rune.rb: [22:15] See ya, Pat!
I, [2022-01-16T22:15:14.151104 #2576720]  INFO -- rune.rb-0.0.1-tinderbox: (0.000147s) SELECT * FROM `player_profile` WHERE (`username` = 'pat') LIMIT 1
I, [2022-01-16T22:15:14.151204 #2576720]  INFO -- rune.rb: [22:15] Authenticating session for user pat
I, [2022-01-16T22:15:14.151410 #2576720]  INFO -- rune.rb-0.0.1-tinderbox: (0.000111s) SELECT * FROM `player_attributes` WHERE (`player_attributes`.`id` = '13777323318265115097') LIMIT 1
I, [2022-01-16T22:15:14.151565 #2576720]  INFO -- rune.rb-0.0.1-tinderbox: (0.000074s) SELECT * FROM `system_banned_names`
I, [2022-01-16T22:15:14.151717 #2576720]  INFO -- rune.rb: [22:15] Welcome, Pat!
I, [2022-01-16T22:15:14.151912 #2576720]  INFO -- rune.rb-0.0.1-tinderbox: (0.000096s) SELECT * FROM `player_location` WHERE (`player_location`.`id` = '13777323318265115097') LIMIT 1
W, [2022-01-16T22:15:14.152035 #2576720]  WARN -- rune.rb: [22:15] Attached to Session 13777360139644896587!
I, [2022-01-16T22:15:14.152270 #2576720]  INFO -- rune.rb-0.0.1-tinderbox: (0.000154s) SELECT * FROM `player_appearance` WHERE (`player_appearance`.`id` = '13777323318265115097') LIMIT 1
I, [2022-01-16T22:15:14.152530 #2576720]  INFO -- rune.rb: [22:15] Loaded Equipment for pat
I, [2022-01-16T22:15:14.152872 #2576720]  INFO -- rune.rb-0.0.1-tinderbox: (0.000270s) SELECT * FROM `player_skills` WHERE (`player_skills`.`id` = '13777323318265115097') LIMIT 1
W, [2022-01-16T22:15:14.170436 #2576720]  WARN -- rune.rb: [22:15] Received heartbeat
I, [2022-01-16T22:15:14.285340 #2576720]  INFO -- rune.rb: [22:15] Wrote [x: 54, y: 54]
W, [2022-01-16T22:15:14.398013 #2576720]  WARN -- rune.rb: [22:15] Received heartbeat
W, [2022-01-16T22:15:15.382921 #2576720]  WARN -- rune.rb: [22:15] Received heartbeat
W, [2022-01-16T22:15:16.421032 #2576720]  WARN -- rune.rb: [22:15] Received heartbeat
W, [2022-01-16T22:15:17.161560 #2576720]  WARN -- rune.rb: [22:15] New Session created @ 192.168.1.6
I, [2022-01-16T22:15:17.161981 #2576720]  INFO -- rune.rb: [22:15] [ConnectionType]: Login from 192.168.1.6
I, [2022-01-16T22:15:17.168119 #2576720]  INFO -- rune.rb-0.0.1-tinderbox: (0.000165s) SELECT * FROM `player_profile` WHERE (`username` = 'pat') LIMIT 1
I, [2022-01-16T22:15:17.168284 #2576720]  INFO -- rune.rb: [22:15] Authenticating session for user pat
I, [2022-01-16T22:15:17.168498 #2576720]  INFO -- rune.rb-0.0.1-tinderbox: (0.000125s) SELECT * FROM `player_attributes` WHERE (`player_attributes`.`id` = '13777323318265115097') LIMIT 1
I, [2022-01-16T22:15:17.168642 #2576720]  INFO -- rune.rb-0.0.1-tinderbox: (0.000066s) SELECT * FROM `system_banned_names`
W, [2022-01-16T22:15:17.168806 #2576720]  WARN -- rune.rb: [22:15] Conflicting context for session @ 192.168.1.6!
I, [2022-01-16T22:15:17.168965 #2576720]  INFO -- rune.rb-0.0.1-tinderbox: (0.000088s) SELECT * FROM `player_items` WHERE (`player_items`.`id` = '13777323318265115097') LIMIT 1
I, [2022-01-16T22:15:17.169214 #2576720]  INFO -- rune.rb: [22:15] Released Context for Pat
I, [2022-01-16T22:15:17.169315 #2576720]  INFO -- rune.rb: [22:15] See ya, Pat!
W, [2022-01-16T22:15:17.169440 #2576720]  WARN -- rune.rb: [22:15] Session ended by client.
W, [2022-01-16T22:15:17.169600 #2576720]  WARN -- rune.rb: [22:15] [IP:] 192.168.1.64 || [ID:] 13777360139644896587 || [UP:] 0 days, 0 hours, 0 minutes, and 3 seconds || [LOGIN_STAGE:] logged_out
I, [2022-01-16T22:15:17.169765 #2576720]  INFO -- rune.rb-0.0.1-tinderbox: (0.000023s) BEGIN
I, [2022-01-16T22:15:17.170070 #2576720]  INFO -- rune.rb-0.0.1-tinderbox: (0.000136s) UPDATE `player_attributes` SET `last_login_stamp` = '2022-01-16 22:15:17 -0500', `last_login_ip` = '192.168.1.64' WHERE (`id` = '13777323318265115097')
I, [2022-01-16T22:15:17.176824 #2576720]  INFO -- rune.rb-0.0.1-tinderbox: (0.006697s) COMMIT
W, [2022-01-16T22:15:17.177169 #2576720]  WARN -- rune.rb: [22:15] Detached from World instance!
I, [2022-01-16T22:15:17.177348 #2576720]  INFO -- rune.rb: [22:15] Released Context for Pat
I, [2022-01-16T22:15:17.177509 #2576720]  INFO -- rune.rb: [22:15] See ya, Pat!
I, [2022-01-16T22:15:17.178099 #2576720]  INFO -- rune.rb-0.0.1-tinderbox: (0.000159s) SELECT * FROM `player_profile` WHERE (`username` = 'pat') LIMIT 1
I, [2022-01-16T22:15:17.178239 #2576720]  INFO -- rune.rb: [22:15] Authenticating session for user pat
I, [2022-01-16T22:15:17.178471 #2576720]  INFO -- rune.rb-0.0.1-tinderbox: (0.000133s) SELECT * FROM `player_attributes` WHERE (`player_attributes`.`id` = '13777323318265115097') LIMIT 1
I, [2022-01-16T22:15:17.178642 #2576720]  INFO -- rune.rb-0.0.1-tinderbox: (0.000081s) SELECT * FROM `system_banned_names`
I, [2022-01-16T22:15:17.178878 #2576720]  INFO -- rune.rb: [22:15] Welcome, Pat!
I, [2022-01-16T22:15:17.179094 #2576720]  INFO -- rune.rb-0.0.1-tinderbox: (0.000119s) SELECT * FROM `player_location` WHERE (`player_location`.`id` = '13777323318265115097') LIMIT 1
W, [2022-01-16T22:15:17.179262 #2576720]  WARN -- rune.rb: [22:15] Attached to Session 13777360165053735793!
I, [2022-01-16T22:15:17.179561 #2576720]  INFO -- rune.rb-0.0.1-tinderbox: (0.000210s) SELECT * FROM `player_appearance` WHERE (`player_appearance`.`id` = '13777323318265115097') LIMIT 1
I, [2022-01-16T22:15:17.179768 #2576720]  INFO -- rune.rb: [22:15] Loaded Equipment for pat
I, [2022-01-16T22:15:17.180215 #2576720]  INFO -- rune.rb-0.0.1-tinderbox: (0.000354s) SELECT * FROM `player_skills` WHERE (`player_skills`.`id` = '13777323318265115097') LIMIT 1
W, [2022-01-16T22:15:17.197904 #2576720]  WARN -- rune.rb: [22:15] Received heartbeat
I, [2022-01-16T22:15:17.288065 #2576720]  INFO -- rune.rb: [22:15] Wrote [x: 54, y: 54]
W, [2022-01-16T22:15:17.555092 #2576720]  WARN -- rune.rb: [22:15] Received heartbeat
W, [2022-01-16T22:15:18.443375 #2576720]  WARN -- rune.rb: [22:15] Received heartbeat
W, [2022-01-16T22:15:19.432530 #2576720]  WARN -- rune.rb: [22:15] New Session created @ 192.168.1.64
I, [2022-01-16T22:15:19.432808 #2576720]  INFO -- rune.rb: [22:15] [ConnectionType]: Login from 192.168.1.64
I, [2022-01-16T22:15:19.437850 #2576720]  INFO -- rune.rb-0.0.1-tinderbox: (0.000182s) SELECT * FROM `player_profile` WHERE (`username` = 'pat') LIMIT 1
I, [2022-01-16T22:15:19.437983 #2576720]  INFO -- rune.rb: [22:15] Authenticating session for user pat
I, [2022-01-16T22:15:19.438184 #2576720]  INFO -- rune.rb-0.0.1-tinderbox: (0.000111s) SELECT * FROM `player_attributes` WHERE (`player_attributes`.`id` = '13777323318265115097') LIMIT 1
I, [2022-01-16T22:15:19.438325 #2576720]  INFO -- rune.rb-0.0.1-tinderbox: (0.000065s) SELECT * FROM `system_banned_names`
W, [2022-01-16T22:15:19.438442 #2576720]  WARN -- rune.rb: [22:15] Conflicting context for session @ 192.168.1.64!
I, [2022-01-16T22:15:19.438592 #2576720]  INFO -- rune.rb-0.0.1-tinderbox: (0.000084s) SELECT * FROM `player_items` WHERE (`player_items`.`id` = '13777323318265115097') LIMIT 1
I, [2022-01-16T22:15:19.438837 #2576720]  INFO -- rune.rb: [22:15] Released Context for Pat
I, [2022-01-16T22:15:19.438934 #2576720]  INFO -- rune.rb: [22:15] See ya, Pat!
W, [2022-01-16T22:15:19.439055 #2576720]  WARN -- rune.rb: [22:15] Session ended by client.
W, [2022-01-16T22:15:19.439192 #2576720]  WARN -- rune.rb: [22:15] [IP:] 192.168.1.6 || [ID:] 13777360165053735793 || [UP:] 0 days, 0 hours, 0 minutes, and 2 seconds || [LOGIN_STAGE:] logged_out
I, [2022-01-16T22:15:19.439350 #2576720]  INFO -- rune.rb-0.0.1-tinderbox: (0.000020s) BEGIN
I, [2022-01-16T22:15:19.439648 #2576720]  INFO -- rune.rb-0.0.1-tinderbox: (0.000133s) UPDATE `player_attributes` SET `last_login_stamp` = '2022-01-16 22:15:19 -0500', `last_login_ip` = '192.168.1.6' WHERE (`id` = '13777323318265115097')
I, [2022-01-16T22:15:19.447419 #2576720]  INFO -- rune.rb-0.0.1-tinderbox: (0.007691s) COMMIT
W, [2022-01-16T22:15:19.447662 #2576720]  WARN -- rune.rb: [22:15] Detached from World instance!
I, [2022-01-16T22:15:19.447816 #2576720]  INFO -- rune.rb: [22:15] Released Context for Pat
I, [2022-01-16T22:15:19.448110 #2576720]  INFO -- rune.rb: [22:15] See ya, Pat!
I, [2022-01-16T22:15:19.448695 #2576720]  INFO -- rune.rb-0.0.1-tinderbox: (0.000157s) SELECT * FROM `player_profile` WHERE (`username` = 'pat') LIMIT 1
I, [2022-01-16T22:15:19.448872 #2576720]  INFO -- rune.rb: [22:15] Authenticating session for user pat
I, [2022-01-16T22:15:19.449081 #2576720]  INFO -- rune.rb-0.0.1-tinderbox: (0.000111s) SELECT * FROM `player_attributes` WHERE (`player_attributes`.`id` = '13777323318265115097') LIMIT 1
I, [2022-01-16T22:15:19.449222 #2576720]  INFO -- rune.rb-0.0.1-tinderbox: (0.000064s) SELECT * FROM `system_banned_names`
I, [2022-01-16T22:15:19.449383 #2576720]  INFO -- rune.rb: [22:15] Welcome, Pat!
I, [2022-01-16T22:15:19.449556 #2576720]  INFO -- rune.rb-0.0.1-tinderbox: (0.000090s) SELECT * FROM `player_location` WHERE (`player_location`.`id` = '13777323318265115097') LIMIT 1
W, [2022-01-16T22:15:19.449687 #2576720]  WARN -- rune.rb: [22:15] Attached to Session 13777360184108567203!
I, [2022-01-16T22:15:19.450001 #2576720]  INFO -- rune.rb-0.0.1-tinderbox: (0.000241s) SELECT * FROM `player_appearance` WHERE (`player_appearance`.`id` = '13777323318265115097') LIMIT 1
I, [2022-01-16T22:15:19.450152 #2576720]  INFO -- rune.rb: [22:15] Loaded Equipment for pat
I, [2022-01-16T22:15:19.450439 #2576720]  INFO -- rune.rb-0.0.1-tinderbox: (0.000214s) SELECT * FROM `player_skills` WHERE (`player_skills`.`id` = '13777323318265115097') LIMIT 1
W, [2022-01-16T22:15:19.468792 #2576720]  WARN -- rune.rb: [22:15] Received heartbeat
I, [2022-01-16T22:15:19.689914 #2576720]  INFO -- rune.rb: [22:15] Wrote [x: 54, y: 54]
W, [2022-01-16T22:15:19.844157 #2576720]  WARN -- rune.rb: [22:15] Received heartbeat
W, [2022-01-16T22:15:20.848553 #2576720]  WARN -- rune.rb: [22:15] Received heartbeat
W, [2022-01-16T22:15:21.424402 #2576720]  WARN -- rune.rb: [22:15] Received heartbeat
W, [2022-01-16T22:15:21.564140 #2576720]  WARN -- rune.rb: [22:15] New Session created @ 192.168.1.6
I, [2022-01-16T22:15:21.564569 #2576720]  INFO -- rune.rb: [22:15] [ConnectionType]: Login from 192.168.1.6
I, [2022-01-16T22:15:21.569503 #2576720]  INFO -- rune.rb-0.0.1-tinderbox: (0.000167s) SELECT * FROM `player_profile` WHERE (`username` = 'pat') LIMIT 1
I, [2022-01-16T22:15:21.569670 #2576720]  INFO -- rune.rb: [22:15] Authenticating session for user pat
I, [2022-01-16T22:15:21.569895 #2576720]  INFO -- rune.rb-0.0.1-tinderbox: (0.000128s) SELECT * FROM `player_attributes` WHERE (`player_attributes`.`id` = '13777323318265115097') LIMIT 1
I, [2022-01-16T22:15:21.570041 #2576720]  INFO -- rune.rb-0.0.1-tinderbox: (0.000066s) SELECT * FROM `system_banned_names`
W, [2022-01-16T22:15:21.570170 #2576720]  WARN -- rune.rb: [22:15] Conflicting context for session @ 192.168.1.6!
I, [2022-01-16T22:15:21.570331 #2576720]  INFO -- rune.rb-0.0.1-tinderbox: (0.000095s) SELECT * FROM `player_items` WHERE (`player_items`.`id` = '13777323318265115097') LIMIT 1
I, [2022-01-16T22:15:21.570575 #2576720]  INFO -- rune.rb: [22:15] Released Context for Pat
I, [2022-01-16T22:15:21.570693 #2576720]  INFO -- rune.rb: [22:15] See ya, Pat!
W, [2022-01-16T22:15:21.570850 #2576720]  WARN -- rune.rb: [22:15] Session ended by client.
W, [2022-01-16T22:15:21.571013 #2576720]  WARN -- rune.rb: [22:15] [IP:] 192.168.1.64 || [ID:] 13777360184108567203 || [UP:] 0 days, 0 hours, 0 minutes, and 2 seconds || [LOGIN_STAGE:] logged_out
I, [2022-01-16T22:15:21.571188 #2576720]  INFO -- rune.rb-0.0.1-tinderbox: (0.000020s) BEGIN
I, [2022-01-16T22:15:21.571480 #2576720]  INFO -- rune.rb-0.0.1-tinderbox: (0.000134s) UPDATE `player_attributes` SET `last_login_stamp` = '2022-01-16 22:15:21 -0500', `last_login_ip` = '192.168.1.64' WHERE (`id` = '13777323318265115097')
I, [2022-01-16T22:15:21.577297 #2576720]  INFO -- rune.rb-0.0.1-tinderbox: (0.005749s) COMMIT
W, [2022-01-16T22:15:21.577507 #2576720]  WARN -- rune.rb: [22:15] Detached from World instance!
I, [2022-01-16T22:15:21.577648 #2576720]  INFO -- rune.rb: [22:15] Released Context for Pat
I, [2022-01-16T22:15:21.577766 #2576720]  INFO -- rune.rb: [22:15] See ya, Pat!
I, [2022-01-16T22:15:21.578474 #2576720]  INFO -- rune.rb-0.0.1-tinderbox: (0.000355s) SELECT * FROM `player_profile` WHERE (`username` = 'pat') LIMIT 1
I, [2022-01-16T22:15:21.578584 #2576720]  INFO -- rune.rb: [22:15] Authenticating session for user pat
I, [2022-01-16T22:15:21.578794 #2576720]  INFO -- rune.rb-0.0.1-tinderbox: (0.000121s) SELECT * FROM `player_attributes` WHERE (`player_attributes`.`id` = '13777323318265115097') LIMIT 1
I, [2022-01-16T22:15:21.578945 #2576720]  INFO -- rune.rb-0.0.1-tinderbox: (0.000068s) SELECT * FROM `system_banned_names`
I, [2022-01-16T22:15:21.579094 #2576720]  INFO -- rune.rb: [22:15] Welcome, Pat!
I, [2022-01-16T22:15:21.579265 #2576720]  INFO -- rune.rb-0.0.1-tinderbox: (0.000097s) SELECT * FROM `player_location` WHERE (`player_location`.`id` = '13777323318265115097') LIMIT 1
W, [2022-01-16T22:15:21.579385 #2576720]  WARN -- rune.rb: [22:15] Attached to Session 13777360201990641398!
I, [2022-01-16T22:15:21.579603 #2576720]  INFO -- rune.rb-0.0.1-tinderbox: (0.000152s) SELECT * FROM `player_appearance` WHERE (`player_appearance`.`id` = '13777323318265115097') LIMIT 1
I, [2022-01-16T22:15:21.579740 #2576720]  INFO -- rune.rb: [22:15] Loaded Equipment for pat
I, [2022-01-16T22:15:21.580039 #2576720]  INFO -- rune.rb-0.0.1-tinderbox: (0.000234s) SELECT * FROM `player_skills` WHERE (`player_skills`.`id` = '13777323318265115097') LIMIT 1
W, [2022-01-16T22:15:21.597660 #2576720]  WARN -- rune.rb: [22:15] Received heartbeat
I, [2022-01-16T22:15:22.091378 #2576720]  INFO -- rune.rb: [22:15] Wrote [x: 54, y: 54]
W, [2022-01-16T22:15:22.237085 #2576720]  WARN -- rune.rb: [22:15] Received heartbeat
W, [2022-01-16T22:15:23.196884 #2576720]  WARN -- rune.rb: [22:15] Received heartbeat
W, [2022-01-16T22:15:24.244914 #2576720]  WARN -- rune.rb: [22:15] Received heartbeat
W, [2022-01-16T22:15:24.745067 #2576720]  WARN -- rune.rb: [22:15] Received heartbeat
I, [2022-01-16T22:15:25.775704 #2576720]  INFO -- rune.rb: [22:15] Ping Received! [210]
I, [2022-01-16T22:15:26.826200 #2576720]  INFO -- rune.rb: [22:15] Ping Received! [121]
W, [2022-01-16T22:15:27.872882 #2576720]  WARN -- rune.rb: [22:15] Received heartbeat
W, [2022-01-16T22:15:28.875277 #2576720]  WARN -- rune.rb: [22:15] New Session created @ 192.168.1.64
I, [2022-01-16T22:15:28.875633 #2576720]  INFO -- rune.rb: [22:15] [ConnectionType]: Login from 192.168.1.64
I, [2022-01-16T22:15:28.880629 #2576720]  INFO -- rune.rb-0.0.1-tinderbox: (0.000142s) SELECT * FROM `player_profile` WHERE (`username` = 'make_space') LIMIT 1
I, [2022-01-16T22:15:28.880815 #2576720]  INFO -- rune.rb: [22:15] Authenticating session for user make_space
I, [2022-01-16T22:15:28.891676 #2576720]  INFO -- rune.rb-0.0.1-tinderbox: (0.010636s) INSERT INTO `player_profile` (`username`, `password`, `name_hash`, `id`) VALUES ('make_space', 'down', 1694072212491422, '13777360263318911068')
I, [2022-01-16T22:15:28.896505 #2576720]  INFO -- rune.rb-0.0.1-tinderbox: (0.004623s) INSERT INTO `player_attributes` (`id`) VALUES ('13777360263318911068')
I, [2022-01-16T22:15:28.901532 #2576720]  INFO -- rune.rb-0.0.1-tinderbox: (0.004865s) INSERT INTO `player_appearance` (`id`) VALUES ('13777360263318911068')
I, [2022-01-16T22:15:28.906622 #2576720]  INFO -- rune.rb-0.0.1-tinderbox: (0.004930s) INSERT INTO `player_settings` (`id`) VALUES ('13777360263318911068')
I, [2022-01-16T22:15:28.911821 #2576720]  INFO -- rune.rb-0.0.1-tinderbox: (0.004953s) INSERT INTO `player_skills` (`id`) VALUES ('13777360263318911068')
I, [2022-01-16T22:15:28.915224 #2576720]  INFO -- rune.rb-0.0.1-tinderbox: (0.003247s) INSERT INTO `player_location` (`id`) VALUES ('13777360263318911068')
I, [2022-01-16T22:15:28.919676 #2576720]  INFO -- rune.rb-0.0.1-tinderbox: (0.004256s) INSERT INTO `player_items` (`id`) VALUES ('13777360263318911068')
I, [2022-01-16T22:15:28.920042 #2576720]  INFO -- rune.rb-0.0.1-tinderbox: (0.000171s) SELECT * FROM `player_profile` WHERE `id` = '13777360263318911068'
I, [2022-01-16T22:15:28.920293 #2576720]  INFO -- rune.rb-0.0.1-tinderbox: (0.000121s) SELECT * FROM `player_attributes` WHERE (`player_attributes`.`id` = '13777360263318911068') LIMIT 1
I, [2022-01-16T22:15:28.920515 #2576720]  INFO -- rune.rb: [22:15] Welcome, Make_space!
I, [2022-01-16T22:15:28.920742 #2576720]  INFO -- rune.rb-0.0.1-tinderbox: (0.000125s) SELECT * FROM `player_location` WHERE (`player_location`.`id` = '13777360263318911068') LIMIT 1
W, [2022-01-16T22:15:28.921043 #2576720]  WARN -- rune.rb: [22:15] Attached to Session 13777360263318911068!
I, [2022-01-16T22:15:28.921373 #2576720]  INFO -- rune.rb-0.0.1-tinderbox: (0.000241s) SELECT * FROM `player_appearance` WHERE (`player_appearance`.`id` = '13777360263318911068') LIMIT 1
I, [2022-01-16T22:15:28.921541 #2576720]  INFO -- rune.rb: [22:15] Loaded Equipment for make_space
I, [2022-01-16T22:15:28.921895 #2576720]  INFO -- rune.rb-0.0.1-tinderbox: (0.000273s) SELECT * FROM `player_skills` WHERE (`player_skills`.`id` = '13777360263318911068') LIMIT 1
W, [2022-01-16T22:15:28.923575 #2576720]  WARN -- rune.rb: [22:15] Received heartbeat
I, [2022-01-16T22:15:29.298258 #2576720]  INFO -- rune.rb: [22:15] Wrote [x: 54, y: 54]
W, [2022-01-16T22:15:29.398573 #2576720]  WARN -- rune.rb: [22:15] Received heartbeat
I, [2022-01-16T22:15:29.965378 #2576720]  INFO -- rune.rb: [22:15] Ping Received! [226]
W, [2022-01-16T22:15:30.064951 #2576720]  WARN -- rune.rb: [22:15] Received heartbeat
W, [2022-01-16T22:15:30.399508 #2576720]  WARN -- rune.rb: [22:15] Received heartbeat
W, [2022-01-16T22:15:30.850820 #2576720]  WARN -- rune.rb: [22:15] Received heartbeat
W, [2022-01-16T22:15:30.872402 #2576720]  WARN -- rune.rb: [22:15] Received heartbeat
W, [2022-01-16T22:15:31.105043 #2576720]  WARN -- rune.rb: [22:15] Received heartbeat
I, [2022-01-16T22:15:31.919313 #2576720]  INFO -- rune.rb: [22:15] Ping Received! [210]
W, [2022-01-16T22:15:32.149902 #2576720]  WARN -- rune.rb: [22:15] Received heartbeat
I, [2022-01-16T22:15:32.356667 #2576720]  INFO -- rune.rb: [22:15] Ping Received! [121]
W, [2022-01-16T22:15:32.398815 #2576720]  WARN -- rune.rb: [22:15] Received heartbeat
W, [2022-01-16T22:15:32.420631 #2576720]  WARN -- rune.rb: [22:15] Received heartbeat
I, [2022-01-16T22:15:32.647634 #2576720]  INFO -- rune.rb: [22:15] Ping Received! [77]
W, [2022-01-16T22:15:32.668636 #2576720]  WARN -- rune.rb: [22:15] Received heartbeat
W, [2022-01-16T22:15:33.408052 #2576720]  WARN -- rune.rb: [22:15] Received heartbeat
W, [2022-01-16T22:15:33.714446 #2576720]  WARN -- rune.rb: [22:15] Received heartbeat
W, [2022-01-16T22:15:33.858483 #2576720]  WARN -- rune.rb: [22:15] [DELAY_SINCE:] 33150
W, [2022-01-16T22:15:33.858622 #2576720]  WARN -- rune.rb: [22:15] [X:] 112
W, [2022-01-16T22:15:33.858724 #2576720]  WARN -- rune.rb: [22:15] [X:] 112
W, [2022-01-16T22:15:34.471577 #2576720]  WARN -- rune.rb: [22:15] [DELAY_SINCE:] 28850
W, [2022-01-16T22:15:34.471689 #2576720]  WARN -- rune.rb: [22:15] [X:] 612
W, [2022-01-16T22:15:34.471783 #2576720]  WARN -- rune.rb: [22:15] [X:] 612
W, [2022-01-16T22:15:34.928481 #2576720]  WARN -- rune.rb: [22:15] [DELAY_SINCE:] 250
W, [2022-01-16T22:15:34.928610 #2576720]  WARN -- rune.rb: [22:15] [X:] 112
W, [2022-01-16T22:15:34.928721 #2576720]  WARN -- rune.rb: [22:15] [X:] 112
W, [2022-01-16T22:15:35.104149 #2576720]  WARN -- rune.rb: [22:15] Received heartbeat
I, [2022-01-16T22:15:35.524182 #2576720]  INFO -- rune.rb: [22:15] Client Focus: [Unfocused]!
W, [2022-01-16T22:15:36.573656 #2576720]  WARN -- rune.rb: [22:15] Received heartbeat
W, [2022-01-16T22:15:37.026628 #2576720]  WARN -- rune.rb: [22:15] Received heartbeat
W, [2022-01-16T22:15:37.522176 #2576720]  WARN -- rune.rb: [22:15] Received heartbeat
W, [2022-01-16T22:15:37.560574 #2576720]  WARN -- rune.rb: [22:15] [DELAY_SINCE:] 1200
W, [2022-01-16T22:15:37.560761 #2576720]  WARN -- rune.rb: [22:15] [X:] 156
W, [2022-01-16T22:15:37.560902 #2576720]  WARN -- rune.rb: [22:15] [X:] 156
W, [2022-01-16T22:15:38.567295 #2576720]  WARN -- rune.rb: [22:15] [DELAY_SINCE:] 4200
W, [2022-01-16T22:15:38.567437 #2576720]  WARN -- rune.rb: [22:15] [X:] 629
W, [2022-01-16T22:15:38.567541 #2576720]  WARN -- rune.rb: [22:15] [X:] 629
I, [2022-01-16T22:15:39.621931 #2576720]  INFO -- rune.rb: [22:15] Client Focus: [Focused]!
W, [2022-01-16T22:15:39.633938 #2576720]  WARN -- rune.rb: [22:15] Received heartbeat
W, [2022-01-16T22:15:40.678088 #2576720]  WARN -- rune.rb: [22:15] Received heartbeat
W, [2022-01-16T22:15:41.724024 #2576720]  WARN -- rune.rb: [22:15] Received heartbeat
I, [2022-01-16T22:15:41.736434 #2576720]  INFO -- rune.rb: [22:15] Ping Received! [226]
I, [2022-01-16T22:15:42.773810 #2576720]  INFO -- rune.rb: [22:15] Client Focus: [Unfocused]!
W, [2022-01-16T22:15:42.795300 #2576720]  WARN -- rune.rb: [22:15] Received heartbeat
W, [2022-01-16T22:15:43.807239 #2576720]  WARN -- rune.rb: [22:15] Received heartbeat
I, [2022-01-16T22:15:43.854520 #2576720]  INFO -- rune.rb: [22:15] Client Focus: [Unfocused]!
W, [2022-01-16T22:15:44.854093 #2576720]  WARN -- rune.rb: [22:15] Received heartbeat
W, [2022-01-16T22:15:44.913341 #2576720]  WARN -- rune.rb: [22:15] Received heartbeat
W, [2022-01-16T22:15:45.184324 #2576720]  WARN -- rune.rb: [22:15] Received heartbeat
W, [2022-01-16T22:15:45.323770 #2576720]  WARN -- rune.rb: [22:15] Received heartbeat
W, [2022-01-16T22:15:45.907388 #2576720]  WARN -- rune.rb: [22:15] Received heartbeat
W, [2022-01-16T22:15:46.384594 #2576720]  WARN -- rune.rb: [22:15] Received heartbeat
W, [2022-01-16T22:15:46.936066 #2576720]  WARN -- rune.rb: [22:15] Received heartbeat
W, [2022-01-16T22:15:47.167984 #2576720]  WARN -- rune.rb: [22:15] Received heartbeat
W, [2022-01-16T22:15:47.583702 #2576720]  WARN -- rune.rb: [22:15] Received heartbeat
W, [2022-01-16T22:15:47.973367 #2576720]  WARN -- rune.rb: [22:15] Received heartbeat
W, [2022-01-16T22:15:48.609638 #2576720]  WARN -- rune.rb: [22:15] Received heartbeat
W, [2022-01-16T22:15:49.020322 #2576720]  WARN -- rune.rb: [22:15] Received heartbeat
I, [2022-01-16T22:15:49.639668 #2576720]  INFO -- rune.rb: [22:15] Ping Received! [77]
W, [2022-01-16T22:15:50.040189 #2576720]  WARN -- rune.rb: [22:15] Received heartbeat
W, [2022-01-16T22:15:50.670101 #2576720]  WARN -- rune.rb: [22:15] [DELAY_SINCE:] 10200
W, [2022-01-16T22:15:50.670209 #2576720]  WARN -- rune.rb: [22:15] [X:] 161
W, [2022-01-16T22:15:50.670282 #2576720]  WARN -- rune.rb: [22:15] [X:] 161
W, [2022-01-16T22:15:51.085648 #2576720]  WARN -- rune.rb: [22:15] Received heartbeat
I, [2022-01-16T22:15:51.697147 #2576720]  INFO -- rune.rb: [22:15] Client Focus: [Focused]!
W, [2022-01-16T22:15:52.133444 #2576720]  WARN -- rune.rb: [22:15] Received heartbeat
W, [2022-01-16T22:15:52.184524 #2576720]  WARN -- rune.rb: [22:15] Received heartbeat
W, [2022-01-16T22:15:53.179280 #2576720]  WARN -- rune.rb: [22:15] Received heartbeat
W, [2022-01-16T22:15:53.216500 #2576720]  WARN -- rune.rb: [22:15] Camera Rotation: [Roll]: 32768 || [Yaw]: 31239
W, [2022-01-16T22:15:54.217098 #2576720]  WARN -- rune.rb: [22:15] Received heartbeat
W, [2022-01-16T22:15:54.247985 #2576720]  WARN -- rune.rb: [22:15] Camera Rotation: [Roll]: 32768 || [Yaw]: 19968
I, [2022-01-16T22:15:55.263779 #2576720]  INFO -- rune.rb: [22:15] Ping Received! [226]
W, [2022-01-16T22:15:55.276876 #2576720]  WARN -- rune.rb: [22:15] Received heartbeat
W, [2022-01-16T22:15:56.302422 #2576720]  WARN -- rune.rb: [22:15] Received heartbeat
W, [2022-01-16T22:15:56.307610 #2576720]  WARN -- rune.rb: [22:15] Received heartbeat
W, [2022-01-16T22:15:57.334329 #2576720]  WARN -- rune.rb: [22:15] Received heartbeat
W, [2022-01-16T22:15:57.339089 #2576720]  WARN -- rune.rb: [22:15] Received heartbeat
W, [2022-01-16T22:15:57.984135 #2576720]  WARN -- rune.rb: [22:15] Received heartbeat
W, [2022-01-16T22:15:58.100274 #2576720]  WARN -- rune.rb: [22:15] Received heartbeat
