# Logfile created on 2020-12-02 17:50:26 -0500 by logger.rb/v1.4.2
I, [2020-12-02T17:50:26.860737 #27301]  INFO -- RuneRb: [[17:50] New World Instance initialized!
I, [2020-12-02T17:50:26.866067 #27535]  INFO -- RuneRb: [[17:50] Endpoint deployed: 0.0.0.0:43594
I, [2020-12-02T17:50:56.944998 #27535]  INFO -- RuneRb: [[17:50] Attached to Endpoint!
I, [2020-12-02T17:50:56.946537 #27535]  INFO -- RuneRb: [[17:50] Generated seed: 414898291
I, [2020-12-02T17:50:56.946730 #27535]  INFO -- RuneRb: [[17:50] [ConnectionType]:	Login
I, [2020-12-02T17:50:56.954963 #27535]  INFO -- RuneRb: [[17:50] Validating Login type for 127.0.0.1
I, [2020-12-02T17:50:56.955175 #27535]  INFO -- RuneRb: [[17:50] Validated!
I, [2020-12-02T17:50:56.955276 #27535]  INFO -- RuneRb: [[17:50] Validating Seed pair for 127.0.0.1
I, [2020-12-02T17:50:56.955387 #27535]  INFO -- RuneRb: [[17:50] Seed Validated!
I, [2020-12-02T17:50:56.955488 #27535]  INFO -- RuneRb: [[17:50] Validating Magic for 127.0.0.1
I, [2020-12-02T17:50:56.955600 #27535]  INFO -- RuneRb: [[17:50] Magic Validated!
I, [2020-12-02T17:50:56.955684 #27535]  INFO -- RuneRb: [[17:50] Validating Revision for 127.0.0.1
I, [2020-12-02T17:50:56.955792 #27535]  INFO -- RuneRb: [[17:50] Revision Validated!
I, [2020-12-02T17:50:56.955876 #27535]  INFO -- RuneRb: [[17:50] Validating Credentials for 127.0.0.1
I, [2020-12-02T17:50:56.976040 #27535]  INFO -- RuneRb: [[17:50] Loaded profile data for Pat
I, [2020-12-02T17:50:56.976190 #27535]  INFO -- RuneRb: [[17:50] Credentials validated!
I, [2020-12-02T17:50:56.977269 #27535]  INFO -- RuneRb: [[17:50] Encoding frame: [OpCode]: 71 || [Size]: 3 || [Payload]: [9, 119, -128]
I, [2020-12-02T17:50:56.977450 #27535]  INFO -- RuneRb: [[17:50] Encoding frame: [OpCode]: 71 || [Size]: 3 || [Payload]: [15, 77, -127]
I, [2020-12-02T17:50:56.977578 #27535]  INFO -- RuneRb: [[17:50] Encoding frame: [OpCode]: 71 || [Size]: 3 || [Payload]: [2, 126, -126]
I, [2020-12-02T17:50:56.977708 #27535]  INFO -- RuneRb: [[17:50] Encoding frame: [OpCode]: 71 || [Size]: 3 || [Payload]: [12, -115, -125]
I, [2020-12-02T17:50:56.977845 #27535]  INFO -- RuneRb: [[17:50] Encoding frame: [OpCode]: 71 || [Size]: 3 || [Payload]: [6, 108, -124]
I, [2020-12-02T17:50:56.977964 #27535]  INFO -- RuneRb: [[17:50] Encoding frame: [OpCode]: 71 || [Size]: 3 || [Payload]: [21, -24, -123]
I, [2020-12-02T17:50:56.978085 #27535]  INFO -- RuneRb: [[17:50] Encoding frame: [OpCode]: 71 || [Size]: 3 || [Payload]: [4, 127, -122]
I, [2020-12-02T17:50:56.978207 #27535]  INFO -- RuneRb: [[17:50] Encoding frame: [OpCode]: 71 || [Size]: 3 || [Payload]: [-1, -1, -121]
I, [2020-12-02T17:50:56.978323 #27535]  INFO -- RuneRb: [[17:50] Encoding frame: [OpCode]: 71 || [Size]: 3 || [Payload]: [19, -55, -120]
I, [2020-12-02T17:50:56.978460 #27535]  INFO -- RuneRb: [[17:50] Encoding frame: [OpCode]: 71 || [Size]: 3 || [Payload]: [22, 83, -119]
I, [2020-12-02T17:50:56.978588 #27535]  INFO -- RuneRb: [[17:50] Encoding frame: [OpCode]: 71 || [Size]: 3 || [Payload]: [9, -111, -118]
I, [2020-12-02T17:50:56.978712 #27535]  INFO -- RuneRb: [[17:50] Encoding frame: [OpCode]: 71 || [Size]: 3 || [Payload]: [3, -120, -117]
I, [2020-12-02T17:50:56.978843 #27535]  INFO -- RuneRb: [[17:50] Encoding frame: [OpCode]: 71 || [Size]: 3 || [Payload]: [0, -109, -116]
I, [2020-12-02T17:50:56.978974 #27535]  INFO -- RuneRb: [[17:50] Encoding frame: [OpCode]: 71 || [Size]: 3 || [Payload]: [3, -62, -115]
I, [2020-12-02T17:50:56.979273 #27535]  INFO -- RuneRb: [[17:50] Encoding frame: [OpCode]: 253 || [Size]: 69 || [Payload]: [67, 104, 101, 99, 107, 32, 116, 104, 101, 32, 114, 101, 112, 111, 115, 105, 116, 111, 114, 121, 32, 102, 111, 114, 32, 117, 112, 100, 97, 116, 101, 115, 33, 32, 104, 116, 116, 112, 115, 58, 47, 47, 103, 105, 116, 108, 97, 98, 46, 99, 111, 109, 47, 83, 105, 99, 107, 100, 97, 121, 47, 114, 117, 110, 101, 46, 114, 98, 10]
I, [2020-12-02T17:50:56.979418 #27535]  INFO -- RuneRb: [[17:50] Encoding frame: [OpCode]: 253 || [Size]: 10 || [Payload]: [86, 69, 82, 83, 73, 79, 78, 58, 32, 10]
I, [2020-12-02T17:50:56.983396 #27535]  INFO -- RuneRb: [[17:50] Loaded Mob definition!
I, [2020-12-02T17:50:57.484484 #27535]  INFO -- RuneRb: [[17:50] Loaded Equipment for Pat
I, [2020-12-02T17:50:57.487061 #27535]  INFO -- RuneRb: [[17:50] Attached to World instance!
I, [2020-12-02T17:50:57.487872 #27535]  INFO -- RuneRb: [[17:50] Encoding frame: [OpCode]: 34 || [Size]: 5 || [Payload]: [6, -104, 0, 0, -1]
I, [2020-12-02T17:50:57.488026 #27535]  INFO -- RuneRb: [[17:50] Encoding frame: [OpCode]: 34 || [Size]: 5 || [Payload]: [6, -104, 0, 1, -1]
I, [2020-12-02T17:50:57.488535 #27535]  INFO -- RuneRb: [[17:50] Encoding frame: [OpCode]: 34 || [Size]: 5 || [Payload]: [6, -104, 0, 2, -1]
I, [2020-12-02T17:50:57.488651 #27535]  INFO -- RuneRb: [[17:50] Encoding frame: [OpCode]: 34 || [Size]: 5 || [Payload]: [6, -104, 0, 3, -1]
I, [2020-12-02T17:50:57.503814 #27535]  INFO -- RuneRb: [[17:50] Encoding frame: [OpCode]: 34 || [Size]: 5 || [Payload]: [6, -104, 0, 4, -1]
I, [2020-12-02T17:50:57.503987 #27535]  INFO -- RuneRb: [[17:50] Encoding frame: [OpCode]: 34 || [Size]: 5 || [Payload]: [6, -104, 0, 5, -1]
I, [2020-12-02T17:50:57.504119 #27535]  INFO -- RuneRb: [[17:50] Encoding frame: [OpCode]: 34 || [Size]: 5 || [Payload]: [6, -104, 0, 6, -1]
I, [2020-12-02T17:50:57.504229 #27535]  INFO -- RuneRb: [[17:50] Encoding frame: [OpCode]: 34 || [Size]: 5 || [Payload]: [6, -104, 0, 7, -1]
I, [2020-12-02T17:50:57.504338 #27535]  INFO -- RuneRb: [[17:50] Encoding frame: [OpCode]: 34 || [Size]: 5 || [Payload]: [6, -104, 0, 8, -1]
I, [2020-12-02T17:50:57.504463 #27535]  INFO -- RuneRb: [[17:50] Encoding frame: [OpCode]: 34 || [Size]: 5 || [Payload]: [6, -104, 0, 9, -1]
I, [2020-12-02T17:50:57.504572 #27535]  INFO -- RuneRb: [[17:50] Encoding frame: [OpCode]: 34 || [Size]: 5 || [Payload]: [6, -104, 0, 10, -1]
I, [2020-12-02T17:50:57.504697 #27535]  INFO -- RuneRb: [[17:50] Encoding frame: [OpCode]: 34 || [Size]: 5 || [Payload]: [6, -104, 0, 11, -1]
I, [2020-12-02T17:50:57.504815 #27535]  INFO -- RuneRb: [[17:50] Encoding frame: [OpCode]: 34 || [Size]: 5 || [Payload]: [6, -104, 0, 12, -1]
I, [2020-12-02T17:50:57.504940 #27535]  INFO -- RuneRb: [[17:50] Encoding frame: [OpCode]: 34 || [Size]: 5 || [Payload]: [6, -104, 0, 13, -1]
I, [2020-12-02T17:50:57.505062 #27535]  INFO -- RuneRb: [[17:50] Registered new Context for Pat
I, [2020-12-02T17:50:57.505164 #27535]  INFO -- RuneRb: [[17:50] Welcome, Pat!
I, [2020-12-02T17:50:57.508010 #27535]  INFO -- RuneRb: [[17:50] Writing [x: 404, y: 402]
I, [2020-12-02T17:50:57.508210 #27535]  INFO -- RuneRb: [[17:50] Encoding frame: [OpCode]: 73 || [Size]: 4 || [Payload]: [1, 20, 1, -110]
I, [2020-12-02T17:50:57.508355 #27535]  INFO -- RuneRb: [[17:50] Wrote [x: 52, y: 51]
I, [2020-12-02T17:50:57.510334 #27535]  INFO -- RuneRb: [[17:50] Encoding frame: [OpCode]: 81 || [Size]: 58 || [Payload]: [-26, -47, -104, 7, -1, 16, -51, 1, 0, 6, 26, 0, 0, 18, 55, 12, 23, 0, 0, 1, 76, 1, 50, 1, 67, 1, 80, 0, 3, 2, 2, 5, 5, 3, 40, 3, 55, 3, 51, 3, 52, 3, 53, 3, 54, 3, 56, 0, 0, 0, 0, 0, 0, 85, -55, 3, 0, 30]
I, [2020-12-02T17:50:57.510531 #27535]  INFO -- RuneRb: [[17:50] Pulse completed in 0.003 seconds
I, [2020-12-02T17:50:58.111423 #27535]  INFO -- RuneRb: [[17:50] Encoding frame: [OpCode]: 81 || [Size]: 56 || [Payload]: [-128, 31, -4, 16, -51, 1, 0, 6, 26, 0, 0, 18, 55, 12, 23, 0, 0, 1, 76, 1, 50, 1, 67, 1, 80, 0, 3, 2, 2, 5, 5, 3, 40, 3, 55, 3, 51, 3, 52, 3, 53, 3, 54, 3, 56, 0, 0, 0, 0, 0, 0, 85, -55, 3, 0, 30]
I, [2020-12-02T17:50:58.111632 #27535]  INFO -- RuneRb: [[17:50] Pulse completed in 0.001 seconds
I, [2020-12-02T17:50:58.712346 #27535]  INFO -- RuneRb: [[17:50] Encoding frame: [OpCode]: 81 || [Size]: 56 || [Payload]: [-128, 31, -4, 16, -51, 1, 0, 6, 26, 0, 0, 18, 55, 12, 23, 0, 0, 1, 76, 1, 50, 1, 67, 1, 80, 0, 3, 2, 2, 5, 5, 3, 40, 3, 55, 3, 51, 3, 52, 3, 53, 3, 54, 3, 56, 0, 0, 0, 0, 0, 0, 85, -55, 3, 0, 30]
I, [2020-12-02T17:50:58.712525 #27535]  INFO -- RuneRb: [[17:50] Pulse completed in 0.0 seconds
I, [2020-12-02T17:50:59.313958 #27535]  INFO -- RuneRb: [[17:50] Encoding frame: [OpCode]: 81 || [Size]: 56 || [Payload]: [-128, 31, -4, 16, -51, 1, 0, 6, 26, 0, 0, 18, 55, 12, 23, 0, 0, 1, 76, 1, 50, 1, 67, 1, 80, 0, 3, 2, 2, 5, 5, 3, 40, 3, 55, 3, 51, 3, 52, 3, 53, 3, 54, 3, 56, 0, 0, 0, 0, 0, 0, 85, -55, 3, 0, 30]
I, [2020-12-02T17:50:59.314140 #27535]  INFO -- RuneRb: [[17:50] Pulse completed in 0.0 seconds
I, [2020-12-02T17:50:59.914792 #27535]  INFO -- RuneRb: [[17:50] Encoding frame: [OpCode]: 81 || [Size]: 56 || [Payload]: [-128, 31, -4, 16, -51, 1, 0, 6, 26, 0, 0, 18, 55, 12, 23, 0, 0, 1, 76, 1, 50, 1, 67, 1, 80, 0, 3, 2, 2, 5, 5, 3, 40, 3, 55, 3, 51, 3, 52, 3, 53, 3, 54, 3, 56, 0, 0, 0, 0, 0, 0, 85, -55, 3, 0, 30]
I, [2020-12-02T17:50:59.914972 #27535]  INFO -- RuneRb: [[17:50] Pulse completed in 0.0 seconds
I, [2020-12-02T17:51:00.515630 #27535]  INFO -- RuneRb: [[17:51] Encoding frame: [OpCode]: 81 || [Size]: 56 || [Payload]: [-128, 31, -4, 16, -51, 1, 0, 6, 26, 0, 0, 18, 55, 12, 23, 0, 0, 1, 76, 1, 50, 1, 67, 1, 80, 0, 3, 2, 2, 5, 5, 3, 40, 3, 55, 3, 51, 3, 52, 3, 53, 3, 54, 3, 56, 0, 0, 0, 0, 0, 0, 85, -55, 3, 0, 30]
I, [2020-12-02T17:51:00.515798 #27535]  INFO -- RuneRb: [[17:51] Pulse completed in 0.0 seconds
I, [2020-12-02T17:51:01.116426 #27535]  INFO -- RuneRb: [[17:51] Encoding frame: [OpCode]: 81 || [Size]: 56 || [Payload]: [-128, 31, -4, 16, -51, 1, 0, 6, 26, 0, 0, 18, 55, 12, 23, 0, 0, 1, 76, 1, 50, 1, 67, 1, 80, 0, 3, 2, 2, 5, 5, 3, 40, 3, 55, 3, 51, 3, 52, 3, 53, 3, 54, 3, 56, 0, 0, 0, 0, 0, 0, 85, -55, 3, 0, 30]
I, [2020-12-02T17:51:01.116604 #27535]  INFO -- RuneRb: [[17:51] Pulse completed in 0.0 seconds
I, [2020-12-02T17:51:01.717303 #27535]  INFO -- RuneRb: [[17:51] Encoding frame: [OpCode]: 81 || [Size]: 56 || [Payload]: [-128, 31, -4, 16, -51, 1, 0, 6, 26, 0, 0, 18, 55, 12, 23, 0, 0, 1, 76, 1, 50, 1, 67, 1, 80, 0, 3, 2, 2, 5, 5, 3, 40, 3, 55, 3, 51, 3, 52, 3, 53, 3, 54, 3, 56, 0, 0, 0, 0, 0, 0, 85, -55, 3, 0, 30]
I, [2020-12-02T17:51:01.717469 #27535]  INFO -- RuneRb: [[17:51] Pulse completed in 0.0 seconds
I, [2020-12-02T17:51:02.318227 #27535]  INFO -- RuneRb: [[17:51] Encoding frame: [OpCode]: 81 || [Size]: 56 || [Payload]: [-128, 31, -4, 16, -51, 1, 0, 6, 26, 0, 0, 18, 55, 12, 23, 0, 0, 1, 76, 1, 50, 1, 67, 1, 80, 0, 3, 2, 2, 5, 5, 3, 40, 3, 55, 3, 51, 3, 52, 3, 53, 3, 54, 3, 56, 0, 0, 0, 0, 0, 0, 85, -55, 3, 0, 30]
I, [2020-12-02T17:51:02.318402 #27535]  INFO -- RuneRb: [[17:51] Pulse completed in 0.0 seconds
I, [2020-12-02T17:51:02.919097 #27535]  INFO -- RuneRb: [[17:51] Encoding frame: [OpCode]: 81 || [Size]: 56 || [Payload]: [-128, 31, -4, 16, -51, 1, 0, 6, 26, 0, 0, 18, 55, 12, 23, 0, 0, 1, 76, 1, 50, 1, 67, 1, 80, 0, 3, 2, 2, 5, 5, 3, 40, 3, 55, 3, 51, 3, 52, 3, 53, 3, 54, 3, 56, 0, 0, 0, 0, 0, 0, 85, -55, 3, 0, 30]
I, [2020-12-02T17:51:02.919268 #27535]  INFO -- RuneRb: [[17:51] Pulse completed in 0.0 seconds
I, [2020-12-02T17:51:03.519978 #27535]  INFO -- RuneRb: [[17:51] Encoding frame: [OpCode]: 81 || [Size]: 56 || [Payload]: [-128, 31, -4, 16, -51, 1, 0, 6, 26, 0, 0, 18, 55, 12, 23, 0, 0, 1, 76, 1, 50, 1, 67, 1, 80, 0, 3, 2, 2, 5, 5, 3, 40, 3, 55, 3, 51, 3, 52, 3, 53, 3, 54, 3, 56, 0, 0, 0, 0, 0, 0, 85, -55, 3, 0, 30]
I, [2020-12-02T17:51:03.520148 #27535]  INFO -- RuneRb: [[17:51] Pulse completed in 0.0 seconds
I, [2020-12-02T17:51:04.120823 #27535]  INFO -- RuneRb: [[17:51] Encoding frame: [OpCode]: 81 || [Size]: 56 || [Payload]: [-128, 31, -4, 16, -51, 1, 0, 6, 26, 0, 0, 18, 55, 12, 23, 0, 0, 1, 76, 1, 50, 1, 67, 1, 80, 0, 3, 2, 2, 5, 5, 3, 40, 3, 55, 3, 51, 3, 52, 3, 53, 3, 54, 3, 56, 0, 0, 0, 0, 0, 0, 85, -55, 3, 0, 30]
I, [2020-12-02T17:51:04.121017 #27535]  INFO -- RuneRb: [[17:51] Pulse completed in 0.0 seconds
I, [2020-12-02T17:51:04.721770 #27535]  INFO -- RuneRb: [[17:51] Encoding frame: [OpCode]: 81 || [Size]: 56 || [Payload]: [-128, 31, -4, 16, -51, 1, 0, 6, 26, 0, 0, 18, 55, 12, 23, 0, 0, 1, 76, 1, 50, 1, 67, 1, 80, 0, 3, 2, 2, 5, 5, 3, 40, 3, 55, 3, 51, 3, 52, 3, 53, 3, 54, 3, 56, 0, 0, 0, 0, 0, 0, 85, -55, 3, 0, 30]
I, [2020-12-02T17:51:04.721940 #27535]  INFO -- RuneRb: [[17:51] Pulse completed in 0.0 seconds
I, [2020-12-02T17:51:05.322682 #27535]  INFO -- RuneRb: [[17:51] Encoding frame: [OpCode]: 81 || [Size]: 56 || [Payload]: [-128, 31, -4, 16, -51, 1, 0, 6, 26, 0, 0, 18, 55, 12, 23, 0, 0, 1, 76, 1, 50, 1, 67, 1, 80, 0, 3, 2, 2, 5, 5, 3, 40, 3, 55, 3, 51, 3, 52, 3, 53, 3, 54, 3, 56, 0, 0, 0, 0, 0, 0, 85, -55, 3, 0, 30]
I, [2020-12-02T17:51:05.322867 #27535]  INFO -- RuneRb: [[17:51] Pulse completed in 0.0 seconds
I, [2020-12-02T17:51:05.923538 #27535]  INFO -- RuneRb: [[17:51] Encoding frame: [OpCode]: 81 || [Size]: 56 || [Payload]: [-128, 31, -4, 16, -51, 1, 0, 6, 26, 0, 0, 18, 55, 12, 23, 0, 0, 1, 76, 1, 50, 1, 67, 1, 80, 0, 3, 2, 2, 5, 5, 3, 40, 3, 55, 3, 51, 3, 52, 3, 53, 3, 54, 3, 56, 0, 0, 0, 0, 0, 0, 85, -55, 3, 0, 30]
I, [2020-12-02T17:51:05.923711 #27535]  INFO -- RuneRb: [[17:51] Pulse completed in 0.0 seconds
I, [2020-12-02T17:51:06.524381 #27535]  INFO -- RuneRb: [[17:51] Encoding frame: [OpCode]: 81 || [Size]: 56 || [Payload]: [-128, 31, -4, 16, -51, 1, 0, 6, 26, 0, 0, 18, 55, 12, 23, 0, 0, 1, 76, 1, 50, 1, 67, 1, 80, 0, 3, 2, 2, 5, 5, 3, 40, 3, 55, 3, 51, 3, 52, 3, 53, 3, 54, 3, 56, 0, 0, 0, 0, 0, 0, 85, -55, 3, 0, 30]
I, [2020-12-02T17:51:06.524556 #27535]  INFO -- RuneRb: [[17:51] Pulse completed in 0.0 seconds
I, [2020-12-02T17:51:07.125242 #27535]  INFO -- RuneRb: [[17:51] Encoding frame: [OpCode]: 81 || [Size]: 56 || [Payload]: [-128, 31, -4, 16, -51, 1, 0, 6, 26, 0, 0, 18, 55, 12, 23, 0, 0, 1, 76, 1, 50, 1, 67, 1, 80, 0, 3, 2, 2, 5, 5, 3, 40, 3, 55, 3, 51, 3, 52, 3, 53, 3, 54, 3, 56, 0, 0, 0, 0, 0, 0, 85, -55, 3, 0, 30]
I, [2020-12-02T17:51:07.125425 #27535]  INFO -- RuneRb: [[17:51] Pulse completed in 0.0 seconds
I, [2020-12-02T17:51:07.726085 #27535]  INFO -- RuneRb: [[17:51] Encoding frame: [OpCode]: 81 || [Size]: 56 || [Payload]: [-128, 31, -4, 16, -51, 1, 0, 6, 26, 0, 0, 18, 55, 12, 23, 0, 0, 1, 76, 1, 50, 1, 67, 1, 80, 0, 3, 2, 2, 5, 5, 3, 40, 3, 55, 3, 51, 3, 52, 3, 53, 3, 54, 3, 56, 0, 0, 0, 0, 0, 0, 85, -55, 3, 0, 30]
I, [2020-12-02T17:51:07.726260 #27535]  INFO -- RuneRb: [[17:51] Pulse completed in 0.0 seconds
I, [2020-12-02T17:51:08.326870 #27535]  INFO -- RuneRb: [[17:51] Encoding frame: [OpCode]: 81 || [Size]: 56 || [Payload]: [-128, 31, -4, 16, -51, 1, 0, 6, 26, 0, 0, 18, 55, 12, 23, 0, 0, 1, 76, 1, 50, 1, 67, 1, 80, 0, 3, 2, 2, 5, 5, 3, 40, 3, 55, 3, 51, 3, 52, 3, 53, 3, 54, 3, 56, 0, 0, 0, 0, 0, 0, 85, -55, 3, 0, 30]
I, [2020-12-02T17:51:08.327037 #27535]  INFO -- RuneRb: [[17:51] Pulse completed in 0.0 seconds
I, [2020-12-02T17:51:08.927679 #27535]  INFO -- RuneRb: [[17:51] Encoding frame: [OpCode]: 81 || [Size]: 56 || [Payload]: [-128, 31, -4, 16, -51, 1, 0, 6, 26, 0, 0, 18, 55, 12, 23, 0, 0, 1, 76, 1, 50, 1, 67, 1, 80, 0, 3, 2, 2, 5, 5, 3, 40, 3, 55, 3, 51, 3, 52, 3, 53, 3, 54, 3, 56, 0, 0, 0, 0, 0, 0, 85, -55, 3, 0, 30]
I, [2020-12-02T17:51:08.927871 #27535]  INFO -- RuneRb: [[17:51] Pulse completed in 0.0 seconds
I, [2020-12-02T17:51:09.528562 #27535]  INFO -- RuneRb: [[17:51] Encoding frame: [OpCode]: 81 || [Size]: 56 || [Payload]: [-128, 31, -4, 16, -51, 1, 0, 6, 26, 0, 0, 18, 55, 12, 23, 0, 0, 1, 76, 1, 50, 1, 67, 1, 80, 0, 3, 2, 2, 5, 5, 3, 40, 3, 55, 3, 51, 3, 52, 3, 53, 3, 54, 3, 56, 0, 0, 0, 0, 0, 0, 85, -55, 3, 0, 30]
I, [2020-12-02T17:51:09.528733 #27535]  INFO -- RuneRb: [[17:51] Pulse completed in 0.0 seconds
I, [2020-12-02T17:51:10.129409 #27535]  INFO -- RuneRb: [[17:51] Encoding frame: [OpCode]: 81 || [Size]: 56 || [Payload]: [-128, 31, -4, 16, -51, 1, 0, 6, 26, 0, 0, 18, 55, 12, 23, 0, 0, 1, 76, 1, 50, 1, 67, 1, 80, 0, 3, 2, 2, 5, 5, 3, 40, 3, 55, 3, 51, 3, 52, 3, 53, 3, 54, 3, 56, 0, 0, 0, 0, 0, 0, 85, -55, 3, 0, 30]
I, [2020-12-02T17:51:10.129581 #27535]  INFO -- RuneRb: [[17:51] Pulse completed in 0.0 seconds
I, [2020-12-02T17:51:10.730290 #27535]  INFO -- RuneRb: [[17:51] Encoding frame: [OpCode]: 81 || [Size]: 56 || [Payload]: [-128, 31, -4, 16, -51, 1, 0, 6, 26, 0, 0, 18, 55, 12, 23, 0, 0, 1, 76, 1, 50, 1, 67, 1, 80, 0, 3, 2, 2, 5, 5, 3, 40, 3, 55, 3, 51, 3, 52, 3, 53, 3, 54, 3, 56, 0, 0, 0, 0, 0, 0, 85, -55, 3, 0, 30]
I, [2020-12-02T17:51:10.730471 #27535]  INFO -- RuneRb: [[17:51] Pulse completed in 0.0 seconds
I, [2020-12-02T17:51:11.331224 #27535]  INFO -- RuneRb: [[17:51] Encoding frame: [OpCode]: 81 || [Size]: 56 || [Payload]: [-128, 31, -4, 16, -51, 1, 0, 6, 26, 0, 0, 18, 55, 12, 23, 0, 0, 1, 76, 1, 50, 1, 67, 1, 80, 0, 3, 2, 2, 5, 5, 3, 40, 3, 55, 3, 51, 3, 52, 3, 53, 3, 54, 3, 56, 0, 0, 0, 0, 0, 0, 85, -55, 3, 0, 30]
I, [2020-12-02T17:51:11.331409 #27535]  INFO -- RuneRb: [[17:51] Pulse completed in 0.0 seconds
I, [2020-12-02T17:51:11.932104 #27535]  INFO -- RuneRb: [[17:51] Encoding frame: [OpCode]: 81 || [Size]: 56 || [Payload]: [-128, 31, -4, 16, -51, 1, 0, 6, 26, 0, 0, 18, 55, 12, 23, 0, 0, 1, 76, 1, 50, 1, 67, 1, 80, 0, 3, 2, 2, 5, 5, 3, 40, 3, 55, 3, 51, 3, 52, 3, 53, 3, 54, 3, 56, 0, 0, 0, 0, 0, 0, 85, -55, 3, 0, 30]
I, [2020-12-02T17:51:11.932280 #27535]  INFO -- RuneRb: [[17:51] Pulse completed in 0.0 seconds
I, [2020-12-02T17:51:12.532975 #27535]  INFO -- RuneRb: [[17:51] Encoding frame: [OpCode]: 81 || [Size]: 56 || [Payload]: [-128, 31, -4, 16, -51, 1, 0, 6, 26, 0, 0, 18, 55, 12, 23, 0, 0, 1, 76, 1, 50, 1, 67, 1, 80, 0, 3, 2, 2, 5, 5, 3, 40, 3, 55, 3, 51, 3, 52, 3, 53, 3, 54, 3, 56, 0, 0, 0, 0, 0, 0, 85, -55, 3, 0, 30]
I, [2020-12-02T17:51:12.533146 #27535]  INFO -- RuneRb: [[17:51] Pulse completed in 0.0 seconds
I, [2020-12-02T17:51:13.133839 #27535]  INFO -- RuneRb: [[17:51] Encoding frame: [OpCode]: 81 || [Size]: 56 || [Payload]: [-128, 31, -4, 16, -51, 1, 0, 6, 26, 0, 0, 18, 55, 12, 23, 0, 0, 1, 76, 1, 50, 1, 67, 1, 80, 0, 3, 2, 2, 5, 5, 3, 40, 3, 55, 3, 51, 3, 52, 3, 53, 3, 54, 3, 56, 0, 0, 0, 0, 0, 0, 85, -55, 3, 0, 30]
I, [2020-12-02T17:51:13.134045 #27535]  INFO -- RuneRb: [[17:51] Pulse completed in 0.0 seconds
I, [2020-12-02T17:51:13.734749 #27535]  INFO -- RuneRb: [[17:51] Encoding frame: [OpCode]: 81 || [Size]: 56 || [Payload]: [-128, 31, -4, 16, -51, 1, 0, 6, 26, 0, 0, 18, 55, 12, 23, 0, 0, 1, 76, 1, 50, 1, 67, 1, 80, 0, 3, 2, 2, 5, 5, 3, 40, 3, 55, 3, 51, 3, 52, 3, 53, 3, 54, 3, 56, 0, 0, 0, 0, 0, 0, 85, -55, 3, 0, 30]
I, [2020-12-02T17:51:13.734972 #27535]  INFO -- RuneRb: [[17:51] Pulse completed in 0.001 seconds
I, [2020-12-02T17:51:14.335631 #27535]  INFO -- RuneRb: [[17:51] Encoding frame: [OpCode]: 81 || [Size]: 56 || [Payload]: [-128, 31, -4, 16, -51, 1, 0, 6, 26, 0, 0, 18, 55, 12, 23, 0, 0, 1, 76, 1, 50, 1, 67, 1, 80, 0, 3, 2, 2, 5, 5, 3, 40, 3, 55, 3, 51, 3, 52, 3, 53, 3, 54, 3, 56, 0, 0, 0, 0, 0, 0, 85, -55, 3, 0, 30]
I, [2020-12-02T17:51:14.335806 #27535]  INFO -- RuneRb: [[17:51] Pulse completed in 0.0 seconds
I, [2020-12-02T17:51:14.936491 #27535]  INFO -- RuneRb: [[17:51] Encoding frame: [OpCode]: 81 || [Size]: 56 || [Payload]: [-128, 31, -4, 16, -51, 1, 0, 6, 26, 0, 0, 18, 55, 12, 23, 0, 0, 1, 76, 1, 50, 1, 67, 1, 80, 0, 3, 2, 2, 5, 5, 3, 40, 3, 55, 3, 51, 3, 52, 3, 53, 3, 54, 3, 56, 0, 0, 0, 0, 0, 0, 85, -55, 3, 0, 30]
I, [2020-12-02T17:51:14.936666 #27535]  INFO -- RuneRb: [[17:51] Pulse completed in 0.0 seconds
I, [2020-12-02T17:51:15.537310 #27535]  INFO -- RuneRb: [[17:51] Encoding frame: [OpCode]: 81 || [Size]: 56 || [Payload]: [-128, 31, -4, 16, -51, 1, 0, 6, 26, 0, 0, 18, 55, 12, 23, 0, 0, 1, 76, 1, 50, 1, 67, 1, 80, 0, 3, 2, 2, 5, 5, 3, 40, 3, 55, 3, 51, 3, 52, 3, 53, 3, 54, 3, 56, 0, 0, 0, 0, 0, 0, 85, -55, 3, 0, 30]
I, [2020-12-02T17:51:15.537499 #27535]  INFO -- RuneRb: [[17:51] Pulse completed in 0.0 seconds
I, [2020-12-02T17:51:16.138196 #27535]  INFO -- RuneRb: [[17:51] Encoding frame: [OpCode]: 81 || [Size]: 56 || [Payload]: [-128, 31, -4, 16, -51, 1, 0, 6, 26, 0, 0, 18, 55, 12, 23, 0, 0, 1, 76, 1, 50, 1, 67, 1, 80, 0, 3, 2, 2, 5, 5, 3, 40, 3, 55, 3, 51, 3, 52, 3, 53, 3, 54, 3, 56, 0, 0, 0, 0, 0, 0, 85, -55, 3, 0, 30]
I, [2020-12-02T17:51:16.138370 #27535]  INFO -- RuneRb: [[17:51] Pulse completed in 0.0 seconds
I, [2020-12-02T17:51:16.739094 #27535]  INFO -- RuneRb: [[17:51] Encoding frame: [OpCode]: 81 || [Size]: 56 || [Payload]: [-128, 31, -4, 16, -51, 1, 0, 6, 26, 0, 0, 18, 55, 12, 23, 0, 0, 1, 76, 1, 50, 1, 67, 1, 80, 0, 3, 2, 2, 5, 5, 3, 40, 3, 55, 3, 51, 3, 52, 3, 53, 3, 54, 3, 56, 0, 0, 0, 0, 0, 0, 85, -55, 3, 0, 30]
I, [2020-12-02T17:51:16.739264 #27535]  INFO -- RuneRb: [[17:51] Pulse completed in 0.0 seconds
I, [2020-12-02T17:51:17.339925 #27535]  INFO -- RuneRb: [[17:51] Encoding frame: [OpCode]: 81 || [Size]: 56 || [Payload]: [-128, 31, -4, 16, -51, 1, 0, 6, 26, 0, 0, 18, 55, 12, 23, 0, 0, 1, 76, 1, 50, 1, 67, 1, 80, 0, 3, 2, 2, 5, 5, 3, 40, 3, 55, 3, 51, 3, 52, 3, 53, 3, 54, 3, 56, 0, 0, 0, 0, 0, 0, 85, -55, 3, 0, 30]
I, [2020-12-02T17:51:17.340123 #27535]  INFO -- RuneRb: [[17:51] Pulse completed in 0.0 seconds
I, [2020-12-02T17:51:17.940784 #27535]  INFO -- RuneRb: [[17:51] Encoding frame: [OpCode]: 81 || [Size]: 56 || [Payload]: [-128, 31, -4, 16, -51, 1, 0, 6, 26, 0, 0, 18, 55, 12, 23, 0, 0, 1, 76, 1, 50, 1, 67, 1, 80, 0, 3, 2, 2, 5, 5, 3, 40, 3, 55, 3, 51, 3, 52, 3, 53, 3, 54, 3, 56, 0, 0, 0, 0, 0, 0, 85, -55, 3, 0, 30]
I, [2020-12-02T17:51:17.940972 #27535]  INFO -- RuneRb: [[17:51] Pulse completed in 0.0 seconds
I, [2020-12-02T17:51:18.541661 #27535]  INFO -- RuneRb: [[17:51] Encoding frame: [OpCode]: 81 || [Size]: 56 || [Payload]: [-128, 31, -4, 16, -51, 1, 0, 6, 26, 0, 0, 18, 55, 12, 23, 0, 0, 1, 76, 1, 50, 1, 67, 1, 80, 0, 3, 2, 2, 5, 5, 3, 40, 3, 55, 3, 51, 3, 52, 3, 53, 3, 54, 3, 56, 0, 0, 0, 0, 0, 0, 85, -55, 3, 0, 30]
I, [2020-12-02T17:51:18.541836 #27535]  INFO -- RuneRb: [[17:51] Pulse completed in 0.0 seconds
I, [2020-12-02T17:51:19.142548 #27535]  INFO -- RuneRb: [[17:51] Encoding frame: [OpCode]: 81 || [Size]: 56 || [Payload]: [-128, 31, -4, 16, -51, 1, 0, 6, 26, 0, 0, 18, 55, 12, 23, 0, 0, 1, 76, 1, 50, 1, 67, 1, 80, 0, 3, 2, 2, 5, 5, 3, 40, 3, 55, 3, 51, 3, 52, 3, 53, 3, 54, 3, 56, 0, 0, 0, 0, 0, 0, 85, -55, 3, 0, 30]
I, [2020-12-02T17:51:19.142721 #27535]  INFO -- RuneRb: [[17:51] Pulse completed in 0.0 seconds
I, [2020-12-02T17:51:19.744058 #27535]  INFO -- RuneRb: [[17:51] Encoding frame: [OpCode]: 81 || [Size]: 56 || [Payload]: [-128, 31, -4, 16, -51, 1, 0, 6, 26, 0, 0, 18, 55, 12, 23, 0, 0, 1, 76, 1, 50, 1, 67, 1, 80, 0, 3, 2, 2, 5, 5, 3, 40, 3, 55, 3, 51, 3, 52, 3, 53, 3, 54, 3, 56, 0, 0, 0, 0, 0, 0, 85, -55, 3, 0, 30]
I, [2020-12-02T17:51:19.744237 #27535]  INFO -- RuneRb: [[17:51] Pulse completed in 0.0 seconds
I, [2020-12-02T17:51:20.344945 #27535]  INFO -- RuneRb: [[17:51] Encoding frame: [OpCode]: 81 || [Size]: 56 || [Payload]: [-128, 31, -4, 16, -51, 1, 0, 6, 26, 0, 0, 18, 55, 12, 23, 0, 0, 1, 76, 1, 50, 1, 67, 1, 80, 0, 3, 2, 2, 5, 5, 3, 40, 3, 55, 3, 51, 3, 52, 3, 53, 3, 54, 3, 56, 0, 0, 0, 0, 0, 0, 85, -55, 3, 0, 30]
I, [2020-12-02T17:51:20.345137 #27535]  INFO -- RuneRb: [[17:51] Pulse completed in 0.0 seconds
I, [2020-12-02T17:51:20.945763 #27535]  INFO -- RuneRb: [[17:51] Encoding frame: [OpCode]: 81 || [Size]: 56 || [Payload]: [-128, 31, -4, 16, -51, 1, 0, 6, 26, 0, 0, 18, 55, 12, 23, 0, 0, 1, 76, 1, 50, 1, 67, 1, 80, 0, 3, 2, 2, 5, 5, 3, 40, 3, 55, 3, 51, 3, 52, 3, 53, 3, 54, 3, 56, 0, 0, 0, 0, 0, 0, 85, -55, 3, 0, 30]
I, [2020-12-02T17:51:20.945930 #27535]  INFO -- RuneRb: [[17:51] Pulse completed in 0.0 seconds
I, [2020-12-02T17:51:21.546642 #27535]  INFO -- RuneRb: [[17:51] Encoding frame: [OpCode]: 81 || [Size]: 56 || [Payload]: [-128, 31, -4, 16, -51, 1, 0, 6, 26, 0, 0, 18, 55, 12, 23, 0, 0, 1, 76, 1, 50, 1, 67, 1, 80, 0, 3, 2, 2, 5, 5, 3, 40, 3, 55, 3, 51, 3, 52, 3, 53, 3, 54, 3, 56, 0, 0, 0, 0, 0, 0, 85, -55, 3, 0, 30]
I, [2020-12-02T17:51:21.546814 #27535]  INFO -- RuneRb: [[17:51] Pulse completed in 0.0 seconds
I, [2020-12-02T17:51:22.147488 #27535]  INFO -- RuneRb: [[17:51] Encoding frame: [OpCode]: 81 || [Size]: 56 || [Payload]: [-128, 31, -4, 16, -51, 1, 0, 6, 26, 0, 0, 18, 55, 12, 23, 0, 0, 1, 76, 1, 50, 1, 67, 1, 80, 0, 3, 2, 2, 5, 5, 3, 40, 3, 55, 3, 51, 3, 52, 3, 53, 3, 54, 3, 56, 0, 0, 0, 0, 0, 0, 85, -55, 3, 0, 30]
I, [2020-12-02T17:51:22.147676 #27535]  INFO -- RuneRb: [[17:51] Pulse completed in 0.0 seconds
I, [2020-12-02T17:51:22.748395 #27535]  INFO -- RuneRb: [[17:51] Encoding frame: [OpCode]: 81 || [Size]: 56 || [Payload]: [-128, 31, -4, 16, -51, 1, 0, 6, 26, 0, 0, 18, 55, 12, 23, 0, 0, 1, 76, 1, 50, 1, 67, 1, 80, 0, 3, 2, 2, 5, 5, 3, 40, 3, 55, 3, 51, 3, 52, 3, 53, 3, 54, 3, 56, 0, 0, 0, 0, 0, 0, 85, -55, 3, 0, 30]
I, [2020-12-02T17:51:22.748568 #27535]  INFO -- RuneRb: [[17:51] Pulse completed in 0.0 seconds
I, [2020-12-02T17:51:23.349296 #27535]  INFO -- RuneRb: [[17:51] Encoding frame: [OpCode]: 81 || [Size]: 56 || [Payload]: [-128, 31, -4, 16, -51, 1, 0, 6, 26, 0, 0, 18, 55, 12, 23, 0, 0, 1, 76, 1, 50, 1, 67, 1, 80, 0, 3, 2, 2, 5, 5, 3, 40, 3, 55, 3, 51, 3, 52, 3, 53, 3, 54, 3, 56, 0, 0, 0, 0, 0, 0, 85, -55, 3, 0, 30]
I, [2020-12-02T17:51:23.349470 #27535]  INFO -- RuneRb: [[17:51] Pulse completed in 0.0 seconds
I, [2020-12-02T17:51:23.950174 #27535]  INFO -- RuneRb: [[17:51] Encoding frame: [OpCode]: 81 || [Size]: 56 || [Payload]: [-128, 31, -4, 16, -51, 1, 0, 6, 26, 0, 0, 18, 55, 12, 23, 0, 0, 1, 76, 1, 50, 1, 67, 1, 80, 0, 3, 2, 2, 5, 5, 3, 40, 3, 55, 3, 51, 3, 52, 3, 53, 3, 54, 3, 56, 0, 0, 0, 0, 0, 0, 85, -55, 3, 0, 30]
I, [2020-12-02T17:51:23.950366 #27535]  INFO -- RuneRb: [[17:51] Pulse completed in 0.0 seconds
I, [2020-12-02T17:51:24.551026 #27535]  INFO -- RuneRb: [[17:51] Encoding frame: [OpCode]: 81 || [Size]: 56 || [Payload]: [-128, 31, -4, 16, -51, 1, 0, 6, 26, 0, 0, 18, 55, 12, 23, 0, 0, 1, 76, 1, 50, 1, 67, 1, 80, 0, 3, 2, 2, 5, 5, 3, 40, 3, 55, 3, 51, 3, 52, 3, 53, 3, 54, 3, 56, 0, 0, 0, 0, 0, 0, 85, -55, 3, 0, 30]
I, [2020-12-02T17:51:24.551211 #27535]  INFO -- RuneRb: [[17:51] Pulse completed in 0.0 seconds
I, [2020-12-02T17:51:25.151955 #27535]  INFO -- RuneRb: [[17:51] Encoding frame: [OpCode]: 81 || [Size]: 56 || [Payload]: [-128, 31, -4, 16, -51, 1, 0, 6, 26, 0, 0, 18, 55, 12, 23, 0, 0, 1, 76, 1, 50, 1, 67, 1, 80, 0, 3, 2, 2, 5, 5, 3, 40, 3, 55, 3, 51, 3, 52, 3, 53, 3, 54, 3, 56, 0, 0, 0, 0, 0, 0, 85, -55, 3, 0, 30]
I, [2020-12-02T17:51:25.152372 #27535]  INFO -- RuneRb: [[17:51] Pulse completed in 0.001 seconds
I, [2020-12-02T17:52:25.718534 #29110]  INFO -- RuneRb: [[17:52] New World Instance initialized!
I, [2020-12-02T17:52:25.724352 #29339]  INFO -- RuneRb: [[17:52] Endpoint deployed: 0.0.0.0:43594
I, [2020-12-02T17:52:31.612314 #29339]  INFO -- RuneRb: [[17:52] Attached to Endpoint!
I, [2020-12-02T17:52:31.613423 #29339]  INFO -- RuneRb: [[17:52] Generated seed: 4267595127
I, [2020-12-02T17:52:31.613611 #29339]  INFO -- RuneRb: [[17:52] [ConnectionType]:	Login
I, [2020-12-02T17:52:31.621850 #29339]  INFO -- RuneRb: [[17:52] Validating Login type for 127.0.0.1
I, [2020-12-02T17:52:31.622107 #29339]  INFO -- RuneRb: [[17:52] Validated!
I, [2020-12-02T17:52:31.622204 #29339]  INFO -- RuneRb: [[17:52] Validating Seed pair for 127.0.0.1
I, [2020-12-02T17:52:31.622318 #29339]  INFO -- RuneRb: [[17:52] Seed Validated!
I, [2020-12-02T17:52:31.622405 #29339]  INFO -- RuneRb: [[17:52] Validating Magic for 127.0.0.1
I, [2020-12-02T17:52:31.622502 #29339]  INFO -- RuneRb: [[17:52] Magic Validated!
I, [2020-12-02T17:52:31.622594 #29339]  INFO -- RuneRb: [[17:52] Validating Revision for 127.0.0.1
I, [2020-12-02T17:52:31.622696 #29339]  INFO -- RuneRb: [[17:52] Revision Validated!
I, [2020-12-02T17:52:31.622780 #29339]  INFO -- RuneRb: [[17:52] Validating Credentials for 127.0.0.1
I, [2020-12-02T17:52:31.642797 #29339]  INFO -- RuneRb: [[17:52] Loaded profile data for Pat
I, [2020-12-02T17:52:31.642961 #29339]  INFO -- RuneRb: [[17:52] Credentials validated!
I, [2020-12-02T17:52:31.643059 #29339]  INFO -- RuneRb: [[17:52] Status validated!
I, [2020-12-02T17:52:31.644128 #29339]  INFO -- RuneRb: [[17:52] Encoding frame: [OpCode]: 71 || [Size]: 3 || [Payload]: [9, 119, -128]
I, [2020-12-02T17:52:31.644303 #29339]  INFO -- RuneRb: [[17:52] Encoding frame: [OpCode]: 71 || [Size]: 3 || [Payload]: [15, 77, -127]
I, [2020-12-02T17:52:31.644440 #29339]  INFO -- RuneRb: [[17:52] Encoding frame: [OpCode]: 71 || [Size]: 3 || [Payload]: [2, 126, -126]
I, [2020-12-02T17:52:31.644568 #29339]  INFO -- RuneRb: [[17:52] Encoding frame: [OpCode]: 71 || [Size]: 3 || [Payload]: [12, -115, -125]
I, [2020-12-02T17:52:31.644689 #29339]  INFO -- RuneRb: [[17:52] Encoding frame: [OpCode]: 71 || [Size]: 3 || [Payload]: [6, 108, -124]
I, [2020-12-02T17:52:31.644803 #29339]  INFO -- RuneRb: [[17:52] Encoding frame: [OpCode]: 71 || [Size]: 3 || [Payload]: [21, -24, -123]
I, [2020-12-02T17:52:31.644966 #29339]  INFO -- RuneRb: [[17:52] Encoding frame: [OpCode]: 71 || [Size]: 3 || [Payload]: [4, 127, -122]
I, [2020-12-02T17:52:31.645095 #29339]  INFO -- RuneRb: [[17:52] Encoding frame: [OpCode]: 71 || [Size]: 3 || [Payload]: [-1, -1, -121]
I, [2020-12-02T17:52:31.645214 #29339]  INFO -- RuneRb: [[17:52] Encoding frame: [OpCode]: 71 || [Size]: 3 || [Payload]: [19, -55, -120]
I, [2020-12-02T17:52:31.645329 #29339]  INFO -- RuneRb: [[17:52] Encoding frame: [OpCode]: 71 || [Size]: 3 || [Payload]: [22, 83, -119]
I, [2020-12-02T17:52:31.645449 #29339]  INFO -- RuneRb: [[17:52] Encoding frame: [OpCode]: 71 || [Size]: 3 || [Payload]: [9, -111, -118]
I, [2020-12-02T17:52:31.645576 #29339]  INFO -- RuneRb: [[17:52] Encoding frame: [OpCode]: 71 || [Size]: 3 || [Payload]: [3, -120, -117]
I, [2020-12-02T17:52:31.645698 #29339]  INFO -- RuneRb: [[17:52] Encoding frame: [OpCode]: 71 || [Size]: 3 || [Payload]: [0, -109, -116]
I, [2020-12-02T17:52:31.645836 #29339]  INFO -- RuneRb: [[17:52] Encoding frame: [OpCode]: 71 || [Size]: 3 || [Payload]: [3, -62, -115]
I, [2020-12-02T17:52:31.646127 #29339]  INFO -- RuneRb: [[17:52] Encoding frame: [OpCode]: 253 || [Size]: 69 || [Payload]: [67, 104, 101, 99, 107, 32, 116, 104, 101, 32, 114, 101, 112, 111, 115, 105, 116, 111, 114, 121, 32, 102, 111, 114, 32, 117, 112, 100, 97, 116, 101, 115, 33, 32, 104, 116, 116, 112, 115, 58, 47, 47, 103, 105, 116, 108, 97, 98, 46, 99, 111, 109, 47, 83, 105, 99, 107, 100, 97, 121, 47, 114, 117, 110, 101, 46, 114, 98, 10]
I, [2020-12-02T17:52:31.646285 #29339]  INFO -- RuneRb: [[17:52] Encoding frame: [OpCode]: 253 || [Size]: 10 || [Payload]: [86, 69, 82, 83, 73, 79, 78, 58, 32, 10]
I, [2020-12-02T17:52:31.653133 #29339]  INFO -- RuneRb: [[17:52] Loaded Mob definition!
I, [2020-12-02T17:52:31.933062 #29339]  INFO -- RuneRb: [[17:52] Pulse completed in 0.0 seconds
I, [2020-12-02T17:52:32.169584 #29339]  INFO -- RuneRb: [[17:52] Encoding frame: [OpCode]: 53 || [Size]: 88 || [Payload]: [12, -114, 0, 28, 1, -72, 16, 1, -32, 4, 1, -30, 4, 1, -26, 4, 1, 12, 5, 1, -34, 4, 1, -24, 4, 1, -35, 4, 1, -36, 4, 1, -36, 4, 1, -33, 4, 1, -34, 4, 1, -88, 5, 1, -28, 4, 1, -32, 4, 1, -72, 16, 0, -128, 0, 0, -128, 0, 0, -128, 0, 0, -128, 0, 0, -128, 0, 0, -128, 0, 0, -128, 0, 0, -128, 0, 0, -128, 0, 0, -128, 0, 0, -128, 0, 0, -128, 0]
I, [2020-12-02T17:52:32.169795 #29339]  INFO -- RuneRb: [[17:52] Loaded Inventory for Pat
I, [2020-12-02T17:52:32.170135 #29339]  INFO -- RuneRb: [[17:52] Encoding frame: [OpCode]: 34 || [Size]: 6 || [Payload]: [6, -104, 0, 4, 27, 1]
I, [2020-12-02T17:52:32.170277 #29339]  INFO -- RuneRb: [[17:52] Encoding frame: [OpCode]: 34 || [Size]: 6 || [Payload]: [6, -104, 1, 0, 0, 0]
I, [2020-12-02T17:52:32.170399 #29339]  INFO -- RuneRb: [[17:52] Encoding frame: [OpCode]: 34 || [Size]: 6 || [Payload]: [6, -104, 2, 0, 0, 0]
I, [2020-12-02T17:52:32.170529 #29339]  INFO -- RuneRb: [[17:52] Encoding frame: [OpCode]: 34 || [Size]: 6 || [Payload]: [6, -104, 3, 16, 56, 1]
I, [2020-12-02T17:52:32.170648 #29339]  INFO -- RuneRb: [[17:52] Encoding frame: [OpCode]: 34 || [Size]: 6 || [Payload]: [6, -104, 4, 10, 24, 1]
I, [2020-12-02T17:52:32.170776 #29339]  INFO -- RuneRb: [[17:52] Encoding frame: [OpCode]: 34 || [Size]: 6 || [Payload]: [6, -104, 5, 0, 0, 0]
I, [2020-12-02T17:52:32.170896 #29339]  INFO -- RuneRb: [[17:52] Encoding frame: [OpCode]: 34 || [Size]: 6 || [Payload]: [6, -104, 6, 0, 0, 0]
I, [2020-12-02T17:52:32.171022 #29339]  INFO -- RuneRb: [[17:52] Encoding frame: [OpCode]: 34 || [Size]: 6 || [Payload]: [6, -104, 7, 0, 0, 0]
I, [2020-12-02T17:52:32.171135 #29339]  INFO -- RuneRb: [[17:52] Encoding frame: [OpCode]: 34 || [Size]: 6 || [Payload]: [6, -104, 8, 0, 0, 0]
I, [2020-12-02T17:52:32.171246 #29339]  INFO -- RuneRb: [[17:52] Encoding frame: [OpCode]: 34 || [Size]: 6 || [Payload]: [6, -104, 9, 0, 0, 0]
I, [2020-12-02T17:52:32.171373 #29339]  INFO -- RuneRb: [[17:52] Encoding frame: [OpCode]: 34 || [Size]: 6 || [Payload]: [6, -104, 10, 0, 0, 0]
I, [2020-12-02T17:52:32.171496 #29339]  INFO -- RuneRb: [[17:52] Encoding frame: [OpCode]: 34 || [Size]: 6 || [Payload]: [6, -104, 11, 0, 0, 0]
I, [2020-12-02T17:52:32.171632 #29339]  INFO -- RuneRb: [[17:52] Encoding frame: [OpCode]: 34 || [Size]: 6 || [Payload]: [6, -104, 12, 0, 0, 0]
I, [2020-12-02T17:52:32.171747 #29339]  INFO -- RuneRb: [[17:52] Encoding frame: [OpCode]: 34 || [Size]: 6 || [Payload]: [6, -104, 13, 0, 0, 0]
I, [2020-12-02T17:52:32.171865 #29339]  INFO -- RuneRb: [[17:52] Loaded Equipment for Pat
I, [2020-12-02T17:52:32.172177 #29339]  INFO -- RuneRb: [[17:52] Attached to World instance!
I, [2020-12-02T17:52:32.172292 #29339]  INFO -- RuneRb: [[17:52] Registered new Context for Pat
I, [2020-12-02T17:52:32.172387 #29339]  INFO -- RuneRb: [[17:52] Welcome, Pat!
I, [2020-12-02T17:52:32.735023 #29339]  INFO -- RuneRb: [[17:52] Writing [x: 404, y: 402]
I, [2020-12-02T17:52:32.735242 #29339]  INFO -- RuneRb: [[17:52] Encoding frame: [OpCode]: 73 || [Size]: 4 || [Payload]: [1, 20, 1, -110]
I, [2020-12-02T17:52:32.735389 #29339]  INFO -- RuneRb: [[17:52] Wrote [x: 52, y: 51]
I, [2020-12-02T17:52:32.737348 #29339]  INFO -- RuneRb: [[17:52] Encoding frame: [OpCode]: 81 || [Size]: 58 || [Payload]: [-26, -47, -104, 7, -1, 16, -51, 1, 0, 6, 26, 0, 0, 18, 55, 12, 23, 0, 0, 1, 76, 1, 50, 1, 67, 1, 80, 0, 3, 2, 2, 5, 5, 3, 40, 3, 55, 3, 51, 3, 52, 3, 53, 3, 54, 3, 56, 0, 0, 0, 0, 0, 0, 85, -55, 3, 0, 30]
I, [2020-12-02T17:52:32.737537 #29339]  INFO -- RuneRb: [[17:52] Pulse completed in 0.003 seconds
I, [2020-12-02T17:52:32.990835 #29339]  INFO -- RuneRb: [[17:52] Decoding frame: [OpCode]: 0 || [Size]: 0 || [Payload]: []
I, [2020-12-02T17:52:32.991027 #29339]  INFO -- RuneRb: [[17:52] Received Heartbeat!
I, [2020-12-02T17:52:32.991172 #29339]  INFO -- RuneRb: [[17:52] Decoding frame: [OpCode]: 0 || [Size]: 0 || [Payload]: []
I, [2020-12-02T17:52:32.991248 #29339]  INFO -- RuneRb: [[17:52] Received Heartbeat!
I, [2020-12-02T17:52:32.991341 #29339]  INFO -- RuneRb: [[17:52] Decoding frame: [OpCode]: 0 || [Size]: 0 || [Payload]: []
I, [2020-12-02T17:52:32.991430 #29339]  INFO -- RuneRb: [[17:52] Received Heartbeat!
I, [2020-12-02T17:52:32.991524 #29339]  INFO -- RuneRb: [[17:52] Decoding frame: [OpCode]: 0 || [Size]: 0 || [Payload]: []
I, [2020-12-02T17:52:32.991595 #29339]  INFO -- RuneRb: [[17:52] Received Heartbeat!
I, [2020-12-02T17:52:32.991705 #29339]  INFO -- RuneRb: [[17:52] Decoding frame: [OpCode]: 0 || [Size]: 0 || [Payload]: []
I, [2020-12-02T17:52:32.991775 #29339]  INFO -- RuneRb: [[17:52] Received Heartbeat!
I, [2020-12-02T17:52:32.991877 #29339]  INFO -- RuneRb: [[17:52] Decoding frame: [OpCode]: 0 || [Size]: 0 || [Payload]: []
I, [2020-12-02T17:52:32.991964 #29339]  INFO -- RuneRb: [[17:52] Received Heartbeat!
I, [2020-12-02T17:52:32.992061 #29339]  INFO -- RuneRb: [[17:52] Decoding frame: [OpCode]: 210 || [Size]: 0 || [Payload]: []
I, [2020-12-02T17:52:32.992141 #29339]  INFO -- RuneRb: [[17:52] Got ping frame 210
I, [2020-12-02T17:52:33.044144 #29339]  INFO -- RuneRb: [[17:52] Decoding frame: [OpCode]: 121 || [Size]: 0 || [Payload]: []
I, [2020-12-02T17:52:33.044325 #29339]  INFO -- RuneRb: [[17:52] Got ping frame 121
I, [2020-12-02T17:52:33.044440 #29339]  INFO -- RuneRb: [[17:52] Decoding frame: [OpCode]: 77 || [Size]: 0 || [Payload]: []
I, [2020-12-02T17:52:33.044552 #29339]  INFO -- RuneRb: [[17:52] Got ping frame 77
I, [2020-12-02T17:52:33.338519 #29339]  INFO -- RuneRb: [[17:52] Encoding frame: [OpCode]: 81 || [Size]: 56 || [Payload]: [-128, 31, -4, 16, -51, 1, 0, 6, 26, 0, 0, 18, 55, 12, 23, 0, 0, 1, 76, 1, 50, 1, 67, 1, 80, 0, 3, 2, 2, 5, 5, 3, 40, 3, 55, 3, 51, 3, 52, 3, 53, 3, 54, 3, 56, 0, 0, 0, 0, 0, 0, 85, -55, 3, 0, 30]
I, [2020-12-02T17:52:33.338697 #29339]  INFO -- RuneRb: [[17:52] Pulse completed in 0.0 seconds
I, [2020-12-02T17:52:33.727401 #29339]  INFO -- RuneRb: [[17:52] Decoding frame: [OpCode]: 45 || [Size]: 0 || [Payload]: []
I, [2020-12-02T17:52:33.727574 #29339]  INFO -- RuneRb: [[17:52] Received Mouse Movement
I, [2020-12-02T17:52:33.727679 #29339]  INFO -- RuneRb: [[17:52] Decoding frame: [OpCode]: 241 || [Size]: 0 || [Payload]: []
I, [2020-12-02T17:52:33.727819 #29339]  INFO -- RuneRb: [[17:52] LeftMouse Click at Position: x: 290, y: 1, delay: 0
I, [2020-12-02T17:52:33.752635 #29339]  INFO -- RuneRb: [[17:52] Decoding frame: [OpCode]: 164 || [Size]: 0 || [Payload]: []
I, [2020-12-02T17:52:33.752809 #29339]  INFO -- RuneRb: [[17:52] Received movement packet: 164
I, [2020-12-02T17:52:33.752975 #29339]  INFO -- RuneRb: [[17:52] Adding path: [[AbsX: 3234, AbsY: 3220, AbsZ: 0] || [LocX: 50, LocY: 52] || [RegX: 404, RegY: 402], [AbsX: 3233, AbsY: 3219, AbsZ: 0] || [LocX: 49, LocY: 51] || [RegX: 404, RegY: 402]]
I, [2020-12-02T17:52:33.753078 #29339]  INFO -- RuneRb: [[17:52] Adding primary position [AbsX: 3234, AbsY: 3220, AbsZ: 0] || [LocX: 50, LocY: 52] || [RegX: 404, RegY: 402]
I, [2020-12-02T17:52:33.753160 #29339]  INFO -- RuneRb: [[17:52] Current step: [AbsX: 3236, AbsY: 3219, AbsZ: 0] || [LocX: 52, LocY: 51] || [RegX: 404, RegY: 402]
I, [2020-12-02T17:52:33.753267 #29339]  INFO -- RuneRb: [[17:52] Calculating 2 steps
I, [2020-12-02T17:52:33.753369 #29339]  INFO -- RuneRb: [[17:52] Added step 1 [AbsX: 3235, AbsY: 3220, AbsZ: 0] || [LocX: 51, LocY: 52] || [RegX: 404, RegY: 402]
I, [2020-12-02T17:52:33.753465 #29339]  INFO -- RuneRb: [[17:52] Added step 2 [AbsX: 3234, AbsY: 3220, AbsZ: 0] || [LocX: 50, LocY: 52] || [RegX: 404, RegY: 402]
I, [2020-12-02T17:52:33.753558 #29339]  INFO -- RuneRb: [[17:52] Current step: [AbsX: 3234, AbsY: 3220, AbsZ: 0] || [LocX: 50, LocY: 52] || [RegX: 404, RegY: 402]
I, [2020-12-02T17:52:33.753641 #29339]  INFO -- RuneRb: [[17:52] Calculating 1 steps
I, [2020-12-02T17:52:33.753740 #29339]  INFO -- RuneRb: [[17:52] Added step 1 [AbsX: 3233, AbsY: 3219, AbsZ: 0] || [LocX: 49, LocY: 51] || [RegX: 404, RegY: 402]
I, [2020-12-02T17:52:33.939142 #29339]  INFO -- RuneRb: [[17:52] Got point [AbsX: 3235, AbsY: 3220, AbsZ: 0] || [LocX: 51, LocY: 52] || [RegX: 404, RegY: 402]
I, [2020-12-02T17:52:33.939734 #29339]  INFO -- RuneRb: [[17:52] Worked out 1st direction to be NORTH_WEST
I, [2020-12-02T17:52:33.939853 #29339]  INFO -- RuneRb: [[17:52] Updated Pos to [AbsX: 3235, AbsY: 3220, AbsZ: 0] || [LocX: 51, LocY: 52] || [RegX: 404, RegY: 402]
I, [2020-12-02T17:52:33.940159 #29339]  INFO -- RuneRb: [[17:52] Encoding frame: [OpCode]: 81 || [Size]: 57 || [Payload]: [-94, 1, -1, -64, 16, -51, 1, 0, 6, 26, 0, 0, 18, 55, 12, 23, 0, 0, 1, 76, 1, 50, 1, 67, 1, 80, 0, 3, 2, 2, 5, 5, 3, 40, 3, 55, 3, 51, 3, 52, 3, 53, 3, 54, 3, 56, 0, 0, 0, 0, 0, 0, 85, -55, 3, 0, 30]
I, [2020-12-02T17:52:33.940271 #29339]  INFO -- RuneRb: [[17:52] Pulse completed in 0.001 seconds
I, [2020-12-02T17:52:34.541236 #29339]  INFO -- RuneRb: [[17:52] Got point [AbsX: 3234, AbsY: 3220, AbsZ: 0] || [LocX: 50, LocY: 52] || [RegX: 404, RegY: 402]
I, [2020-12-02T17:52:34.541425 #29339]  INFO -- RuneRb: [[17:52] Worked out 1st direction to be WEST
I, [2020-12-02T17:52:34.541505 #29339]  INFO -- RuneRb: [[17:52] Updated Pos to [AbsX: 3234, AbsY: 3220, AbsZ: 0] || [LocX: 50, LocY: 52] || [RegX: 404, RegY: 402]
I, [2020-12-02T17:52:34.541793 #29339]  INFO -- RuneRb: [[17:52] Encoding frame: [OpCode]: 81 || [Size]: 57 || [Payload]: [-82, 1, -1, -64, 16, -51, 1, 0, 6, 26, 0, 0, 18, 55, 12, 23, 0, 0, 1, 76, 1, 50, 1, 67, 1, 80, 0, 3, 2, 2, 5, 5, 3, 40, 3, 55, 3, 51, 3, 52, 3, 53, 3, 54, 3, 56, 0, 0, 0, 0, 0, 0, 85, -55, 3, 0, 30]
I, [2020-12-02T17:52:34.541918 #29339]  INFO -- RuneRb: [[17:52] Pulse completed in 0.001 seconds
I, [2020-12-02T17:52:35.142917 #29339]  INFO -- RuneRb: [[17:52] Got point [AbsX: 3233, AbsY: 3219, AbsZ: 0] || [LocX: 49, LocY: 51] || [RegX: 404, RegY: 402]
I, [2020-12-02T17:52:35.143112 #29339]  INFO -- RuneRb: [[17:52] Worked out 1st direction to be SOUTH_WEST
I, [2020-12-02T17:52:35.143219 #29339]  INFO -- RuneRb: [[17:52] Updated Pos to [AbsX: 3233, AbsY: 3219, AbsZ: 0] || [LocX: 49, LocY: 51] || [RegX: 404, RegY: 402]
I, [2020-12-02T17:52:35.143504 #29339]  INFO -- RuneRb: [[17:52] Encoding frame: [OpCode]: 81 || [Size]: 57 || [Payload]: [-74, 1, -1, -64, 16, -51, 1, 0, 6, 26, 0, 0, 18, 55, 12, 23, 0, 0, 1, 76, 1, 50, 1, 67, 1, 80, 0, 3, 2, 2, 5, 5, 3, 40, 3, 55, 3, 51, 3, 52, 3, 53, 3, 54, 3, 56, 0, 0, 0, 0, 0, 0, 85, -55, 3, 0, 30]
I, [2020-12-02T17:52:35.143631 #29339]  INFO -- RuneRb: [[17:52] Pulse completed in 0.001 seconds
I, [2020-12-02T17:52:35.698362 #29339]  INFO -- RuneRb: [[17:52] Decoding frame: [OpCode]: 78 || [Size]: 0 || [Payload]: []
I, [2020-12-02T17:52:35.698535 #29339]  INFO -- RuneRb: [[17:52] Got ping frame 78
I, [2020-12-02T17:52:35.698696 #29339]  INFO -- RuneRb: [[17:52] Decoding frame: [OpCode]: 0 || [Size]: 0 || [Payload]: []
I, [2020-12-02T17:52:35.698788 #29339]  INFO -- RuneRb: [[17:52] Received Heartbeat!
I, [2020-12-02T17:52:35.698895 #29339]  INFO -- RuneRb: [[17:52] Decoding frame: [OpCode]: 45 || [Size]: 0 || [Payload]: []
I, [2020-12-02T17:52:35.698987 #29339]  INFO -- RuneRb: [[17:52] Received Mouse Movement
I, [2020-12-02T17:52:35.744892 #29339]  INFO -- RuneRb: [[17:52] Encoding frame: [OpCode]: 81 || [Size]: 56 || [Payload]: [-128, 31, -4, 16, -51, 1, 0, 6, 26, 0, 0, 18, 55, 12, 23, 0, 0, 1, 76, 1, 50, 1, 67, 1, 80, 0, 3, 2, 2, 5, 5, 3, 40, 3, 55, 3, 51, 3, 52, 3, 53, 3, 54, 3, 56, 0, 0, 0, 0, 0, 0, 85, -55, 3, 0, 30]
I, [2020-12-02T17:52:35.745061 #29339]  INFO -- RuneRb: [[17:52] Pulse completed in 0.0 seconds
I, [2020-12-02T17:52:36.346313 #29339]  INFO -- RuneRb: [[17:52] Encoding frame: [OpCode]: 81 || [Size]: 56 || [Payload]: [-128, 31, -4, 16, -51, 1, 0, 6, 26, 0, 0, 18, 55, 12, 23, 0, 0, 1, 76, 1, 50, 1, 67, 1, 80, 0, 3, 2, 2, 5, 5, 3, 40, 3, 55, 3, 51, 3, 52, 3, 53, 3, 54, 3, 56, 0, 0, 0, 0, 0, 0, 85, -55, 3, 0, 30]
I, [2020-12-02T17:52:36.346495 #29339]  INFO -- RuneRb: [[17:52] Pulse completed in 0.0 seconds
I, [2020-12-02T17:52:36.948238 #29339]  INFO -- RuneRb: [[17:52] Encoding frame: [OpCode]: 81 || [Size]: 56 || [Payload]: [-128, 31, -4, 16, -51, 1, 0, 6, 26, 0, 0, 18, 55, 12, 23, 0, 0, 1, 76, 1, 50, 1, 67, 1, 80, 0, 3, 2, 2, 5, 5, 3, 40, 3, 55, 3, 51, 3, 52, 3, 53, 3, 54, 3, 56, 0, 0, 0, 0, 0, 0, 85, -55, 3, 0, 30]
I, [2020-12-02T17:52:36.948415 #29339]  INFO -- RuneRb: [[17:52] Pulse completed in 0.0 seconds
I, [2020-12-02T17:52:37.549399 #29339]  INFO -- RuneRb: [[17:52] Encoding frame: [OpCode]: 81 || [Size]: 56 || [Payload]: [-128, 31, -4, 16, -51, 1, 0, 6, 26, 0, 0, 18, 55, 12, 23, 0, 0, 1, 76, 1, 50, 1, 67, 1, 80, 0, 3, 2, 2, 5, 5, 3, 40, 3, 55, 3, 51, 3, 52, 3, 53, 3, 54, 3, 56, 0, 0, 0, 0, 0, 0, 85, -55, 3, 0, 30]
I, [2020-12-02T17:52:37.549581 #29339]  INFO -- RuneRb: [[17:52] Pulse completed in 0.0 seconds
I, [2020-12-02T17:52:37.712753 #29339]  INFO -- RuneRb: [[17:52] Decoding frame: [OpCode]: 0 || [Size]: 0 || [Payload]: []
I, [2020-12-02T17:52:37.712921 #29339]  INFO -- RuneRb: [[17:52] Received Heartbeat!
I, [2020-12-02T17:52:37.713053 #29339]  INFO -- RuneRb: [[17:52] Decoding frame: [OpCode]: 45 || [Size]: 0 || [Payload]: []
I, [2020-12-02T17:52:37.713151 #29339]  INFO -- RuneRb: [[17:52] Received Mouse Movement
I, [2020-12-02T17:52:38.150827 #29339]  INFO -- RuneRb: [[17:52] Encoding frame: [OpCode]: 81 || [Size]: 56 || [Payload]: [-128, 31, -4, 16, -51, 1, 0, 6, 26, 0, 0, 18, 55, 12, 23, 0, 0, 1, 76, 1, 50, 1, 67, 1, 80, 0, 3, 2, 2, 5, 5, 3, 40, 3, 55, 3, 51, 3, 52, 3, 53, 3, 54, 3, 56, 0, 0, 0, 0, 0, 0, 85, -55, 3, 0, 30]
I, [2020-12-02T17:52:38.151019 #29339]  INFO -- RuneRb: [[17:52] Pulse completed in 0.0 seconds
I, [2020-12-02T17:52:38.245076 #29339]  INFO -- RuneRb: [[17:52] Decoding frame: [OpCode]: 45 || [Size]: 0 || [Payload]: []
I, [2020-12-02T17:52:38.245260 #29339]  INFO -- RuneRb: [[17:52] Received Mouse Movement
I, [2020-12-02T17:52:38.245370 #29339]  INFO -- RuneRb: [[17:52] Decoding frame: [OpCode]: 241 || [Size]: 0 || [Payload]: []
I, [2020-12-02T17:52:38.245489 #29339]  INFO -- RuneRb: [[17:52] LeftMouse Click at Position: x: 706, y: 1, delay: 0
I, [2020-12-02T17:52:38.752241 #29339]  INFO -- RuneRb: [[17:52] Encoding frame: [OpCode]: 81 || [Size]: 56 || [Payload]: [-128, 31, -4, 16, -51, 1, 0, 6, 26, 0, 0, 18, 55, 12, 23, 0, 0, 1, 76, 1, 50, 1, 67, 1, 80, 0, 3, 2, 2, 5, 5, 3, 40, 3, 55, 3, 51, 3, 52, 3, 53, 3, 54, 3, 56, 0, 0, 0, 0, 0, 0, 85, -55, 3, 0, 30]
I, [2020-12-02T17:52:38.752432 #29339]  INFO -- RuneRb: [[17:52] Pulse completed in 0.0 seconds
I, [2020-12-02T17:52:39.139002 #29339]  INFO -- RuneRb: [[17:52] Decoding frame: [OpCode]: 45 || [Size]: 0 || [Payload]: []
I, [2020-12-02T17:52:39.139215 #29339]  INFO -- RuneRb: [[17:52] Received Mouse Movement
I, [2020-12-02T17:52:39.139319 #29339]  INFO -- RuneRb: [[17:52] Decoding frame: [OpCode]: 241 || [Size]: 0 || [Payload]: []
I, [2020-12-02T17:52:39.139433 #29339]  INFO -- RuneRb: [[17:52] LeftMouse Click at Position: x: 296, y: 0, delay: 0
I, [2020-12-02T17:52:39.353402 #29339]  INFO -- RuneRb: [[17:52] Encoding frame: [OpCode]: 81 || [Size]: 56 || [Payload]: [-128, 31, -4, 16, -51, 1, 0, 6, 26, 0, 0, 18, 55, 12, 23, 0, 0, 1, 76, 1, 50, 1, 67, 1, 80, 0, 3, 2, 2, 5, 5, 3, 40, 3, 55, 3, 51, 3, 52, 3, 53, 3, 54, 3, 56, 0, 0, 0, 0, 0, 0, 85, -55, 3, 0, 30]
I, [2020-12-02T17:52:39.353665 #29339]  INFO -- RuneRb: [[17:52] Pulse completed in 0.001 seconds
I, [2020-12-02T17:52:39.512433 #29339]  INFO -- RuneRb: [[17:52] Decoding frame: [OpCode]: 45 || [Size]: 0 || [Payload]: []
I, [2020-12-02T17:52:39.512630 #29339]  INFO -- RuneRb: [[17:52] Received Mouse Movement
I, [2020-12-02T17:52:39.512738 #29339]  INFO -- RuneRb: [[17:52] Decoding frame: [OpCode]: 241 || [Size]: 0 || [Payload]: []
I, [2020-12-02T17:52:39.512863 #29339]  INFO -- RuneRb: [[17:52] LeftMouse Click at Position: x: 333, y: 3, delay: 0
I, [2020-12-02T17:52:39.954930 #29339]  INFO -- RuneRb: [[17:52] Encoding frame: [OpCode]: 81 || [Size]: 56 || [Payload]: [-128, 31, -4, 16, -51, 1, 0, 6, 26, 0, 0, 18, 55, 12, 23, 0, 0, 1, 76, 1, 50, 1, 67, 1, 80, 0, 3, 2, 2, 5, 5, 3, 40, 3, 55, 3, 51, 3, 52, 3, 53, 3, 54, 3, 56, 0, 0, 0, 0, 0, 0, 85, -55, 3, 0, 30]
I, [2020-12-02T17:52:39.955103 #29339]  INFO -- RuneRb: [[17:52] Pulse completed in 0.0 seconds
I, [2020-12-02T17:52:40.318591 #29339]  INFO -- RuneRb: [[17:52] Decoding frame: [OpCode]: 45 || [Size]: 0 || [Payload]: []
I, [2020-12-02T17:52:40.318776 #29339]  INFO -- RuneRb: [[17:52] Received Mouse Movement
I, [2020-12-02T17:52:40.318889 #29339]  INFO -- RuneRb: [[17:52] Decoding frame: [OpCode]: 241 || [Size]: 0 || [Payload]: []
I, [2020-12-02T17:52:40.319016 #29339]  INFO -- RuneRb: [[17:52] LeftMouse Click at Position: x: 470, y: 2, delay: 0
I, [2020-12-02T17:52:40.556359 #29339]  INFO -- RuneRb: [[17:52] Encoding frame: [OpCode]: 81 || [Size]: 56 || [Payload]: [-128, 31, -4, 16, -51, 1, 0, 6, 26, 0, 0, 18, 55, 12, 23, 0, 0, 1, 76, 1, 50, 1, 67, 1, 80, 0, 3, 2, 2, 5, 5, 3, 40, 3, 55, 3, 51, 3, 52, 3, 53, 3, 54, 3, 56, 0, 0, 0, 0, 0, 0, 85, -55, 3, 0, 30]
I, [2020-12-02T17:52:40.556534 #29339]  INFO -- RuneRb: [[17:52] Pulse completed in 0.0 seconds
I, [2020-12-02T17:52:40.837761 #29339]  INFO -- RuneRb: [[17:52] Decoding frame: [OpCode]: 45 || [Size]: 0 || [Payload]: []
I, [2020-12-02T17:52:40.837920 #29339]  INFO -- RuneRb: [[17:52] Received Mouse Movement
I, [2020-12-02T17:52:40.838026 #29339]  INFO -- RuneRb: [[17:52] Decoding frame: [OpCode]: 241 || [Size]: 0 || [Payload]: []
I, [2020-12-02T17:52:40.838156 #29339]  INFO -- RuneRb: [[17:52] LeftMouse Click at Position: x: 318, y: 4, delay: 0
I, [2020-12-02T17:52:40.838257 #29339]  INFO -- RuneRb: [[17:52] Decoding frame: [OpCode]: 185 || [Size]: 0 || [Payload]: []
I, [2020-12-02T17:52:40.840702 #29339]  INFO -- RuneRb: [[17:52] Encoding frame: [OpCode]: 109 || [Size]: 0 || [Payload]: []
I, [2020-12-02T17:52:40.840870 #29339]  INFO -- RuneRb: [[17:52] Detached from World instance!
I, [2020-12-02T17:52:40.840990 #29339]  INFO -- RuneRb: [[17:52] De-registered Context for Pat
I, [2020-12-02T17:52:40.841105 #29339]  INFO -- RuneRb: [[17:52] See ya, Pat!
I, [2020-12-02T17:52:41.157151 #29339]  INFO -- RuneRb: [[17:52] Pulse completed in 0.0 seconds
